CRITICAL - 2021-05-22 01:04:42 --> include(layout/navbar.php): Failed to open stream: No such file or directory
#0 C:\xampp\htdocs\pemweb\projek-akhir\app\Views\layout\template.php(29): CodeIgniter\Debug\Exceptions->errorHandler(2, 'include(layout/...', 'C:\\xampp\\htdocs...', 29)
#1 C:\xampp\htdocs\pemweb\projek-akhir\app\Views\layout\template.php(29): include()
#2 C:\xampp\htdocs\pemweb\projek-akhir\vendor\codeigniter4\framework\system\View\View.php(220): include('C:\\xampp\\htdocs...')
#3 C:\xampp\htdocs\pemweb\projek-akhir\vendor\codeigniter4\framework\system\View\View.php(222): CodeIgniter\View\View->CodeIgniter\View\{closure}()
#4 C:\xampp\htdocs\pemweb\projek-akhir\vendor\codeigniter4\framework\system\View\View.php(236): CodeIgniter\View\View->render('layout/template', Array, true)
#5 C:\xampp\htdocs\pemweb\projek-akhir\vendor\codeigniter4\framework\system\Common.php(1217): CodeIgniter\View\View->render('admin/index', Array, true)
#6 C:\xampp\htdocs\pemweb\projek-akhir\app\Controllers\Login.php(46): view('admin/index', Array)
#7 C:\xampp\htdocs\pemweb\projek-akhir\vendor\codeigniter4\framework\system\CodeIgniter.php(936): App\Controllers\Login->login_process()
#8 C:\xampp\htdocs\pemweb\projek-akhir\vendor\codeigniter4\framework\system\CodeIgniter.php(432): CodeIgniter\CodeIgniter->runController(Object(App\Controllers\Login))
#9 C:\xampp\htdocs\pemweb\projek-akhir\vendor\codeigniter4\framework\system\CodeIgniter.php(333): CodeIgniter\CodeIgniter->handleRequest(NULL, Object(Config\Cache), false)
#10 C:\xampp\htdocs\pemweb\projek-akhir\public\index.php(44): CodeIgniter\CodeIgniter->run()
#11 C:\xampp\htdocs\pemweb\projek-akhir\vendor\codeigniter4\framework\system\Commands\Server\rewrite.php(45): require_once('C:\\xampp\\htdocs...')
#12 {main}
CRITICAL - 2021-05-22 01:05:12 --> include(layout/footer.php): Failed to open stream: No such file or directory
#0 C:\xampp\htdocs\pemweb\projek-akhir\app\Views\layout\template.php(34): CodeIgniter\Debug\Exceptions->errorHandler(2, 'include(layout/...', 'C:\\xampp\\htdocs...', 34)
#1 C:\xampp\htdocs\pemweb\projek-akhir\app\Views\layout\template.php(34): include()
#2 C:\xampp\htdocs\pemweb\projek-akhir\vendor\codeigniter4\framework\system\View\View.php(220): include('C:\\xampp\\htdocs...')
#3 C:\xampp\htdocs\pemweb\projek-akhir\vendor\codeigniter4\framework\system\View\View.php(222): CodeIgniter\View\View->CodeIgniter\View\{closure}()
#4 C:\xampp\htdocs\pemweb\projek-akhir\vendor\codeigniter4\framework\system\View\View.php(236): CodeIgniter\View\View->render('layout/template', Array, true)
#5 C:\xampp\htdocs\pemweb\projek-akhir\vendor\codeigniter4\framework\system\Common.php(1217): CodeIgniter\View\View->render('admin/index', Array, true)
#6 C:\xampp\htdocs\pemweb\projek-akhir\app\Controllers\Login.php(46): view('admin/index', Array)
#7 C:\xampp\htdocs\pemweb\projek-akhir\vendor\codeigniter4\framework\system\CodeIgniter.php(936): App\Controllers\Login->login_process()
#8 C:\xampp\htdocs\pemweb\projek-akhir\vendor\codeigniter4\framework\system\CodeIgniter.php(432): CodeIgniter\CodeIgniter->runController(Object(App\Controllers\Login))
#9 C:\xampp\htdocs\pemweb\projek-akhir\vendor\codeigniter4\framework\system\CodeIgniter.php(333): CodeIgniter\CodeIgniter->handleRequest(NULL, Object(Config\Cache), false)
#10 C:\xampp\htdocs\pemweb\projek-akhir\public\index.php(44): CodeIgniter\CodeIgniter->run()
#11 C:\xampp\htdocs\pemweb\projek-akhir\vendor\codeigniter4\framework\system\Commands\Server\rewrite.php(45): require_once('C:\\xampp\\htdocs...')
#12 {main}
CRITICAL - 2021-05-22 03:42:21 --> syntax error, unexpected token "[", expecting variable or "{" or "$"
#0 C:\xampp\htdocs\pemweb\projek-akhir\vendor\codeigniter4\framework\system\Router\Router.php(170): CodeIgniter\Router\Router->autoRoute('Penulis/index')
#1 C:\xampp\htdocs\pemweb\projek-akhir\vendor\codeigniter4\framework\system\CodeIgniter.php(816): CodeIgniter\Router\Router->handle('Penulis/index')
#2 C:\xampp\htdocs\pemweb\projek-akhir\vendor\codeigniter4\framework\system\CodeIgniter.php(385): CodeIgniter\CodeIgniter->tryToRouteIt(Object(CodeIgniter\Router\RouteCollection))
#3 C:\xampp\htdocs\pemweb\projek-akhir\vendor\codeigniter4\framework\system\CodeIgniter.php(333): CodeIgniter\CodeIgniter->handleRequest(NULL, Object(Config\Cache), false)
#4 C:\xampp\htdocs\pemweb\projek-akhir\public\index.php(44): CodeIgniter\CodeIgniter->run()
#5 C:\xampp\htdocs\pemweb\projek-akhir\vendor\codeigniter4\framework\system\Commands\Server\rewrite.php(45): require_once('C:\\xampp\\htdocs...')
#6 {main}
CRITICAL - 2021-05-22 04:08:14 --> Array to string conversion
#0 C:\xampp\htdocs\pemweb\projek-akhir\app\Views\penulis\index.php(31): CodeIgniter\Debug\Exceptions->errorHandler(2, 'Array to string...', 'C:\\xampp\\htdocs...', 31)
#1 C:\xampp\htdocs\pemweb\projek-akhir\vendor\codeigniter4\framework\system\View\View.php(220): include('C:\\xampp\\htdocs...')
#2 C:\xampp\htdocs\pemweb\projek-akhir\vendor\codeigniter4\framework\system\View\View.php(222): CodeIgniter\View\View->CodeIgniter\View\{closure}()
#3 C:\xampp\htdocs\pemweb\projek-akhir\vendor\codeigniter4\framework\system\Common.php(1217): CodeIgniter\View\View->render('penulis/index', Array, true)
#4 C:\xampp\htdocs\pemweb\projek-akhir\app\Controllers\Penulis.php(32): view('penulis/index', Array)
#5 C:\xampp\htdocs\pemweb\projek-akhir\vendor\codeigniter4\framework\system\CodeIgniter.php(936): App\Controllers\Penulis->index()
#6 C:\xampp\htdocs\pemweb\projek-akhir\vendor\codeigniter4\framework\system\CodeIgniter.php(432): CodeIgniter\CodeIgniter->runController(Object(App\Controllers\Penulis))
#7 C:\xampp\htdocs\pemweb\projek-akhir\vendor\codeigniter4\framework\system\CodeIgniter.php(333): CodeIgniter\CodeIgniter->handleRequest(NULL, Object(Config\Cache), false)
#8 C:\xampp\htdocs\pemweb\projek-akhir\public\index.php(44): CodeIgniter\CodeIgniter->run()
#9 C:\xampp\htdocs\pemweb\projek-akhir\vendor\codeigniter4\framework\system\Commands\Server\rewrite.php(45): require_once('C:\\xampp\\htdocs...')
#10 {main}
CRITICAL - 2021-05-22 04:10:11 --> Array to string conversion
#0 C:\xampp\htdocs\pemweb\projek-akhir\app\Views\penulis\index.php(31): CodeIgniter\Debug\Exceptions->errorHandler(2, 'Array to string...', 'C:\\xampp\\htdocs...', 31)
#1 C:\xampp\htdocs\pemweb\projek-akhir\vendor\codeigniter4\framework\system\View\View.php(220): include('C:\\xampp\\htdocs...')
#2 C:\xampp\htdocs\pemweb\projek-akhir\vendor\codeigniter4\framework\system\View\View.php(222): CodeIgniter\View\View->CodeIgniter\View\{closure}()
#3 C:\xampp\htdocs\pemweb\projek-akhir\vendor\codeigniter4\framework\system\Common.php(1217): CodeIgniter\View\View->render('penulis/index', Array, true)
#4 C:\xampp\htdocs\pemweb\projek-akhir\app\Controllers\Penulis.php(32): view('penulis/index', Array)
#5 C:\xampp\htdocs\pemweb\projek-akhir\vendor\codeigniter4\framework\system\CodeIgniter.php(936): App\Controllers\Penulis->index()
#6 C:\xampp\htdocs\pemweb\projek-akhir\vendor\codeigniter4\framework\system\CodeIgniter.php(432): CodeIgniter\CodeIgniter->runController(Object(App\Controllers\Penulis))
#7 C:\xampp\htdocs\pemweb\projek-akhir\vendor\codeigniter4\framework\system\CodeIgniter.php(333): CodeIgniter\CodeIgniter->handleRequest(NULL, Object(Config\Cache), false)
#8 C:\xampp\htdocs\pemweb\projek-akhir\public\index.php(44): CodeIgniter\CodeIgniter->run()
#9 C:\xampp\htdocs\pemweb\projek-akhir\vendor\codeigniter4\framework\system\Commands\Server\rewrite.php(45): require_once('C:\\xampp\\htdocs...')
#10 {main}
CRITICAL - 2021-05-22 04:10:26 --> Call to a member function links() on null
#0 C:\xampp\htdocs\pemweb\projek-akhir\vendor\codeigniter4\framework\system\View\View.php(220): include()
#1 C:\xampp\htdocs\pemweb\projek-akhir\vendor\codeigniter4\framework\system\View\View.php(222): CodeIgniter\View\View->CodeIgniter\View\{closure}()
#2 C:\xampp\htdocs\pemweb\projek-akhir\vendor\codeigniter4\framework\system\Common.php(1217): CodeIgniter\View\View->render('penulis/index', Array, true)
#3 C:\xampp\htdocs\pemweb\projek-akhir\app\Controllers\Penulis.php(32): view('penulis/index', Array)
#4 C:\xampp\htdocs\pemweb\projek-akhir\vendor\codeigniter4\framework\system\CodeIgniter.php(936): App\Controllers\Penulis->index()
#5 C:\xampp\htdocs\pemweb\projek-akhir\vendor\codeigniter4\framework\system\CodeIgniter.php(432): CodeIgniter\CodeIgniter->runController(Object(App\Controllers\Penulis))
#6 C:\xampp\htdocs\pemweb\projek-akhir\vendor\codeigniter4\framework\system\CodeIgniter.php(333): CodeIgniter\CodeIgniter->handleRequest(NULL, Object(Config\Cache), false)
#7 C:\xampp\htdocs\pemweb\projek-akhir\public\index.php(44): CodeIgniter\CodeIgniter->run()
#8 C:\xampp\htdocs\pemweb\projek-akhir\vendor\codeigniter4\framework\system\Commands\Server\rewrite.php(45): require_once('C:\\xampp\\htdocs...')
#9 {main}
CRITICAL - 2021-05-22 04:10:47 --> Call to a member function links() on null
#0 C:\xampp\htdocs\pemweb\projek-akhir\vendor\codeigniter4\framework\system\View\View.php(220): include()
#1 C:\xampp\htdocs\pemweb\projek-akhir\vendor\codeigniter4\framework\system\View\View.php(222): CodeIgniter\View\View->CodeIgniter\View\{closure}()
#2 C:\xampp\htdocs\pemweb\projek-akhir\vendor\codeigniter4\framework\system\Common.php(1217): CodeIgniter\View\View->render('penulis/index', Array, true)
#3 C:\xampp\htdocs\pemweb\projek-akhir\app\Controllers\Penulis.php(32): view('penulis/index', Array)
#4 C:\xampp\htdocs\pemweb\projek-akhir\vendor\codeigniter4\framework\system\CodeIgniter.php(936): App\Controllers\Penulis->index()
#5 C:\xampp\htdocs\pemweb\projek-akhir\vendor\codeigniter4\framework\system\CodeIgniter.php(432): CodeIgniter\CodeIgniter->runController(Object(App\Controllers\Penulis))
#6 C:\xampp\htdocs\pemweb\projek-akhir\vendor\codeigniter4\framework\system\CodeIgniter.php(333): CodeIgniter\CodeIgniter->handleRequest(NULL, Object(Config\Cache), false)
#7 C:\xampp\htdocs\pemweb\projek-akhir\public\index.php(44): CodeIgniter\CodeIgniter->run()
#8 C:\xampp\htdocs\pemweb\projek-akhir\vendor\codeigniter4\framework\system\Commands\Server\rewrite.php(45): require_once('C:\\xampp\\htdocs...')
#9 {main}
CRITICAL - 2021-05-22 04:10:47 --> Call to a member function links() on null
#0 C:\xampp\htdocs\pemweb\projek-akhir\vendor\codeigniter4\framework\system\View\View.php(220): include()
#1 C:\xampp\htdocs\pemweb\projek-akhir\vendor\codeigniter4\framework\system\View\View.php(222): CodeIgniter\View\View->CodeIgniter\View\{closure}()
#2 C:\xampp\htdocs\pemweb\projek-akhir\vendor\codeigniter4\framework\system\Common.php(1217): CodeIgniter\View\View->render('penulis/index', Array, true)
#3 C:\xampp\htdocs\pemweb\projek-akhir\app\Controllers\Penulis.php(32): view('penulis/index', Array)
#4 C:\xampp\htdocs\pemweb\projek-akhir\vendor\codeigniter4\framework\system\CodeIgniter.php(936): App\Controllers\Penulis->index()
#5 C:\xampp\htdocs\pemweb\projek-akhir\vendor\codeigniter4\framework\system\CodeIgniter.php(432): CodeIgniter\CodeIgniter->runController(Object(App\Controllers\Penulis))
#6 C:\xampp\htdocs\pemweb\projek-akhir\vendor\codeigniter4\framework\system\CodeIgniter.php(333): CodeIgniter\CodeIgniter->handleRequest(NULL, Object(Config\Cache), false)
#7 C:\xampp\htdocs\pemweb\projek-akhir\public\index.php(44): CodeIgniter\CodeIgniter->run()
#8 C:\xampp\htdocs\pemweb\projek-akhir\vendor\codeigniter4\framework\system\Commands\Server\rewrite.php(45): require_once('C:\\xampp\\htdocs...')
#9 {main}
CRITICAL - 2021-05-22 04:10:58 --> Call to a member function links() on null
#0 C:\xampp\htdocs\pemweb\projek-akhir\vendor\codeigniter4\framework\system\View\View.php(220): include()
#1 C:\xampp\htdocs\pemweb\projek-akhir\vendor\codeigniter4\framework\system\View\View.php(222): CodeIgniter\View\View->CodeIgniter\View\{closure}()
#2 C:\xampp\htdocs\pemweb\projek-akhir\vendor\codeigniter4\framework\system\Common.php(1217): CodeIgniter\View\View->render('penulis/index', Array, true)
#3 C:\xampp\htdocs\pemweb\projek-akhir\app\Controllers\Penulis.php(32): view('penulis/index', Array)
#4 C:\xampp\htdocs\pemweb\projek-akhir\vendor\codeigniter4\framework\system\CodeIgniter.php(936): App\Controllers\Penulis->index()
#5 C:\xampp\htdocs\pemweb\projek-akhir\vendor\codeigniter4\framework\system\CodeIgniter.php(432): CodeIgniter\CodeIgniter->runController(Object(App\Controllers\Penulis))
#6 C:\xampp\htdocs\pemweb\projek-akhir\vendor\codeigniter4\framework\system\CodeIgniter.php(333): CodeIgniter\CodeIgniter->handleRequest(NULL, Object(Config\Cache), false)
#7 C:\xampp\htdocs\pemweb\projek-akhir\public\index.php(44): CodeIgniter\CodeIgniter->run()
#8 C:\xampp\htdocs\pemweb\projek-akhir\vendor\codeigniter4\framework\system\Commands\Server\rewrite.php(45): require_once('C:\\xampp\\htdocs...')
#9 {main}
CRITICAL - 2021-05-22 04:10:59 --> Call to a member function links() on null
#0 C:\xampp\htdocs\pemweb\projek-akhir\vendor\codeigniter4\framework\system\View\View.php(220): include()
#1 C:\xampp\htdocs\pemweb\projek-akhir\vendor\codeigniter4\framework\system\View\View.php(222): CodeIgniter\View\View->CodeIgniter\View\{closure}()
#2 C:\xampp\htdocs\pemweb\projek-akhir\vendor\codeigniter4\framework\system\Common.php(1217): CodeIgniter\View\View->render('penulis/index', Array, true)
#3 C:\xampp\htdocs\pemweb\projek-akhir\app\Controllers\Penulis.php(32): view('penulis/index', Array)
#4 C:\xampp\htdocs\pemweb\projek-akhir\vendor\codeigniter4\framework\system\CodeIgniter.php(936): App\Controllers\Penulis->index()
#5 C:\xampp\htdocs\pemweb\projek-akhir\vendor\codeigniter4\framework\system\CodeIgniter.php(432): CodeIgniter\CodeIgniter->runController(Object(App\Controllers\Penulis))
#6 C:\xampp\htdocs\pemweb\projek-akhir\vendor\codeigniter4\framework\system\CodeIgniter.php(333): CodeIgniter\CodeIgniter->handleRequest(NULL, Object(Config\Cache), false)
#7 C:\xampp\htdocs\pemweb\projek-akhir\public\index.php(44): CodeIgniter\CodeIgniter->run()
#8 C:\xampp\htdocs\pemweb\projek-akhir\vendor\codeigniter4\framework\system\Commands\Server\rewrite.php(45): require_once('C:\\xampp\\htdocs...')
#9 {main}
CRITICAL - 2021-05-22 04:11:14 --> Call to a member function links() on null
#0 C:\xampp\htdocs\pemweb\projek-akhir\vendor\codeigniter4\framework\system\View\View.php(220): include()
#1 C:\xampp\htdocs\pemweb\projek-akhir\vendor\codeigniter4\framework\system\View\View.php(222): CodeIgniter\View\View->CodeIgniter\View\{closure}()
#2 C:\xampp\htdocs\pemweb\projek-akhir\vendor\codeigniter4\framework\system\Common.php(1217): CodeIgniter\View\View->render('penulis/index', Array, true)
#3 C:\xampp\htdocs\pemweb\projek-akhir\app\Controllers\Penulis.php(32): view('penulis/index', Array)
#4 C:\xampp\htdocs\pemweb\projek-akhir\vendor\codeigniter4\framework\system\CodeIgniter.php(936): App\Controllers\Penulis->index()
#5 C:\xampp\htdocs\pemweb\projek-akhir\vendor\codeigniter4\framework\system\CodeIgniter.php(432): CodeIgniter\CodeIgniter->runController(Object(App\Controllers\Penulis))
#6 C:\xampp\htdocs\pemweb\projek-akhir\vendor\codeigniter4\framework\system\CodeIgniter.php(333): CodeIgniter\CodeIgniter->handleRequest(NULL, Object(Config\Cache), false)
#7 C:\xampp\htdocs\pemweb\projek-akhir\public\index.php(44): CodeIgniter\CodeIgniter->run()
#8 C:\xampp\htdocs\pemweb\projek-akhir\vendor\codeigniter4\framework\system\Commands\Server\rewrite.php(45): require_once('C:\\xampp\\htdocs...')
#9 {main}
CRITICAL - 2021-05-22 04:11:15 --> Call to a member function links() on null
#0 C:\xampp\htdocs\pemweb\projek-akhir\vendor\codeigniter4\framework\system\View\View.php(220): include()
#1 C:\xampp\htdocs\pemweb\projek-akhir\vendor\codeigniter4\framework\system\View\View.php(222): CodeIgniter\View\View->CodeIgniter\View\{closure}()
#2 C:\xampp\htdocs\pemweb\projek-akhir\vendor\codeigniter4\framework\system\Common.php(1217): CodeIgniter\View\View->render('penulis/index', Array, true)
#3 C:\xampp\htdocs\pemweb\projek-akhir\app\Controllers\Penulis.php(32): view('penulis/index', Array)
#4 C:\xampp\htdocs\pemweb\projek-akhir\vendor\codeigniter4\framework\system\CodeIgniter.php(936): App\Controllers\Penulis->index()
#5 C:\xampp\htdocs\pemweb\projek-akhir\vendor\codeigniter4\framework\system\CodeIgniter.php(432): CodeIgniter\CodeIgniter->runController(Object(App\Controllers\Penulis))
#6 C:\xampp\htdocs\pemweb\projek-akhir\vendor\codeigniter4\framework\system\CodeIgniter.php(333): CodeIgniter\CodeIgniter->handleRequest(NULL, Object(Config\Cache), false)
#7 C:\xampp\htdocs\pemweb\projek-akhir\public\index.php(44): CodeIgniter\CodeIgniter->run()
#8 C:\xampp\htdocs\pemweb\projek-akhir\vendor\codeigniter4\framework\system\Commands\Server\rewrite.php(45): require_once('C:\\xampp\\htdocs...')
#9 {main}
CRITICAL - 2021-05-22 04:11:26 --> Call to a member function links() on null
#0 C:\xampp\htdocs\pemweb\projek-akhir\vendor\codeigniter4\framework\system\View\View.php(220): include()
#1 C:\xampp\htdocs\pemweb\projek-akhir\vendor\codeigniter4\framework\system\View\View.php(222): CodeIgniter\View\View->CodeIgniter\View\{closure}()
#2 C:\xampp\htdocs\pemweb\projek-akhir\vendor\codeigniter4\framework\system\Common.php(1217): CodeIgniter\View\View->render('penulis/index', Array, true)
#3 C:\xampp\htdocs\pemweb\projek-akhir\app\Controllers\Penulis.php(32): view('penulis/index', Array)
#4 C:\xampp\htdocs\pemweb\projek-akhir\vendor\codeigniter4\framework\system\CodeIgniter.php(936): App\Controllers\Penulis->index()
#5 C:\xampp\htdocs\pemweb\projek-akhir\vendor\codeigniter4\framework\system\CodeIgniter.php(432): CodeIgniter\CodeIgniter->runController(Object(App\Controllers\Penulis))
#6 C:\xampp\htdocs\pemweb\projek-akhir\vendor\codeigniter4\framework\system\CodeIgniter.php(333): CodeIgniter\CodeIgniter->handleRequest(NULL, Object(Config\Cache), false)
#7 C:\xampp\htdocs\pemweb\projek-akhir\public\index.php(44): CodeIgniter\CodeIgniter->run()
#8 C:\xampp\htdocs\pemweb\projek-akhir\vendor\codeigniter4\framework\system\Commands\Server\rewrite.php(45): require_once('C:\\xampp\\htdocs...')
#9 {main}
CRITICAL - 2021-05-22 04:11:31 --> Call to a member function links() on null
#0 C:\xampp\htdocs\pemweb\projek-akhir\vendor\codeigniter4\framework\system\View\View.php(220): include()
#1 C:\xampp\htdocs\pemweb\projek-akhir\vendor\codeigniter4\framework\system\View\View.php(222): CodeIgniter\View\View->CodeIgniter\View\{closure}()
#2 C:\xampp\htdocs\pemweb\projek-akhir\vendor\codeigniter4\framework\system\Common.php(1217): CodeIgniter\View\View->render('penulis/index', Array, true)
#3 C:\xampp\htdocs\pemweb\projek-akhir\app\Controllers\Penulis.php(32): view('penulis/index', Array)
#4 C:\xampp\htdocs\pemweb\projek-akhir\vendor\codeigniter4\framework\system\CodeIgniter.php(936): App\Controllers\Penulis->index()
#5 C:\xampp\htdocs\pemweb\projek-akhir\vendor\codeigniter4\framework\system\CodeIgniter.php(432): CodeIgniter\CodeIgniter->runController(Object(App\Controllers\Penulis))
#6 C:\xampp\htdocs\pemweb\projek-akhir\vendor\codeigniter4\framework\system\CodeIgniter.php(333): CodeIgniter\CodeIgniter->handleRequest(NULL, Object(Config\Cache), false)
#7 C:\xampp\htdocs\pemweb\projek-akhir\public\index.php(44): CodeIgniter\CodeIgniter->run()
#8 C:\xampp\htdocs\pemweb\projek-akhir\vendor\codeigniter4\framework\system\Commands\Server\rewrite.php(45): require_once('C:\\xampp\\htdocs...')
#9 {main}
CRITICAL - 2021-05-22 04:11:32 --> Call to a member function links() on null
#0 C:\xampp\htdocs\pemweb\projek-akhir\vendor\codeigniter4\framework\system\View\View.php(220): include()
#1 C:\xampp\htdocs\pemweb\projek-akhir\vendor\codeigniter4\framework\system\View\View.php(222): CodeIgniter\View\View->CodeIgniter\View\{closure}()
#2 C:\xampp\htdocs\pemweb\projek-akhir\vendor\codeigniter4\framework\system\Common.php(1217): CodeIgniter\View\View->render('penulis/index', Array, true)
#3 C:\xampp\htdocs\pemweb\projek-akhir\app\Controllers\Penulis.php(32): view('penulis/index', Array)
#4 C:\xampp\htdocs\pemweb\projek-akhir\vendor\codeigniter4\framework\system\CodeIgniter.php(936): App\Controllers\Penulis->index()
#5 C:\xampp\htdocs\pemweb\projek-akhir\vendor\codeigniter4\framework\system\CodeIgniter.php(432): CodeIgniter\CodeIgniter->runController(Object(App\Controllers\Penulis))
#6 C:\xampp\htdocs\pemweb\projek-akhir\vendor\codeigniter4\framework\system\CodeIgniter.php(333): CodeIgniter\CodeIgniter->handleRequest(NULL, Object(Config\Cache), false)
#7 C:\xampp\htdocs\pemweb\projek-akhir\public\index.php(44): CodeIgniter\CodeIgniter->run()
#8 C:\xampp\htdocs\pemweb\projek-akhir\vendor\codeigniter4\framework\system\Commands\Server\rewrite.php(45): require_once('C:\\xampp\\htdocs...')
#9 {main}
CRITICAL - 2021-05-22 04:12:36 --> Undefined array key "judul"
#0 C:\xampp\htdocs\pemweb\projek-akhir\app\Views\penulis\index.php(30): CodeIgniter\Debug\Exceptions->errorHandler(2, 'Undefined array...', 'C:\\xampp\\htdocs...', 30)
#1 C:\xampp\htdocs\pemweb\projek-akhir\vendor\codeigniter4\framework\system\View\View.php(220): include('C:\\xampp\\htdocs...')
#2 C:\xampp\htdocs\pemweb\projek-akhir\vendor\codeigniter4\framework\system\View\View.php(222): CodeIgniter\View\View->CodeIgniter\View\{closure}()
#3 C:\xampp\htdocs\pemweb\projek-akhir\vendor\codeigniter4\framework\system\Common.php(1217): CodeIgniter\View\View->render('penulis/index', Array, true)
#4 C:\xampp\htdocs\pemweb\projek-akhir\app\Controllers\Penulis.php(32): view('penulis/index', Array)
#5 C:\xampp\htdocs\pemweb\projek-akhir\vendor\codeigniter4\framework\system\CodeIgniter.php(936): App\Controllers\Penulis->index()
#6 C:\xampp\htdocs\pemweb\projek-akhir\vendor\codeigniter4\framework\system\CodeIgniter.php(432): CodeIgniter\CodeIgniter->runController(Object(App\Controllers\Penulis))
#7 C:\xampp\htdocs\pemweb\projek-akhir\vendor\codeigniter4\framework\system\CodeIgniter.php(333): CodeIgniter\CodeIgniter->handleRequest(NULL, Object(Config\Cache), false)
#8 C:\xampp\htdocs\pemweb\projek-akhir\public\index.php(44): CodeIgniter\CodeIgniter->run()
#9 C:\xampp\htdocs\pemweb\projek-akhir\vendor\codeigniter4\framework\system\Commands\Server\rewrite.php(45): require_once('C:\\xampp\\htdocs...')
#10 {main}
CRITICAL - 2021-05-22 04:14:51 --> Array to string conversion
#0 [internal function]: CodeIgniter\Debug\Exceptions->errorHandler(2, 'Array to string...', 'C:\\xampp\\htdocs...', 32)
#1 C:\xampp\htdocs\pemweb\projek-akhir\app\Models\PenulisModel.php(32): implode(' ', Array)
#2 C:\xampp\htdocs\pemweb\projek-akhir\app\Controllers\Penulis.php(26): App\Models\PenulisModel->getPenulis()
#3 C:\xampp\htdocs\pemweb\projek-akhir\vendor\codeigniter4\framework\system\CodeIgniter.php(936): App\Controllers\Penulis->index()
#4 C:\xampp\htdocs\pemweb\projek-akhir\vendor\codeigniter4\framework\system\CodeIgniter.php(432): CodeIgniter\CodeIgniter->runController(Object(App\Controllers\Penulis))
#5 C:\xampp\htdocs\pemweb\projek-akhir\vendor\codeigniter4\framework\system\CodeIgniter.php(333): CodeIgniter\CodeIgniter->handleRequest(NULL, Object(Config\Cache), false)
#6 C:\xampp\htdocs\pemweb\projek-akhir\public\index.php(44): CodeIgniter\CodeIgniter->run()
#7 C:\xampp\htdocs\pemweb\projek-akhir\vendor\codeigniter4\framework\system\Commands\Server\rewrite.php(45): require_once('C:\\xampp\\htdocs...')
#8 {main}
CRITICAL - 2021-05-22 04:17:02 --> Array to string conversion
#0 [internal function]: CodeIgniter\Debug\Exceptions->errorHandler(2, 'Array to string...', 'C:\\xampp\\htdocs...', 32)
#1 C:\xampp\htdocs\pemweb\projek-akhir\app\Models\PenulisModel.php(32): implode(' ', Array)
#2 C:\xampp\htdocs\pemweb\projek-akhir\app\Controllers\Penulis.php(26): App\Models\PenulisModel->getPenulis()
#3 C:\xampp\htdocs\pemweb\projek-akhir\vendor\codeigniter4\framework\system\CodeIgniter.php(936): App\Controllers\Penulis->index()
#4 C:\xampp\htdocs\pemweb\projek-akhir\vendor\codeigniter4\framework\system\CodeIgniter.php(432): CodeIgniter\CodeIgniter->runController(Object(App\Controllers\Penulis))
#5 C:\xampp\htdocs\pemweb\projek-akhir\vendor\codeigniter4\framework\system\CodeIgniter.php(333): CodeIgniter\CodeIgniter->handleRequest(NULL, Object(Config\Cache), false)
#6 C:\xampp\htdocs\pemweb\projek-akhir\public\index.php(44): CodeIgniter\CodeIgniter->run()
#7 C:\xampp\htdocs\pemweb\projek-akhir\vendor\codeigniter4\framework\system\Commands\Server\rewrite.php(45): require_once('C:\\xampp\\htdocs...')
#8 {main}
CRITICAL - 2021-05-22 04:19:57 --> syntax error, unexpected token "for"
#0 C:\xampp\htdocs\pemweb\projek-akhir\vendor\codeigniter4\framework\system\View\View.php(222): CodeIgniter\View\View->CodeIgniter\View\{closure}()
#1 C:\xampp\htdocs\pemweb\projek-akhir\vendor\codeigniter4\framework\system\Common.php(1217): CodeIgniter\View\View->render('penulis/index', Array, true)
#2 C:\xampp\htdocs\pemweb\projek-akhir\app\Controllers\Penulis.php(32): view('penulis/index', Array)
#3 C:\xampp\htdocs\pemweb\projek-akhir\vendor\codeigniter4\framework\system\CodeIgniter.php(936): App\Controllers\Penulis->index()
#4 C:\xampp\htdocs\pemweb\projek-akhir\vendor\codeigniter4\framework\system\CodeIgniter.php(432): CodeIgniter\CodeIgniter->runController(Object(App\Controllers\Penulis))
#5 C:\xampp\htdocs\pemweb\projek-akhir\vendor\codeigniter4\framework\system\CodeIgniter.php(333): CodeIgniter\CodeIgniter->handleRequest(NULL, Object(Config\Cache), false)
#6 C:\xampp\htdocs\pemweb\projek-akhir\public\index.php(44): CodeIgniter\CodeIgniter->run()
#7 C:\xampp\htdocs\pemweb\projek-akhir\vendor\codeigniter4\framework\system\Commands\Server\rewrite.php(45): require_once('C:\\xampp\\htdocs...')
#8 {main}
CRITICAL - 2021-05-22 04:20:39 --> Undefined array key 0
#0 C:\xampp\htdocs\pemweb\projek-akhir\app\Views\penulis\index.php(31): CodeIgniter\Debug\Exceptions->errorHandler(2, 'Undefined array...', 'C:\\xampp\\htdocs...', 31)
#1 C:\xampp\htdocs\pemweb\projek-akhir\vendor\codeigniter4\framework\system\View\View.php(220): include('C:\\xampp\\htdocs...')
#2 C:\xampp\htdocs\pemweb\projek-akhir\vendor\codeigniter4\framework\system\View\View.php(222): CodeIgniter\View\View->CodeIgniter\View\{closure}()
#3 C:\xampp\htdocs\pemweb\projek-akhir\vendor\codeigniter4\framework\system\Common.php(1217): CodeIgniter\View\View->render('penulis/index', Array, true)
#4 C:\xampp\htdocs\pemweb\projek-akhir\app\Controllers\Penulis.php(32): view('penulis/index', Array)
#5 C:\xampp\htdocs\pemweb\projek-akhir\vendor\codeigniter4\framework\system\CodeIgniter.php(936): App\Controllers\Penulis->index()
#6 C:\xampp\htdocs\pemweb\projek-akhir\vendor\codeigniter4\framework\system\CodeIgniter.php(432): CodeIgniter\CodeIgniter->runController(Object(App\Controllers\Penulis))
#7 C:\xampp\htdocs\pemweb\projek-akhir\vendor\codeigniter4\framework\system\CodeIgniter.php(333): CodeIgniter\CodeIgniter->handleRequest(NULL, Object(Config\Cache), false)
#8 C:\xampp\htdocs\pemweb\projek-akhir\public\index.php(44): CodeIgniter\CodeIgniter->run()
#9 C:\xampp\htdocs\pemweb\projek-akhir\vendor\codeigniter4\framework\system\Commands\Server\rewrite.php(45): require_once('C:\\xampp\\htdocs...')
#10 {main}
CRITICAL - 2021-05-22 04:21:34 --> Undefined array key 0
#0 C:\xampp\htdocs\pemweb\projek-akhir\app\Views\penulis\index.php(30): CodeIgniter\Debug\Exceptions->errorHandler(2, 'Undefined array...', 'C:\\xampp\\htdocs...', 30)
#1 C:\xampp\htdocs\pemweb\projek-akhir\vendor\codeigniter4\framework\system\View\View.php(220): include('C:\\xampp\\htdocs...')
#2 C:\xampp\htdocs\pemweb\projek-akhir\vendor\codeigniter4\framework\system\View\View.php(222): CodeIgniter\View\View->CodeIgniter\View\{closure}()
#3 C:\xampp\htdocs\pemweb\projek-akhir\vendor\codeigniter4\framework\system\Common.php(1217): CodeIgniter\View\View->render('penulis/index', Array, true)
#4 C:\xampp\htdocs\pemweb\projek-akhir\app\Controllers\Penulis.php(32): view('penulis/index', Array)
#5 C:\xampp\htdocs\pemweb\projek-akhir\vendor\codeigniter4\framework\system\CodeIgniter.php(936): App\Controllers\Penulis->index()
#6 C:\xampp\htdocs\pemweb\projek-akhir\vendor\codeigniter4\framework\system\CodeIgniter.php(432): CodeIgniter\CodeIgniter->runController(Object(App\Controllers\Penulis))
#7 C:\xampp\htdocs\pemweb\projek-akhir\vendor\codeigniter4\framework\system\CodeIgniter.php(333): CodeIgniter\CodeIgniter->handleRequest(NULL, Object(Config\Cache), false)
#8 C:\xampp\htdocs\pemweb\projek-akhir\public\index.php(44): CodeIgniter\CodeIgniter->run()
#9 C:\xampp\htdocs\pemweb\projek-akhir\vendor\codeigniter4\framework\system\Commands\Server\rewrite.php(45): require_once('C:\\xampp\\htdocs...')
#10 {main}
CRITICAL - 2021-05-22 04:21:36 --> Undefined array key 0
#0 C:\xampp\htdocs\pemweb\projek-akhir\app\Views\penulis\index.php(30): CodeIgniter\Debug\Exceptions->errorHandler(2, 'Undefined array...', 'C:\\xampp\\htdocs...', 30)
#1 C:\xampp\htdocs\pemweb\projek-akhir\vendor\codeigniter4\framework\system\View\View.php(220): include('C:\\xampp\\htdocs...')
#2 C:\xampp\htdocs\pemweb\projek-akhir\vendor\codeigniter4\framework\system\View\View.php(222): CodeIgniter\View\View->CodeIgniter\View\{closure}()
#3 C:\xampp\htdocs\pemweb\projek-akhir\vendor\codeigniter4\framework\system\Common.php(1217): CodeIgniter\View\View->render('penulis/index', Array, true)
#4 C:\xampp\htdocs\pemweb\projek-akhir\app\Controllers\Penulis.php(32): view('penulis/index', Array)
#5 C:\xampp\htdocs\pemweb\projek-akhir\vendor\codeigniter4\framework\system\CodeIgniter.php(936): App\Controllers\Penulis->index()
#6 C:\xampp\htdocs\pemweb\projek-akhir\vendor\codeigniter4\framework\system\CodeIgniter.php(432): CodeIgniter\CodeIgniter->runController(Object(App\Controllers\Penulis))
#7 C:\xampp\htdocs\pemweb\projek-akhir\vendor\codeigniter4\framework\system\CodeIgniter.php(333): CodeIgniter\CodeIgniter->handleRequest(NULL, Object(Config\Cache), false)
#8 C:\xampp\htdocs\pemweb\projek-akhir\public\index.php(44): CodeIgniter\CodeIgniter->run()
#9 C:\xampp\htdocs\pemweb\projek-akhir\vendor\codeigniter4\framework\system\Commands\Server\rewrite.php(45): require_once('C:\\xampp\\htdocs...')
#10 {main}
CRITICAL - 2021-05-22 04:21:42 --> Array to string conversion
#0 C:\xampp\htdocs\pemweb\projek-akhir\app\Views\penulis\index.php(31): CodeIgniter\Debug\Exceptions->errorHandler(2, 'Array to string...', 'C:\\xampp\\htdocs...', 31)
#1 C:\xampp\htdocs\pemweb\projek-akhir\vendor\codeigniter4\framework\system\View\View.php(220): include('C:\\xampp\\htdocs...')
#2 C:\xampp\htdocs\pemweb\projek-akhir\vendor\codeigniter4\framework\system\View\View.php(222): CodeIgniter\View\View->CodeIgniter\View\{closure}()
#3 C:\xampp\htdocs\pemweb\projek-akhir\vendor\codeigniter4\framework\system\Common.php(1217): CodeIgniter\View\View->render('penulis/index', Array, true)
#4 C:\xampp\htdocs\pemweb\projek-akhir\app\Controllers\Penulis.php(32): view('penulis/index', Array)
#5 C:\xampp\htdocs\pemweb\projek-akhir\vendor\codeigniter4\framework\system\CodeIgniter.php(936): App\Controllers\Penulis->index()
#6 C:\xampp\htdocs\pemweb\projek-akhir\vendor\codeigniter4\framework\system\CodeIgniter.php(432): CodeIgniter\CodeIgniter->runController(Object(App\Controllers\Penulis))
#7 C:\xampp\htdocs\pemweb\projek-akhir\vendor\codeigniter4\framework\system\CodeIgniter.php(333): CodeIgniter\CodeIgniter->handleRequest(NULL, Object(Config\Cache), false)
#8 C:\xampp\htdocs\pemweb\projek-akhir\public\index.php(44): CodeIgniter\CodeIgniter->run()
#9 C:\xampp\htdocs\pemweb\projek-akhir\vendor\codeigniter4\framework\system\Commands\Server\rewrite.php(45): require_once('C:\\xampp\\htdocs...')
#10 {main}
CRITICAL - 2021-05-22 04:21:43 --> Array to string conversion
#0 C:\xampp\htdocs\pemweb\projek-akhir\app\Views\penulis\index.php(31): CodeIgniter\Debug\Exceptions->errorHandler(2, 'Array to string...', 'C:\\xampp\\htdocs...', 31)
#1 C:\xampp\htdocs\pemweb\projek-akhir\vendor\codeigniter4\framework\system\View\View.php(220): include('C:\\xampp\\htdocs...')
#2 C:\xampp\htdocs\pemweb\projek-akhir\vendor\codeigniter4\framework\system\View\View.php(222): CodeIgniter\View\View->CodeIgniter\View\{closure}()
#3 C:\xampp\htdocs\pemweb\projek-akhir\vendor\codeigniter4\framework\system\Common.php(1217): CodeIgniter\View\View->render('penulis/index', Array, true)
#4 C:\xampp\htdocs\pemweb\projek-akhir\app\Controllers\Penulis.php(32): view('penulis/index', Array)
#5 C:\xampp\htdocs\pemweb\projek-akhir\vendor\codeigniter4\framework\system\CodeIgniter.php(936): App\Controllers\Penulis->index()
#6 C:\xampp\htdocs\pemweb\projek-akhir\vendor\codeigniter4\framework\system\CodeIgniter.php(432): CodeIgniter\CodeIgniter->runController(Object(App\Controllers\Penulis))
#7 C:\xampp\htdocs\pemweb\projek-akhir\vendor\codeigniter4\framework\system\CodeIgniter.php(333): CodeIgniter\CodeIgniter->handleRequest(NULL, Object(Config\Cache), false)
#8 C:\xampp\htdocs\pemweb\projek-akhir\public\index.php(44): CodeIgniter\CodeIgniter->run()
#9 C:\xampp\htdocs\pemweb\projek-akhir\vendor\codeigniter4\framework\system\Commands\Server\rewrite.php(45): require_once('C:\\xampp\\htdocs...')
#10 {main}
CRITICAL - 2021-05-22 04:23:03 --> Call to a member function paginate() on array
#0 C:\xampp\htdocs\pemweb\projek-akhir\vendor\codeigniter4\framework\system\CodeIgniter.php(936): App\Controllers\Penulis->index()
#1 C:\xampp\htdocs\pemweb\projek-akhir\vendor\codeigniter4\framework\system\CodeIgniter.php(432): CodeIgniter\CodeIgniter->runController(Object(App\Controllers\Penulis))
#2 C:\xampp\htdocs\pemweb\projek-akhir\vendor\codeigniter4\framework\system\CodeIgniter.php(333): CodeIgniter\CodeIgniter->handleRequest(NULL, Object(Config\Cache), false)
#3 C:\xampp\htdocs\pemweb\projek-akhir\public\index.php(44): CodeIgniter\CodeIgniter->run()
#4 C:\xampp\htdocs\pemweb\projek-akhir\vendor\codeigniter4\framework\system\Commands\Server\rewrite.php(45): require_once('C:\\xampp\\htdocs...')
#5 {main}
CRITICAL - 2021-05-22 04:26:15 --> Call to a member function getPenulis() on array
#0 C:\xampp\htdocs\pemweb\projek-akhir\vendor\codeigniter4\framework\system\CodeIgniter.php(936): App\Controllers\Penulis->index()
#1 C:\xampp\htdocs\pemweb\projek-akhir\vendor\codeigniter4\framework\system\CodeIgniter.php(432): CodeIgniter\CodeIgniter->runController(Object(App\Controllers\Penulis))
#2 C:\xampp\htdocs\pemweb\projek-akhir\vendor\codeigniter4\framework\system\CodeIgniter.php(333): CodeIgniter\CodeIgniter->handleRequest(NULL, Object(Config\Cache), false)
#3 C:\xampp\htdocs\pemweb\projek-akhir\public\index.php(44): CodeIgniter\CodeIgniter->run()
#4 C:\xampp\htdocs\pemweb\projek-akhir\vendor\codeigniter4\framework\system\Commands\Server\rewrite.php(45): require_once('C:\\xampp\\htdocs...')
#5 {main}
