CRITICAL - 2021-05-17 05:21:01 --> Undefined variable $i
#0 C:\xampp\htdocs\pemweb\projek-akhir\app\Views\buku\listBuku.php(18): CodeIgniter\Debug\Exceptions->errorHandler(2, 'Undefined varia...', 'C:\\xampp\\htdocs...', 18)
#1 C:\xampp\htdocs\pemweb\projek-akhir\vendor\codeigniter4\framework\system\View\View.php(220): include('C:\\xampp\\htdocs...')
#2 C:\xampp\htdocs\pemweb\projek-akhir\vendor\codeigniter4\framework\system\View\View.php(222): CodeIgniter\View\View->CodeIgniter\View\{closure}()
#3 C:\xampp\htdocs\pemweb\projek-akhir\vendor\codeigniter4\framework\system\Common.php(1217): CodeIgniter\View\View->render('buku/listBuku', Array, true)
#4 C:\xampp\htdocs\pemweb\projek-akhir\app\Controllers\Buku.php(22): view('buku/listBuku', Array)
#5 C:\xampp\htdocs\pemweb\projek-akhir\vendor\codeigniter4\framework\system\CodeIgniter.php(936): App\Controllers\Buku->showData()
#6 C:\xampp\htdocs\pemweb\projek-akhir\vendor\codeigniter4\framework\system\CodeIgniter.php(432): CodeIgniter\CodeIgniter->runController(Object(App\Controllers\Buku))
#7 C:\xampp\htdocs\pemweb\projek-akhir\vendor\codeigniter4\framework\system\CodeIgniter.php(333): CodeIgniter\CodeIgniter->handleRequest(NULL, Object(Config\Cache), false)
#8 C:\xampp\htdocs\pemweb\projek-akhir\public\index.php(44): CodeIgniter\CodeIgniter->run()
#9 C:\xampp\htdocs\pemweb\projek-akhir\vendor\codeigniter4\framework\system\Commands\Server\rewrite.php(45): require_once('C:\\xampp\\htdocs...')
#10 {main}
CRITICAL - 2021-05-17 05:21:58 --> Undefined variable $i
#0 C:\xampp\htdocs\pemweb\projek-akhir\app\Views\buku\listBuku.php(18): CodeIgniter\Debug\Exceptions->errorHandler(2, 'Undefined varia...', 'C:\\xampp\\htdocs...', 18)
#1 C:\xampp\htdocs\pemweb\projek-akhir\vendor\codeigniter4\framework\system\View\View.php(220): include('C:\\xampp\\htdocs...')
#2 C:\xampp\htdocs\pemweb\projek-akhir\vendor\codeigniter4\framework\system\View\View.php(222): CodeIgniter\View\View->CodeIgniter\View\{closure}()
#3 C:\xampp\htdocs\pemweb\projek-akhir\vendor\codeigniter4\framework\system\Common.php(1217): CodeIgniter\View\View->render('buku/listBuku', Array, true)
#4 C:\xampp\htdocs\pemweb\projek-akhir\app\Controllers\Buku.php(22): view('buku/listBuku', Array)
#5 C:\xampp\htdocs\pemweb\projek-akhir\vendor\codeigniter4\framework\system\CodeIgniter.php(936): App\Controllers\Buku->showData()
#6 C:\xampp\htdocs\pemweb\projek-akhir\vendor\codeigniter4\framework\system\CodeIgniter.php(432): CodeIgniter\CodeIgniter->runController(Object(App\Controllers\Buku))
#7 C:\xampp\htdocs\pemweb\projek-akhir\vendor\codeigniter4\framework\system\CodeIgniter.php(333): CodeIgniter\CodeIgniter->handleRequest(NULL, Object(Config\Cache), false)
#8 C:\xampp\htdocs\pemweb\projek-akhir\public\index.php(44): CodeIgniter\CodeIgniter->run()
#9 C:\xampp\htdocs\pemweb\projek-akhir\vendor\codeigniter4\framework\system\Commands\Server\rewrite.php(45): require_once('C:\\xampp\\htdocs...')
#10 {main}
CRITICAL - 2021-05-17 05:22:33 --> Undefined variable $i
#0 C:\xampp\htdocs\pemweb\projek-akhir\app\Views\buku\listBuku.php(19): CodeIgniter\Debug\Exceptions->errorHandler(2, 'Undefined varia...', 'C:\\xampp\\htdocs...', 19)
#1 C:\xampp\htdocs\pemweb\projek-akhir\vendor\codeigniter4\framework\system\View\View.php(220): include('C:\\xampp\\htdocs...')
#2 C:\xampp\htdocs\pemweb\projek-akhir\vendor\codeigniter4\framework\system\View\View.php(222): CodeIgniter\View\View->CodeIgniter\View\{closure}()
#3 C:\xampp\htdocs\pemweb\projek-akhir\vendor\codeigniter4\framework\system\Common.php(1217): CodeIgniter\View\View->render('buku/listBuku', Array, true)
#4 C:\xampp\htdocs\pemweb\projek-akhir\app\Controllers\Buku.php(22): view('buku/listBuku', Array)
#5 C:\xampp\htdocs\pemweb\projek-akhir\vendor\codeigniter4\framework\system\CodeIgniter.php(936): App\Controllers\Buku->showData()
#6 C:\xampp\htdocs\pemweb\projek-akhir\vendor\codeigniter4\framework\system\CodeIgniter.php(432): CodeIgniter\CodeIgniter->runController(Object(App\Controllers\Buku))
#7 C:\xampp\htdocs\pemweb\projek-akhir\vendor\codeigniter4\framework\system\CodeIgniter.php(333): CodeIgniter\CodeIgniter->handleRequest(NULL, Object(Config\Cache), false)
#8 C:\xampp\htdocs\pemweb\projek-akhir\public\index.php(44): CodeIgniter\CodeIgniter->run()
#9 C:\xampp\htdocs\pemweb\projek-akhir\vendor\codeigniter4\framework\system\Commands\Server\rewrite.php(45): require_once('C:\\xampp\\htdocs...')
#10 {main}
CRITICAL - 2021-05-17 05:22:34 --> Undefined variable $i
#0 C:\xampp\htdocs\pemweb\projek-akhir\app\Views\buku\listBuku.php(19): CodeIgniter\Debug\Exceptions->errorHandler(2, 'Undefined varia...', 'C:\\xampp\\htdocs...', 19)
#1 C:\xampp\htdocs\pemweb\projek-akhir\vendor\codeigniter4\framework\system\View\View.php(220): include('C:\\xampp\\htdocs...')
#2 C:\xampp\htdocs\pemweb\projek-akhir\vendor\codeigniter4\framework\system\View\View.php(222): CodeIgniter\View\View->CodeIgniter\View\{closure}()
#3 C:\xampp\htdocs\pemweb\projek-akhir\vendor\codeigniter4\framework\system\Common.php(1217): CodeIgniter\View\View->render('buku/listBuku', Array, true)
#4 C:\xampp\htdocs\pemweb\projek-akhir\app\Controllers\Buku.php(22): view('buku/listBuku', Array)
#5 C:\xampp\htdocs\pemweb\projek-akhir\vendor\codeigniter4\framework\system\CodeIgniter.php(936): App\Controllers\Buku->showData()
#6 C:\xampp\htdocs\pemweb\projek-akhir\vendor\codeigniter4\framework\system\CodeIgniter.php(432): CodeIgniter\CodeIgniter->runController(Object(App\Controllers\Buku))
#7 C:\xampp\htdocs\pemweb\projek-akhir\vendor\codeigniter4\framework\system\CodeIgniter.php(333): CodeIgniter\CodeIgniter->handleRequest(NULL, Object(Config\Cache), false)
#8 C:\xampp\htdocs\pemweb\projek-akhir\public\index.php(44): CodeIgniter\CodeIgniter->run()
#9 C:\xampp\htdocs\pemweb\projek-akhir\vendor\codeigniter4\framework\system\Commands\Server\rewrite.php(45): require_once('C:\\xampp\\htdocs...')
#10 {main}
CRITICAL - 2021-05-17 05:22:35 --> Undefined variable $i
#0 C:\xampp\htdocs\pemweb\projek-akhir\app\Views\buku\listBuku.php(19): CodeIgniter\Debug\Exceptions->errorHandler(2, 'Undefined varia...', 'C:\\xampp\\htdocs...', 19)
#1 C:\xampp\htdocs\pemweb\projek-akhir\vendor\codeigniter4\framework\system\View\View.php(220): include('C:\\xampp\\htdocs...')
#2 C:\xampp\htdocs\pemweb\projek-akhir\vendor\codeigniter4\framework\system\View\View.php(222): CodeIgniter\View\View->CodeIgniter\View\{closure}()
#3 C:\xampp\htdocs\pemweb\projek-akhir\vendor\codeigniter4\framework\system\Common.php(1217): CodeIgniter\View\View->render('buku/listBuku', Array, true)
#4 C:\xampp\htdocs\pemweb\projek-akhir\app\Controllers\Buku.php(22): view('buku/listBuku', Array)
#5 C:\xampp\htdocs\pemweb\projek-akhir\vendor\codeigniter4\framework\system\CodeIgniter.php(936): App\Controllers\Buku->showData()
#6 C:\xampp\htdocs\pemweb\projek-akhir\vendor\codeigniter4\framework\system\CodeIgniter.php(432): CodeIgniter\CodeIgniter->runController(Object(App\Controllers\Buku))
#7 C:\xampp\htdocs\pemweb\projek-akhir\vendor\codeigniter4\framework\system\CodeIgniter.php(333): CodeIgniter\CodeIgniter->handleRequest(NULL, Object(Config\Cache), false)
#8 C:\xampp\htdocs\pemweb\projek-akhir\public\index.php(44): CodeIgniter\CodeIgniter->run()
#9 C:\xampp\htdocs\pemweb\projek-akhir\vendor\codeigniter4\framework\system\Commands\Server\rewrite.php(45): require_once('C:\\xampp\\htdocs...')
#10 {main}
CRITICAL - 2021-05-17 05:23:32 --> Undefined variable $row
#0 C:\xampp\htdocs\pemweb\projek-akhir\app\Views\buku\listBuku.php(20): CodeIgniter\Debug\Exceptions->errorHandler(2, 'Undefined varia...', 'C:\\xampp\\htdocs...', 20)
#1 C:\xampp\htdocs\pemweb\projek-akhir\vendor\codeigniter4\framework\system\View\View.php(220): include('C:\\xampp\\htdocs...')
#2 C:\xampp\htdocs\pemweb\projek-akhir\vendor\codeigniter4\framework\system\View\View.php(222): CodeIgniter\View\View->CodeIgniter\View\{closure}()
#3 C:\xampp\htdocs\pemweb\projek-akhir\vendor\codeigniter4\framework\system\Common.php(1217): CodeIgniter\View\View->render('buku/listBuku', Array, true)
#4 C:\xampp\htdocs\pemweb\projek-akhir\app\Controllers\Buku.php(22): view('buku/listBuku', Array)
#5 C:\xampp\htdocs\pemweb\projek-akhir\vendor\codeigniter4\framework\system\CodeIgniter.php(936): App\Controllers\Buku->showData()
#6 C:\xampp\htdocs\pemweb\projek-akhir\vendor\codeigniter4\framework\system\CodeIgniter.php(432): CodeIgniter\CodeIgniter->runController(Object(App\Controllers\Buku))
#7 C:\xampp\htdocs\pemweb\projek-akhir\vendor\codeigniter4\framework\system\CodeIgniter.php(333): CodeIgniter\CodeIgniter->handleRequest(NULL, Object(Config\Cache), false)
#8 C:\xampp\htdocs\pemweb\projek-akhir\public\index.php(44): CodeIgniter\CodeIgniter->run()
#9 C:\xampp\htdocs\pemweb\projek-akhir\vendor\codeigniter4\framework\system\Commands\Server\rewrite.php(45): require_once('C:\\xampp\\htdocs...')
#10 {main}
CRITICAL - 2021-05-17 06:05:03 --> Undefined variable $row
#0 C:\xampp\htdocs\pemweb\projek-akhir\app\Views\buku\listBuku.php(21): CodeIgniter\Debug\Exceptions->errorHandler(2, 'Undefined varia...', 'C:\\xampp\\htdocs...', 21)
#1 C:\xampp\htdocs\pemweb\projek-akhir\vendor\codeigniter4\framework\system\View\View.php(220): include('C:\\xampp\\htdocs...')
#2 C:\xampp\htdocs\pemweb\projek-akhir\vendor\codeigniter4\framework\system\View\View.php(222): CodeIgniter\View\View->CodeIgniter\View\{closure}()
#3 C:\xampp\htdocs\pemweb\projek-akhir\vendor\codeigniter4\framework\system\Common.php(1217): CodeIgniter\View\View->render('buku/listBuku', Array, true)
#4 C:\xampp\htdocs\pemweb\projek-akhir\app\Controllers\Buku.php(22): view('buku/listBuku', Array)
#5 C:\xampp\htdocs\pemweb\projek-akhir\vendor\codeigniter4\framework\system\CodeIgniter.php(936): App\Controllers\Buku->showData()
#6 C:\xampp\htdocs\pemweb\projek-akhir\vendor\codeigniter4\framework\system\CodeIgniter.php(432): CodeIgniter\CodeIgniter->runController(Object(App\Controllers\Buku))
#7 C:\xampp\htdocs\pemweb\projek-akhir\vendor\codeigniter4\framework\system\CodeIgniter.php(333): CodeIgniter\CodeIgniter->handleRequest(NULL, Object(Config\Cache), false)
#8 C:\xampp\htdocs\pemweb\projek-akhir\public\index.php(44): CodeIgniter\CodeIgniter->run()
#9 C:\xampp\htdocs\pemweb\projek-akhir\vendor\codeigniter4\framework\system\Commands\Server\rewrite.php(45): require_once('C:\\xampp\\htdocs...')
#10 {main}
CRITICAL - 2021-05-17 06:05:04 --> Undefined variable $row
#0 C:\xampp\htdocs\pemweb\projek-akhir\app\Views\buku\listBuku.php(21): CodeIgniter\Debug\Exceptions->errorHandler(2, 'Undefined varia...', 'C:\\xampp\\htdocs...', 21)
#1 C:\xampp\htdocs\pemweb\projek-akhir\vendor\codeigniter4\framework\system\View\View.php(220): include('C:\\xampp\\htdocs...')
#2 C:\xampp\htdocs\pemweb\projek-akhir\vendor\codeigniter4\framework\system\View\View.php(222): CodeIgniter\View\View->CodeIgniter\View\{closure}()
#3 C:\xampp\htdocs\pemweb\projek-akhir\vendor\codeigniter4\framework\system\Common.php(1217): CodeIgniter\View\View->render('buku/listBuku', Array, true)
#4 C:\xampp\htdocs\pemweb\projek-akhir\app\Controllers\Buku.php(22): view('buku/listBuku', Array)
#5 C:\xampp\htdocs\pemweb\projek-akhir\vendor\codeigniter4\framework\system\CodeIgniter.php(936): App\Controllers\Buku->showData()
#6 C:\xampp\htdocs\pemweb\projek-akhir\vendor\codeigniter4\framework\system\CodeIgniter.php(432): CodeIgniter\CodeIgniter->runController(Object(App\Controllers\Buku))
#7 C:\xampp\htdocs\pemweb\projek-akhir\vendor\codeigniter4\framework\system\CodeIgniter.php(333): CodeIgniter\CodeIgniter->handleRequest(NULL, Object(Config\Cache), false)
#8 C:\xampp\htdocs\pemweb\projek-akhir\public\index.php(44): CodeIgniter\CodeIgniter->run()
#9 C:\xampp\htdocs\pemweb\projek-akhir\vendor\codeigniter4\framework\system\Commands\Server\rewrite.php(45): require_once('C:\\xampp\\htdocs...')
#10 {main}
CRITICAL - 2021-05-17 06:05:05 --> Undefined variable $row
#0 C:\xampp\htdocs\pemweb\projek-akhir\app\Views\buku\listBuku.php(21): CodeIgniter\Debug\Exceptions->errorHandler(2, 'Undefined varia...', 'C:\\xampp\\htdocs...', 21)
#1 C:\xampp\htdocs\pemweb\projek-akhir\vendor\codeigniter4\framework\system\View\View.php(220): include('C:\\xampp\\htdocs...')
#2 C:\xampp\htdocs\pemweb\projek-akhir\vendor\codeigniter4\framework\system\View\View.php(222): CodeIgniter\View\View->CodeIgniter\View\{closure}()
#3 C:\xampp\htdocs\pemweb\projek-akhir\vendor\codeigniter4\framework\system\Common.php(1217): CodeIgniter\View\View->render('buku/listBuku', Array, true)
#4 C:\xampp\htdocs\pemweb\projek-akhir\app\Controllers\Buku.php(22): view('buku/listBuku', Array)
#5 C:\xampp\htdocs\pemweb\projek-akhir\vendor\codeigniter4\framework\system\CodeIgniter.php(936): App\Controllers\Buku->showData()
#6 C:\xampp\htdocs\pemweb\projek-akhir\vendor\codeigniter4\framework\system\CodeIgniter.php(432): CodeIgniter\CodeIgniter->runController(Object(App\Controllers\Buku))
#7 C:\xampp\htdocs\pemweb\projek-akhir\vendor\codeigniter4\framework\system\CodeIgniter.php(333): CodeIgniter\CodeIgniter->handleRequest(NULL, Object(Config\Cache), false)
#8 C:\xampp\htdocs\pemweb\projek-akhir\public\index.php(44): CodeIgniter\CodeIgniter->run()
#9 C:\xampp\htdocs\pemweb\projek-akhir\vendor\codeigniter4\framework\system\Commands\Server\rewrite.php(45): require_once('C:\\xampp\\htdocs...')
#10 {main}
CRITICAL - 2021-05-17 06:05:23 --> Undefined variable $row
#0 C:\xampp\htdocs\pemweb\projek-akhir\app\Views\buku\listBuku.php(21): CodeIgniter\Debug\Exceptions->errorHandler(2, 'Undefined varia...', 'C:\\xampp\\htdocs...', 21)
#1 C:\xampp\htdocs\pemweb\projek-akhir\vendor\codeigniter4\framework\system\View\View.php(220): include('C:\\xampp\\htdocs...')
#2 C:\xampp\htdocs\pemweb\projek-akhir\vendor\codeigniter4\framework\system\View\View.php(222): CodeIgniter\View\View->CodeIgniter\View\{closure}()
#3 C:\xampp\htdocs\pemweb\projek-akhir\vendor\codeigniter4\framework\system\Common.php(1217): CodeIgniter\View\View->render('buku/listBuku', Array, true)
#4 C:\xampp\htdocs\pemweb\projek-akhir\app\Controllers\Buku.php(22): view('buku/listBuku', Array)
#5 C:\xampp\htdocs\pemweb\projek-akhir\vendor\codeigniter4\framework\system\CodeIgniter.php(936): App\Controllers\Buku->showData()
#6 C:\xampp\htdocs\pemweb\projek-akhir\vendor\codeigniter4\framework\system\CodeIgniter.php(432): CodeIgniter\CodeIgniter->runController(Object(App\Controllers\Buku))
#7 C:\xampp\htdocs\pemweb\projek-akhir\vendor\codeigniter4\framework\system\CodeIgniter.php(333): CodeIgniter\CodeIgniter->handleRequest(NULL, Object(Config\Cache), false)
#8 C:\xampp\htdocs\pemweb\projek-akhir\public\index.php(44): CodeIgniter\CodeIgniter->run()
#9 C:\xampp\htdocs\pemweb\projek-akhir\vendor\codeigniter4\framework\system\Commands\Server\rewrite.php(45): require_once('C:\\xampp\\htdocs...')
#10 {main}
CRITICAL - 2021-05-17 06:05:25 --> Undefined variable $row
#0 C:\xampp\htdocs\pemweb\projek-akhir\app\Views\buku\listBuku.php(21): CodeIgniter\Debug\Exceptions->errorHandler(2, 'Undefined varia...', 'C:\\xampp\\htdocs...', 21)
#1 C:\xampp\htdocs\pemweb\projek-akhir\vendor\codeigniter4\framework\system\View\View.php(220): include('C:\\xampp\\htdocs...')
#2 C:\xampp\htdocs\pemweb\projek-akhir\vendor\codeigniter4\framework\system\View\View.php(222): CodeIgniter\View\View->CodeIgniter\View\{closure}()
#3 C:\xampp\htdocs\pemweb\projek-akhir\vendor\codeigniter4\framework\system\Common.php(1217): CodeIgniter\View\View->render('buku/listBuku', Array, true)
#4 C:\xampp\htdocs\pemweb\projek-akhir\app\Controllers\Buku.php(22): view('buku/listBuku', Array)
#5 C:\xampp\htdocs\pemweb\projek-akhir\vendor\codeigniter4\framework\system\CodeIgniter.php(936): App\Controllers\Buku->showData()
#6 C:\xampp\htdocs\pemweb\projek-akhir\vendor\codeigniter4\framework\system\CodeIgniter.php(432): CodeIgniter\CodeIgniter->runController(Object(App\Controllers\Buku))
#7 C:\xampp\htdocs\pemweb\projek-akhir\vendor\codeigniter4\framework\system\CodeIgniter.php(333): CodeIgniter\CodeIgniter->handleRequest(NULL, Object(Config\Cache), false)
#8 C:\xampp\htdocs\pemweb\projek-akhir\public\index.php(44): CodeIgniter\CodeIgniter->run()
#9 C:\xampp\htdocs\pemweb\projek-akhir\vendor\codeigniter4\framework\system\Commands\Server\rewrite.php(45): require_once('C:\\xampp\\htdocs...')
#10 {main}
CRITICAL - 2021-05-17 06:05:26 --> Undefined variable $row
#0 C:\xampp\htdocs\pemweb\projek-akhir\app\Views\buku\listBuku.php(21): CodeIgniter\Debug\Exceptions->errorHandler(2, 'Undefined varia...', 'C:\\xampp\\htdocs...', 21)
#1 C:\xampp\htdocs\pemweb\projek-akhir\vendor\codeigniter4\framework\system\View\View.php(220): include('C:\\xampp\\htdocs...')
#2 C:\xampp\htdocs\pemweb\projek-akhir\vendor\codeigniter4\framework\system\View\View.php(222): CodeIgniter\View\View->CodeIgniter\View\{closure}()
#3 C:\xampp\htdocs\pemweb\projek-akhir\vendor\codeigniter4\framework\system\Common.php(1217): CodeIgniter\View\View->render('buku/listBuku', Array, true)
#4 C:\xampp\htdocs\pemweb\projek-akhir\app\Controllers\Buku.php(22): view('buku/listBuku', Array)
#5 C:\xampp\htdocs\pemweb\projek-akhir\vendor\codeigniter4\framework\system\CodeIgniter.php(936): App\Controllers\Buku->showData()
#6 C:\xampp\htdocs\pemweb\projek-akhir\vendor\codeigniter4\framework\system\CodeIgniter.php(432): CodeIgniter\CodeIgniter->runController(Object(App\Controllers\Buku))
#7 C:\xampp\htdocs\pemweb\projek-akhir\vendor\codeigniter4\framework\system\CodeIgniter.php(333): CodeIgniter\CodeIgniter->handleRequest(NULL, Object(Config\Cache), false)
#8 C:\xampp\htdocs\pemweb\projek-akhir\public\index.php(44): CodeIgniter\CodeIgniter->run()
#9 C:\xampp\htdocs\pemweb\projek-akhir\vendor\codeigniter4\framework\system\Commands\Server\rewrite.php(45): require_once('C:\\xampp\\htdocs...')
#10 {main}
CRITICAL - 2021-05-17 06:05:48 --> syntax error, unexpected token ";"
#0 C:\xampp\htdocs\pemweb\projek-akhir\vendor\codeigniter4\framework\system\View\View.php(222): CodeIgniter\View\View->CodeIgniter\View\{closure}()
#1 C:\xampp\htdocs\pemweb\projek-akhir\vendor\codeigniter4\framework\system\Common.php(1217): CodeIgniter\View\View->render('buku/listBuku', Array, true)
#2 C:\xampp\htdocs\pemweb\projek-akhir\app\Controllers\Buku.php(22): view('buku/listBuku', Array)
#3 C:\xampp\htdocs\pemweb\projek-akhir\vendor\codeigniter4\framework\system\CodeIgniter.php(936): App\Controllers\Buku->showData()
#4 C:\xampp\htdocs\pemweb\projek-akhir\vendor\codeigniter4\framework\system\CodeIgniter.php(432): CodeIgniter\CodeIgniter->runController(Object(App\Controllers\Buku))
#5 C:\xampp\htdocs\pemweb\projek-akhir\vendor\codeigniter4\framework\system\CodeIgniter.php(333): CodeIgniter\CodeIgniter->handleRequest(NULL, Object(Config\Cache), false)
#6 C:\xampp\htdocs\pemweb\projek-akhir\public\index.php(44): CodeIgniter\CodeIgniter->run()
#7 C:\xampp\htdocs\pemweb\projek-akhir\vendor\codeigniter4\framework\system\Commands\Server\rewrite.php(45): require_once('C:\\xampp\\htdocs...')
#8 {main}
CRITICAL - 2021-05-17 06:06:10 --> syntax error, unexpected token ";"
#0 C:\xampp\htdocs\pemweb\projek-akhir\vendor\codeigniter4\framework\system\View\View.php(222): CodeIgniter\View\View->CodeIgniter\View\{closure}()
#1 C:\xampp\htdocs\pemweb\projek-akhir\vendor\codeigniter4\framework\system\Common.php(1217): CodeIgniter\View\View->render('buku/listBuku', Array, true)
#2 C:\xampp\htdocs\pemweb\projek-akhir\app\Controllers\Buku.php(22): view('buku/listBuku', Array)
#3 C:\xampp\htdocs\pemweb\projek-akhir\vendor\codeigniter4\framework\system\CodeIgniter.php(936): App\Controllers\Buku->showData()
#4 C:\xampp\htdocs\pemweb\projek-akhir\vendor\codeigniter4\framework\system\CodeIgniter.php(432): CodeIgniter\CodeIgniter->runController(Object(App\Controllers\Buku))
#5 C:\xampp\htdocs\pemweb\projek-akhir\vendor\codeigniter4\framework\system\CodeIgniter.php(333): CodeIgniter\CodeIgniter->handleRequest(NULL, Object(Config\Cache), false)
#6 C:\xampp\htdocs\pemweb\projek-akhir\public\index.php(44): CodeIgniter\CodeIgniter->run()
#7 C:\xampp\htdocs\pemweb\projek-akhir\vendor\codeigniter4\framework\system\Commands\Server\rewrite.php(45): require_once('C:\\xampp\\htdocs...')
#8 {main}
CRITICAL - 2021-05-17 06:06:11 --> syntax error, unexpected token ";"
#0 C:\xampp\htdocs\pemweb\projek-akhir\vendor\codeigniter4\framework\system\View\View.php(222): CodeIgniter\View\View->CodeIgniter\View\{closure}()
#1 C:\xampp\htdocs\pemweb\projek-akhir\vendor\codeigniter4\framework\system\Common.php(1217): CodeIgniter\View\View->render('buku/listBuku', Array, true)
#2 C:\xampp\htdocs\pemweb\projek-akhir\app\Controllers\Buku.php(22): view('buku/listBuku', Array)
#3 C:\xampp\htdocs\pemweb\projek-akhir\vendor\codeigniter4\framework\system\CodeIgniter.php(936): App\Controllers\Buku->showData()
#4 C:\xampp\htdocs\pemweb\projek-akhir\vendor\codeigniter4\framework\system\CodeIgniter.php(432): CodeIgniter\CodeIgniter->runController(Object(App\Controllers\Buku))
#5 C:\xampp\htdocs\pemweb\projek-akhir\vendor\codeigniter4\framework\system\CodeIgniter.php(333): CodeIgniter\CodeIgniter->handleRequest(NULL, Object(Config\Cache), false)
#6 C:\xampp\htdocs\pemweb\projek-akhir\public\index.php(44): CodeIgniter\CodeIgniter->run()
#7 C:\xampp\htdocs\pemweb\projek-akhir\vendor\codeigniter4\framework\system\Commands\Server\rewrite.php(45): require_once('C:\\xampp\\htdocs...')
#8 {main}
CRITICAL - 2021-05-17 06:06:12 --> syntax error, unexpected token ";"
#0 C:\xampp\htdocs\pemweb\projek-akhir\vendor\codeigniter4\framework\system\View\View.php(222): CodeIgniter\View\View->CodeIgniter\View\{closure}()
#1 C:\xampp\htdocs\pemweb\projek-akhir\vendor\codeigniter4\framework\system\Common.php(1217): CodeIgniter\View\View->render('buku/listBuku', Array, true)
#2 C:\xampp\htdocs\pemweb\projek-akhir\app\Controllers\Buku.php(22): view('buku/listBuku', Array)
#3 C:\xampp\htdocs\pemweb\projek-akhir\vendor\codeigniter4\framework\system\CodeIgniter.php(936): App\Controllers\Buku->showData()
#4 C:\xampp\htdocs\pemweb\projek-akhir\vendor\codeigniter4\framework\system\CodeIgniter.php(432): CodeIgniter\CodeIgniter->runController(Object(App\Controllers\Buku))
#5 C:\xampp\htdocs\pemweb\projek-akhir\vendor\codeigniter4\framework\system\CodeIgniter.php(333): CodeIgniter\CodeIgniter->handleRequest(NULL, Object(Config\Cache), false)
#6 C:\xampp\htdocs\pemweb\projek-akhir\public\index.php(44): CodeIgniter\CodeIgniter->run()
#7 C:\xampp\htdocs\pemweb\projek-akhir\vendor\codeigniter4\framework\system\Commands\Server\rewrite.php(45): require_once('C:\\xampp\\htdocs...')
#8 {main}
CRITICAL - 2021-05-17 06:06:29 --> Undefined variable $title
#0 C:\xampp\htdocs\pemweb\projek-akhir\app\Views\layout\template.php(13): CodeIgniter\Debug\Exceptions->errorHandler(2, 'Undefined varia...', 'C:\\xampp\\htdocs...', 13)
#1 C:\xampp\htdocs\pemweb\projek-akhir\vendor\codeigniter4\framework\system\View\View.php(220): include('C:\\xampp\\htdocs...')
#2 C:\xampp\htdocs\pemweb\projek-akhir\vendor\codeigniter4\framework\system\View\View.php(222): CodeIgniter\View\View->CodeIgniter\View\{closure}()
#3 C:\xampp\htdocs\pemweb\projek-akhir\vendor\codeigniter4\framework\system\View\View.php(236): CodeIgniter\View\View->render('layout/template', Array, true)
#4 C:\xampp\htdocs\pemweb\projek-akhir\vendor\codeigniter4\framework\system\Common.php(1217): CodeIgniter\View\View->render('buku/listBuku', Array, true)
#5 C:\xampp\htdocs\pemweb\projek-akhir\app\Controllers\Buku.php(22): view('buku/listBuku', Array)
#6 C:\xampp\htdocs\pemweb\projek-akhir\vendor\codeigniter4\framework\system\CodeIgniter.php(936): App\Controllers\Buku->showData()
#7 C:\xampp\htdocs\pemweb\projek-akhir\vendor\codeigniter4\framework\system\CodeIgniter.php(432): CodeIgniter\CodeIgniter->runController(Object(App\Controllers\Buku))
#8 C:\xampp\htdocs\pemweb\projek-akhir\vendor\codeigniter4\framework\system\CodeIgniter.php(333): CodeIgniter\CodeIgniter->handleRequest(NULL, Object(Config\Cache), false)
#9 C:\xampp\htdocs\pemweb\projek-akhir\public\index.php(44): CodeIgniter\CodeIgniter->run()
#10 C:\xampp\htdocs\pemweb\projek-akhir\vendor\codeigniter4\framework\system\Commands\Server\rewrite.php(45): require_once('C:\\xampp\\htdocs...')
#11 {main}
CRITICAL - 2021-05-17 06:07:23 --> Undefined variable $title
#0 C:\xampp\htdocs\pemweb\projek-akhir\app\Views\layout\template.php(13): CodeIgniter\Debug\Exceptions->errorHandler(2, 'Undefined varia...', 'C:\\xampp\\htdocs...', 13)
#1 C:\xampp\htdocs\pemweb\projek-akhir\vendor\codeigniter4\framework\system\View\View.php(220): include('C:\\xampp\\htdocs...')
#2 C:\xampp\htdocs\pemweb\projek-akhir\vendor\codeigniter4\framework\system\View\View.php(222): CodeIgniter\View\View->CodeIgniter\View\{closure}()
#3 C:\xampp\htdocs\pemweb\projek-akhir\vendor\codeigniter4\framework\system\View\View.php(236): CodeIgniter\View\View->render('layout/template', Array, true)
#4 C:\xampp\htdocs\pemweb\projek-akhir\vendor\codeigniter4\framework\system\Common.php(1217): CodeIgniter\View\View->render('buku/listBuku', Array, true)
#5 C:\xampp\htdocs\pemweb\projek-akhir\app\Controllers\Buku.php(25): view('buku/listBuku', Array)
#6 C:\xampp\htdocs\pemweb\projek-akhir\vendor\codeigniter4\framework\system\CodeIgniter.php(936): App\Controllers\Buku->showData()
#7 C:\xampp\htdocs\pemweb\projek-akhir\vendor\codeigniter4\framework\system\CodeIgniter.php(432): CodeIgniter\CodeIgniter->runController(Object(App\Controllers\Buku))
#8 C:\xampp\htdocs\pemweb\projek-akhir\vendor\codeigniter4\framework\system\CodeIgniter.php(333): CodeIgniter\CodeIgniter->handleRequest(NULL, Object(Config\Cache), false)
#9 C:\xampp\htdocs\pemweb\projek-akhir\public\index.php(44): CodeIgniter\CodeIgniter->run()
#10 C:\xampp\htdocs\pemweb\projek-akhir\vendor\codeigniter4\framework\system\Commands\Server\rewrite.php(45): require_once('C:\\xampp\\htdocs...')
#11 {main}
CRITICAL - 2021-05-17 06:07:29 --> Undefined variable $title
#0 C:\xampp\htdocs\pemweb\projek-akhir\app\Views\layout\template.php(13): CodeIgniter\Debug\Exceptions->errorHandler(2, 'Undefined varia...', 'C:\\xampp\\htdocs...', 13)
#1 C:\xampp\htdocs\pemweb\projek-akhir\vendor\codeigniter4\framework\system\View\View.php(220): include('C:\\xampp\\htdocs...')
#2 C:\xampp\htdocs\pemweb\projek-akhir\vendor\codeigniter4\framework\system\View\View.php(222): CodeIgniter\View\View->CodeIgniter\View\{closure}()
#3 C:\xampp\htdocs\pemweb\projek-akhir\vendor\codeigniter4\framework\system\View\View.php(236): CodeIgniter\View\View->render('layout/template', Array, true)
#4 C:\xampp\htdocs\pemweb\projek-akhir\vendor\codeigniter4\framework\system\Common.php(1217): CodeIgniter\View\View->render('buku/listBuku', Array, true)
#5 C:\xampp\htdocs\pemweb\projek-akhir\app\Controllers\Buku.php(25): view('buku/listBuku', Array)
#6 C:\xampp\htdocs\pemweb\projek-akhir\vendor\codeigniter4\framework\system\CodeIgniter.php(936): App\Controllers\Buku->showData()
#7 C:\xampp\htdocs\pemweb\projek-akhir\vendor\codeigniter4\framework\system\CodeIgniter.php(432): CodeIgniter\CodeIgniter->runController(Object(App\Controllers\Buku))
#8 C:\xampp\htdocs\pemweb\projek-akhir\vendor\codeigniter4\framework\system\CodeIgniter.php(333): CodeIgniter\CodeIgniter->handleRequest(NULL, Object(Config\Cache), false)
#9 C:\xampp\htdocs\pemweb\projek-akhir\public\index.php(44): CodeIgniter\CodeIgniter->run()
#10 C:\xampp\htdocs\pemweb\projek-akhir\vendor\codeigniter4\framework\system\Commands\Server\rewrite.php(45): require_once('C:\\xampp\\htdocs...')
#11 {main}
CRITICAL - 2021-05-17 06:07:30 --> Undefined variable $title
#0 C:\xampp\htdocs\pemweb\projek-akhir\app\Views\layout\template.php(13): CodeIgniter\Debug\Exceptions->errorHandler(2, 'Undefined varia...', 'C:\\xampp\\htdocs...', 13)
#1 C:\xampp\htdocs\pemweb\projek-akhir\vendor\codeigniter4\framework\system\View\View.php(220): include('C:\\xampp\\htdocs...')
#2 C:\xampp\htdocs\pemweb\projek-akhir\vendor\codeigniter4\framework\system\View\View.php(222): CodeIgniter\View\View->CodeIgniter\View\{closure}()
#3 C:\xampp\htdocs\pemweb\projek-akhir\vendor\codeigniter4\framework\system\View\View.php(236): CodeIgniter\View\View->render('layout/template', Array, true)
#4 C:\xampp\htdocs\pemweb\projek-akhir\vendor\codeigniter4\framework\system\Common.php(1217): CodeIgniter\View\View->render('buku/listBuku', Array, true)
#5 C:\xampp\htdocs\pemweb\projek-akhir\app\Controllers\Buku.php(25): view('buku/listBuku', Array)
#6 C:\xampp\htdocs\pemweb\projek-akhir\vendor\codeigniter4\framework\system\CodeIgniter.php(936): App\Controllers\Buku->showData()
#7 C:\xampp\htdocs\pemweb\projek-akhir\vendor\codeigniter4\framework\system\CodeIgniter.php(432): CodeIgniter\CodeIgniter->runController(Object(App\Controllers\Buku))
#8 C:\xampp\htdocs\pemweb\projek-akhir\vendor\codeigniter4\framework\system\CodeIgniter.php(333): CodeIgniter\CodeIgniter->handleRequest(NULL, Object(Config\Cache), false)
#9 C:\xampp\htdocs\pemweb\projek-akhir\public\index.php(44): CodeIgniter\CodeIgniter->run()
#10 C:\xampp\htdocs\pemweb\projek-akhir\vendor\codeigniter4\framework\system\Commands\Server\rewrite.php(45): require_once('C:\\xampp\\htdocs...')
#11 {main}
CRITICAL - 2021-05-17 06:08:04 --> Undefined variable $title
#0 C:\xampp\htdocs\pemweb\projek-akhir\app\Views\layout\template.php(13): CodeIgniter\Debug\Exceptions->errorHandler(2, 'Undefined varia...', 'C:\\xampp\\htdocs...', 13)
#1 C:\xampp\htdocs\pemweb\projek-akhir\vendor\codeigniter4\framework\system\View\View.php(220): include('C:\\xampp\\htdocs...')
#2 C:\xampp\htdocs\pemweb\projek-akhir\vendor\codeigniter4\framework\system\View\View.php(222): CodeIgniter\View\View->CodeIgniter\View\{closure}()
#3 C:\xampp\htdocs\pemweb\projek-akhir\vendor\codeigniter4\framework\system\View\View.php(236): CodeIgniter\View\View->render('layout/template', Array, true)
#4 C:\xampp\htdocs\pemweb\projek-akhir\vendor\codeigniter4\framework\system\Common.php(1217): CodeIgniter\View\View->render('buku/listBuku', Array, true)
#5 C:\xampp\htdocs\pemweb\projek-akhir\app\Controllers\Buku.php(23): view('buku/listBuku', Array)
#6 C:\xampp\htdocs\pemweb\projek-akhir\vendor\codeigniter4\framework\system\CodeIgniter.php(936): App\Controllers\Buku->showData()
#7 C:\xampp\htdocs\pemweb\projek-akhir\vendor\codeigniter4\framework\system\CodeIgniter.php(432): CodeIgniter\CodeIgniter->runController(Object(App\Controllers\Buku))
#8 C:\xampp\htdocs\pemweb\projek-akhir\vendor\codeigniter4\framework\system\CodeIgniter.php(333): CodeIgniter\CodeIgniter->handleRequest(NULL, Object(Config\Cache), false)
#9 C:\xampp\htdocs\pemweb\projek-akhir\public\index.php(44): CodeIgniter\CodeIgniter->run()
#10 C:\xampp\htdocs\pemweb\projek-akhir\vendor\codeigniter4\framework\system\Commands\Server\rewrite.php(45): require_once('C:\\xampp\\htdocs...')
#11 {main}
CRITICAL - 2021-05-17 06:08:05 --> Undefined variable $title
#0 C:\xampp\htdocs\pemweb\projek-akhir\app\Views\layout\template.php(13): CodeIgniter\Debug\Exceptions->errorHandler(2, 'Undefined varia...', 'C:\\xampp\\htdocs...', 13)
#1 C:\xampp\htdocs\pemweb\projek-akhir\vendor\codeigniter4\framework\system\View\View.php(220): include('C:\\xampp\\htdocs...')
#2 C:\xampp\htdocs\pemweb\projek-akhir\vendor\codeigniter4\framework\system\View\View.php(222): CodeIgniter\View\View->CodeIgniter\View\{closure}()
#3 C:\xampp\htdocs\pemweb\projek-akhir\vendor\codeigniter4\framework\system\View\View.php(236): CodeIgniter\View\View->render('layout/template', Array, true)
#4 C:\xampp\htdocs\pemweb\projek-akhir\vendor\codeigniter4\framework\system\Common.php(1217): CodeIgniter\View\View->render('buku/listBuku', Array, true)
#5 C:\xampp\htdocs\pemweb\projek-akhir\app\Controllers\Buku.php(23): view('buku/listBuku', Array)
#6 C:\xampp\htdocs\pemweb\projek-akhir\vendor\codeigniter4\framework\system\CodeIgniter.php(936): App\Controllers\Buku->showData()
#7 C:\xampp\htdocs\pemweb\projek-akhir\vendor\codeigniter4\framework\system\CodeIgniter.php(432): CodeIgniter\CodeIgniter->runController(Object(App\Controllers\Buku))
#8 C:\xampp\htdocs\pemweb\projek-akhir\vendor\codeigniter4\framework\system\CodeIgniter.php(333): CodeIgniter\CodeIgniter->handleRequest(NULL, Object(Config\Cache), false)
#9 C:\xampp\htdocs\pemweb\projek-akhir\public\index.php(44): CodeIgniter\CodeIgniter->run()
#10 C:\xampp\htdocs\pemweb\projek-akhir\vendor\codeigniter4\framework\system\Commands\Server\rewrite.php(45): require_once('C:\\xampp\\htdocs...')
#11 {main}
CRITICAL - 2021-05-17 06:08:06 --> Undefined variable $title
#0 C:\xampp\htdocs\pemweb\projek-akhir\app\Views\layout\template.php(13): CodeIgniter\Debug\Exceptions->errorHandler(2, 'Undefined varia...', 'C:\\xampp\\htdocs...', 13)
#1 C:\xampp\htdocs\pemweb\projek-akhir\vendor\codeigniter4\framework\system\View\View.php(220): include('C:\\xampp\\htdocs...')
#2 C:\xampp\htdocs\pemweb\projek-akhir\vendor\codeigniter4\framework\system\View\View.php(222): CodeIgniter\View\View->CodeIgniter\View\{closure}()
#3 C:\xampp\htdocs\pemweb\projek-akhir\vendor\codeigniter4\framework\system\View\View.php(236): CodeIgniter\View\View->render('layout/template', Array, true)
#4 C:\xampp\htdocs\pemweb\projek-akhir\vendor\codeigniter4\framework\system\Common.php(1217): CodeIgniter\View\View->render('buku/listBuku', Array, true)
#5 C:\xampp\htdocs\pemweb\projek-akhir\app\Controllers\Buku.php(23): view('buku/listBuku', Array)
#6 C:\xampp\htdocs\pemweb\projek-akhir\vendor\codeigniter4\framework\system\CodeIgniter.php(936): App\Controllers\Buku->showData()
#7 C:\xampp\htdocs\pemweb\projek-akhir\vendor\codeigniter4\framework\system\CodeIgniter.php(432): CodeIgniter\CodeIgniter->runController(Object(App\Controllers\Buku))
#8 C:\xampp\htdocs\pemweb\projek-akhir\vendor\codeigniter4\framework\system\CodeIgniter.php(333): CodeIgniter\CodeIgniter->handleRequest(NULL, Object(Config\Cache), false)
#9 C:\xampp\htdocs\pemweb\projek-akhir\public\index.php(44): CodeIgniter\CodeIgniter->run()
#10 C:\xampp\htdocs\pemweb\projek-akhir\vendor\codeigniter4\framework\system\Commands\Server\rewrite.php(45): require_once('C:\\xampp\\htdocs...')
#11 {main}
CRITICAL - 2021-05-17 06:08:07 --> Undefined variable $title
#0 C:\xampp\htdocs\pemweb\projek-akhir\app\Views\layout\template.php(13): CodeIgniter\Debug\Exceptions->errorHandler(2, 'Undefined varia...', 'C:\\xampp\\htdocs...', 13)
#1 C:\xampp\htdocs\pemweb\projek-akhir\vendor\codeigniter4\framework\system\View\View.php(220): include('C:\\xampp\\htdocs...')
#2 C:\xampp\htdocs\pemweb\projek-akhir\vendor\codeigniter4\framework\system\View\View.php(222): CodeIgniter\View\View->CodeIgniter\View\{closure}()
#3 C:\xampp\htdocs\pemweb\projek-akhir\vendor\codeigniter4\framework\system\View\View.php(236): CodeIgniter\View\View->render('layout/template', Array, true)
#4 C:\xampp\htdocs\pemweb\projek-akhir\vendor\codeigniter4\framework\system\Common.php(1217): CodeIgniter\View\View->render('buku/listBuku', Array, true)
#5 C:\xampp\htdocs\pemweb\projek-akhir\app\Controllers\Buku.php(23): view('buku/listBuku', Array)
#6 C:\xampp\htdocs\pemweb\projek-akhir\vendor\codeigniter4\framework\system\CodeIgniter.php(936): App\Controllers\Buku->showData()
#7 C:\xampp\htdocs\pemweb\projek-akhir\vendor\codeigniter4\framework\system\CodeIgniter.php(432): CodeIgniter\CodeIgniter->runController(Object(App\Controllers\Buku))
#8 C:\xampp\htdocs\pemweb\projek-akhir\vendor\codeigniter4\framework\system\CodeIgniter.php(333): CodeIgniter\CodeIgniter->handleRequest(NULL, Object(Config\Cache), false)
#9 C:\xampp\htdocs\pemweb\projek-akhir\public\index.php(44): CodeIgniter\CodeIgniter->run()
#10 C:\xampp\htdocs\pemweb\projek-akhir\vendor\codeigniter4\framework\system\Commands\Server\rewrite.php(45): require_once('C:\\xampp\\htdocs...')
#11 {main}
CRITICAL - 2021-05-17 06:08:08 --> Undefined variable $title
#0 C:\xampp\htdocs\pemweb\projek-akhir\app\Views\layout\template.php(13): CodeIgniter\Debug\Exceptions->errorHandler(2, 'Undefined varia...', 'C:\\xampp\\htdocs...', 13)
#1 C:\xampp\htdocs\pemweb\projek-akhir\vendor\codeigniter4\framework\system\View\View.php(220): include('C:\\xampp\\htdocs...')
#2 C:\xampp\htdocs\pemweb\projek-akhir\vendor\codeigniter4\framework\system\View\View.php(222): CodeIgniter\View\View->CodeIgniter\View\{closure}()
#3 C:\xampp\htdocs\pemweb\projek-akhir\vendor\codeigniter4\framework\system\View\View.php(236): CodeIgniter\View\View->render('layout/template', Array, true)
#4 C:\xampp\htdocs\pemweb\projek-akhir\vendor\codeigniter4\framework\system\Common.php(1217): CodeIgniter\View\View->render('buku/listBuku', Array, true)
#5 C:\xampp\htdocs\pemweb\projek-akhir\app\Controllers\Buku.php(23): view('buku/listBuku', Array)
#6 C:\xampp\htdocs\pemweb\projek-akhir\vendor\codeigniter4\framework\system\CodeIgniter.php(936): App\Controllers\Buku->showData()
#7 C:\xampp\htdocs\pemweb\projek-akhir\vendor\codeigniter4\framework\system\CodeIgniter.php(432): CodeIgniter\CodeIgniter->runController(Object(App\Controllers\Buku))
#8 C:\xampp\htdocs\pemweb\projek-akhir\vendor\codeigniter4\framework\system\CodeIgniter.php(333): CodeIgniter\CodeIgniter->handleRequest(NULL, Object(Config\Cache), false)
#9 C:\xampp\htdocs\pemweb\projek-akhir\public\index.php(44): CodeIgniter\CodeIgniter->run()
#10 C:\xampp\htdocs\pemweb\projek-akhir\vendor\codeigniter4\framework\system\Commands\Server\rewrite.php(45): require_once('C:\\xampp\\htdocs...')
#11 {main}
CRITICAL - 2021-05-17 06:11:33 --> Undefined variable $row
#0 C:\xampp\htdocs\pemweb\projek-akhir\app\Views\buku\listBuku.php(21): CodeIgniter\Debug\Exceptions->errorHandler(2, 'Undefined varia...', 'C:\\xampp\\htdocs...', 21)
#1 C:\xampp\htdocs\pemweb\projek-akhir\vendor\codeigniter4\framework\system\View\View.php(220): include('C:\\xampp\\htdocs...')
#2 C:\xampp\htdocs\pemweb\projek-akhir\vendor\codeigniter4\framework\system\View\View.php(222): CodeIgniter\View\View->CodeIgniter\View\{closure}()
#3 C:\xampp\htdocs\pemweb\projek-akhir\vendor\codeigniter4\framework\system\Common.php(1217): CodeIgniter\View\View->render('buku/listBuku', Array, true)
#4 C:\xampp\htdocs\pemweb\projek-akhir\app\Controllers\Buku.php(26): view('buku/listBuku', Array)
#5 C:\xampp\htdocs\pemweb\projek-akhir\vendor\codeigniter4\framework\system\CodeIgniter.php(936): App\Controllers\Buku->showData()
#6 C:\xampp\htdocs\pemweb\projek-akhir\vendor\codeigniter4\framework\system\CodeIgniter.php(432): CodeIgniter\CodeIgniter->runController(Object(App\Controllers\Buku))
#7 C:\xampp\htdocs\pemweb\projek-akhir\vendor\codeigniter4\framework\system\CodeIgniter.php(333): CodeIgniter\CodeIgniter->handleRequest(NULL, Object(Config\Cache), false)
#8 C:\xampp\htdocs\pemweb\projek-akhir\public\index.php(44): CodeIgniter\CodeIgniter->run()
#9 C:\xampp\htdocs\pemweb\projek-akhir\vendor\codeigniter4\framework\system\Commands\Server\rewrite.php(45): require_once('C:\\xampp\\htdocs...')
#10 {main}
CRITICAL - 2021-05-17 06:12:24 --> Undefined variable $data
#0 C:\xampp\htdocs\pemweb\projek-akhir\app\Views\buku\listBuku.php(14): CodeIgniter\Debug\Exceptions->errorHandler(2, 'Undefined varia...', 'C:\\xampp\\htdocs...', 14)
#1 C:\xampp\htdocs\pemweb\projek-akhir\vendor\codeigniter4\framework\system\View\View.php(220): include('C:\\xampp\\htdocs...')
#2 C:\xampp\htdocs\pemweb\projek-akhir\vendor\codeigniter4\framework\system\View\View.php(222): CodeIgniter\View\View->CodeIgniter\View\{closure}()
#3 C:\xampp\htdocs\pemweb\projek-akhir\vendor\codeigniter4\framework\system\Common.php(1217): CodeIgniter\View\View->render('buku/listBuku', Array, true)
#4 C:\xampp\htdocs\pemweb\projek-akhir\app\Controllers\Buku.php(26): view('buku/listBuku', Array)
#5 C:\xampp\htdocs\pemweb\projek-akhir\vendor\codeigniter4\framework\system\CodeIgniter.php(936): App\Controllers\Buku->showData()
#6 C:\xampp\htdocs\pemweb\projek-akhir\vendor\codeigniter4\framework\system\CodeIgniter.php(432): CodeIgniter\CodeIgniter->runController(Object(App\Controllers\Buku))
#7 C:\xampp\htdocs\pemweb\projek-akhir\vendor\codeigniter4\framework\system\CodeIgniter.php(333): CodeIgniter\CodeIgniter->handleRequest(NULL, Object(Config\Cache), false)
#8 C:\xampp\htdocs\pemweb\projek-akhir\public\index.php(44): CodeIgniter\CodeIgniter->run()
#9 C:\xampp\htdocs\pemweb\projek-akhir\vendor\codeigniter4\framework\system\Commands\Server\rewrite.php(45): require_once('C:\\xampp\\htdocs...')
#10 {main}
CRITICAL - 2021-05-17 06:12:40 --> Undefined variable $data
#0 C:\xampp\htdocs\pemweb\projek-akhir\app\Views\buku\listBuku.php(14): CodeIgniter\Debug\Exceptions->errorHandler(2, 'Undefined varia...', 'C:\\xampp\\htdocs...', 14)
#1 C:\xampp\htdocs\pemweb\projek-akhir\vendor\codeigniter4\framework\system\View\View.php(220): include('C:\\xampp\\htdocs...')
#2 C:\xampp\htdocs\pemweb\projek-akhir\vendor\codeigniter4\framework\system\View\View.php(222): CodeIgniter\View\View->CodeIgniter\View\{closure}()
#3 C:\xampp\htdocs\pemweb\projek-akhir\vendor\codeigniter4\framework\system\Common.php(1217): CodeIgniter\View\View->render('buku/listBuku', Array, true)
#4 C:\xampp\htdocs\pemweb\projek-akhir\app\Controllers\Buku.php(26): view('buku/listBuku', Array)
#5 C:\xampp\htdocs\pemweb\projek-akhir\vendor\codeigniter4\framework\system\CodeIgniter.php(936): App\Controllers\Buku->showData()
#6 C:\xampp\htdocs\pemweb\projek-akhir\vendor\codeigniter4\framework\system\CodeIgniter.php(432): CodeIgniter\CodeIgniter->runController(Object(App\Controllers\Buku))
#7 C:\xampp\htdocs\pemweb\projek-akhir\vendor\codeigniter4\framework\system\CodeIgniter.php(333): CodeIgniter\CodeIgniter->handleRequest(NULL, Object(Config\Cache), false)
#8 C:\xampp\htdocs\pemweb\projek-akhir\public\index.php(44): CodeIgniter\CodeIgniter->run()
#9 C:\xampp\htdocs\pemweb\projek-akhir\vendor\codeigniter4\framework\system\Commands\Server\rewrite.php(45): require_once('C:\\xampp\\htdocs...')
#10 {main}
CRITICAL - 2021-05-17 06:12:41 --> Undefined variable $data
#0 C:\xampp\htdocs\pemweb\projek-akhir\app\Views\buku\listBuku.php(14): CodeIgniter\Debug\Exceptions->errorHandler(2, 'Undefined varia...', 'C:\\xampp\\htdocs...', 14)
#1 C:\xampp\htdocs\pemweb\projek-akhir\vendor\codeigniter4\framework\system\View\View.php(220): include('C:\\xampp\\htdocs...')
#2 C:\xampp\htdocs\pemweb\projek-akhir\vendor\codeigniter4\framework\system\View\View.php(222): CodeIgniter\View\View->CodeIgniter\View\{closure}()
#3 C:\xampp\htdocs\pemweb\projek-akhir\vendor\codeigniter4\framework\system\Common.php(1217): CodeIgniter\View\View->render('buku/listBuku', Array, true)
#4 C:\xampp\htdocs\pemweb\projek-akhir\app\Controllers\Buku.php(26): view('buku/listBuku', Array)
#5 C:\xampp\htdocs\pemweb\projek-akhir\vendor\codeigniter4\framework\system\CodeIgniter.php(936): App\Controllers\Buku->showData()
#6 C:\xampp\htdocs\pemweb\projek-akhir\vendor\codeigniter4\framework\system\CodeIgniter.php(432): CodeIgniter\CodeIgniter->runController(Object(App\Controllers\Buku))
#7 C:\xampp\htdocs\pemweb\projek-akhir\vendor\codeigniter4\framework\system\CodeIgniter.php(333): CodeIgniter\CodeIgniter->handleRequest(NULL, Object(Config\Cache), false)
#8 C:\xampp\htdocs\pemweb\projek-akhir\public\index.php(44): CodeIgniter\CodeIgniter->run()
#9 C:\xampp\htdocs\pemweb\projek-akhir\vendor\codeigniter4\framework\system\Commands\Server\rewrite.php(45): require_once('C:\\xampp\\htdocs...')
#10 {main}
CRITICAL - 2021-05-17 06:13:03 --> Undefined variable $data
#0 C:\xampp\htdocs\pemweb\projek-akhir\app\Views\buku\listBuku.php(14): CodeIgniter\Debug\Exceptions->errorHandler(2, 'Undefined varia...', 'C:\\xampp\\htdocs...', 14)
#1 C:\xampp\htdocs\pemweb\projek-akhir\vendor\codeigniter4\framework\system\View\View.php(220): include('C:\\xampp\\htdocs...')
#2 C:\xampp\htdocs\pemweb\projek-akhir\vendor\codeigniter4\framework\system\View\View.php(222): CodeIgniter\View\View->CodeIgniter\View\{closure}()
#3 C:\xampp\htdocs\pemweb\projek-akhir\vendor\codeigniter4\framework\system\Common.php(1217): CodeIgniter\View\View->render('buku/listBuku', Array, true)
#4 C:\xampp\htdocs\pemweb\projek-akhir\app\Controllers\Buku.php(26): view('buku/listBuku', Array)
#5 C:\xampp\htdocs\pemweb\projek-akhir\vendor\codeigniter4\framework\system\CodeIgniter.php(936): App\Controllers\Buku->showData()
#6 C:\xampp\htdocs\pemweb\projek-akhir\vendor\codeigniter4\framework\system\CodeIgniter.php(432): CodeIgniter\CodeIgniter->runController(Object(App\Controllers\Buku))
#7 C:\xampp\htdocs\pemweb\projek-akhir\vendor\codeigniter4\framework\system\CodeIgniter.php(333): CodeIgniter\CodeIgniter->handleRequest(NULL, Object(Config\Cache), false)
#8 C:\xampp\htdocs\pemweb\projek-akhir\public\index.php(44): CodeIgniter\CodeIgniter->run()
#9 C:\xampp\htdocs\pemweb\projek-akhir\vendor\codeigniter4\framework\system\Commands\Server\rewrite.php(45): require_once('C:\\xampp\\htdocs...')
#10 {main}
CRITICAL - 2021-05-17 06:13:04 --> Undefined variable $data
#0 C:\xampp\htdocs\pemweb\projek-akhir\app\Views\buku\listBuku.php(14): CodeIgniter\Debug\Exceptions->errorHandler(2, 'Undefined varia...', 'C:\\xampp\\htdocs...', 14)
#1 C:\xampp\htdocs\pemweb\projek-akhir\vendor\codeigniter4\framework\system\View\View.php(220): include('C:\\xampp\\htdocs...')
#2 C:\xampp\htdocs\pemweb\projek-akhir\vendor\codeigniter4\framework\system\View\View.php(222): CodeIgniter\View\View->CodeIgniter\View\{closure}()
#3 C:\xampp\htdocs\pemweb\projek-akhir\vendor\codeigniter4\framework\system\Common.php(1217): CodeIgniter\View\View->render('buku/listBuku', Array, true)
#4 C:\xampp\htdocs\pemweb\projek-akhir\app\Controllers\Buku.php(26): view('buku/listBuku', Array)
#5 C:\xampp\htdocs\pemweb\projek-akhir\vendor\codeigniter4\framework\system\CodeIgniter.php(936): App\Controllers\Buku->showData()
#6 C:\xampp\htdocs\pemweb\projek-akhir\vendor\codeigniter4\framework\system\CodeIgniter.php(432): CodeIgniter\CodeIgniter->runController(Object(App\Controllers\Buku))
#7 C:\xampp\htdocs\pemweb\projek-akhir\vendor\codeigniter4\framework\system\CodeIgniter.php(333): CodeIgniter\CodeIgniter->handleRequest(NULL, Object(Config\Cache), false)
#8 C:\xampp\htdocs\pemweb\projek-akhir\public\index.php(44): CodeIgniter\CodeIgniter->run()
#9 C:\xampp\htdocs\pemweb\projek-akhir\vendor\codeigniter4\framework\system\Commands\Server\rewrite.php(45): require_once('C:\\xampp\\htdocs...')
#10 {main}
CRITICAL - 2021-05-17 06:13:04 --> Undefined variable $data
#0 C:\xampp\htdocs\pemweb\projek-akhir\app\Views\buku\listBuku.php(14): CodeIgniter\Debug\Exceptions->errorHandler(2, 'Undefined varia...', 'C:\\xampp\\htdocs...', 14)
#1 C:\xampp\htdocs\pemweb\projek-akhir\vendor\codeigniter4\framework\system\View\View.php(220): include('C:\\xampp\\htdocs...')
#2 C:\xampp\htdocs\pemweb\projek-akhir\vendor\codeigniter4\framework\system\View\View.php(222): CodeIgniter\View\View->CodeIgniter\View\{closure}()
#3 C:\xampp\htdocs\pemweb\projek-akhir\vendor\codeigniter4\framework\system\Common.php(1217): CodeIgniter\View\View->render('buku/listBuku', Array, true)
#4 C:\xampp\htdocs\pemweb\projek-akhir\app\Controllers\Buku.php(26): view('buku/listBuku', Array)
#5 C:\xampp\htdocs\pemweb\projek-akhir\vendor\codeigniter4\framework\system\CodeIgniter.php(936): App\Controllers\Buku->showData()
#6 C:\xampp\htdocs\pemweb\projek-akhir\vendor\codeigniter4\framework\system\CodeIgniter.php(432): CodeIgniter\CodeIgniter->runController(Object(App\Controllers\Buku))
#7 C:\xampp\htdocs\pemweb\projek-akhir\vendor\codeigniter4\framework\system\CodeIgniter.php(333): CodeIgniter\CodeIgniter->handleRequest(NULL, Object(Config\Cache), false)
#8 C:\xampp\htdocs\pemweb\projek-akhir\public\index.php(44): CodeIgniter\CodeIgniter->run()
#9 C:\xampp\htdocs\pemweb\projek-akhir\vendor\codeigniter4\framework\system\Commands\Server\rewrite.php(45): require_once('C:\\xampp\\htdocs...')
#10 {main}
CRITICAL - 2021-05-17 06:13:04 --> Undefined variable $data
#0 C:\xampp\htdocs\pemweb\projek-akhir\app\Views\buku\listBuku.php(14): CodeIgniter\Debug\Exceptions->errorHandler(2, 'Undefined varia...', 'C:\\xampp\\htdocs...', 14)
#1 C:\xampp\htdocs\pemweb\projek-akhir\vendor\codeigniter4\framework\system\View\View.php(220): include('C:\\xampp\\htdocs...')
#2 C:\xampp\htdocs\pemweb\projek-akhir\vendor\codeigniter4\framework\system\View\View.php(222): CodeIgniter\View\View->CodeIgniter\View\{closure}()
#3 C:\xampp\htdocs\pemweb\projek-akhir\vendor\codeigniter4\framework\system\Common.php(1217): CodeIgniter\View\View->render('buku/listBuku', Array, true)
#4 C:\xampp\htdocs\pemweb\projek-akhir\app\Controllers\Buku.php(26): view('buku/listBuku', Array)
#5 C:\xampp\htdocs\pemweb\projek-akhir\vendor\codeigniter4\framework\system\CodeIgniter.php(936): App\Controllers\Buku->showData()
#6 C:\xampp\htdocs\pemweb\projek-akhir\vendor\codeigniter4\framework\system\CodeIgniter.php(432): CodeIgniter\CodeIgniter->runController(Object(App\Controllers\Buku))
#7 C:\xampp\htdocs\pemweb\projek-akhir\vendor\codeigniter4\framework\system\CodeIgniter.php(333): CodeIgniter\CodeIgniter->handleRequest(NULL, Object(Config\Cache), false)
#8 C:\xampp\htdocs\pemweb\projek-akhir\public\index.php(44): CodeIgniter\CodeIgniter->run()
#9 C:\xampp\htdocs\pemweb\projek-akhir\vendor\codeigniter4\framework\system\Commands\Server\rewrite.php(45): require_once('C:\\xampp\\htdocs...')
#10 {main}
CRITICAL - 2021-05-17 06:13:05 --> Undefined variable $data
#0 C:\xampp\htdocs\pemweb\projek-akhir\app\Views\buku\listBuku.php(14): CodeIgniter\Debug\Exceptions->errorHandler(2, 'Undefined varia...', 'C:\\xampp\\htdocs...', 14)
#1 C:\xampp\htdocs\pemweb\projek-akhir\vendor\codeigniter4\framework\system\View\View.php(220): include('C:\\xampp\\htdocs...')
#2 C:\xampp\htdocs\pemweb\projek-akhir\vendor\codeigniter4\framework\system\View\View.php(222): CodeIgniter\View\View->CodeIgniter\View\{closure}()
#3 C:\xampp\htdocs\pemweb\projek-akhir\vendor\codeigniter4\framework\system\Common.php(1217): CodeIgniter\View\View->render('buku/listBuku', Array, true)
#4 C:\xampp\htdocs\pemweb\projek-akhir\app\Controllers\Buku.php(26): view('buku/listBuku', Array)
#5 C:\xampp\htdocs\pemweb\projek-akhir\vendor\codeigniter4\framework\system\CodeIgniter.php(936): App\Controllers\Buku->showData()
#6 C:\xampp\htdocs\pemweb\projek-akhir\vendor\codeigniter4\framework\system\CodeIgniter.php(432): CodeIgniter\CodeIgniter->runController(Object(App\Controllers\Buku))
#7 C:\xampp\htdocs\pemweb\projek-akhir\vendor\codeigniter4\framework\system\CodeIgniter.php(333): CodeIgniter\CodeIgniter->handleRequest(NULL, Object(Config\Cache), false)
#8 C:\xampp\htdocs\pemweb\projek-akhir\public\index.php(44): CodeIgniter\CodeIgniter->run()
#9 C:\xampp\htdocs\pemweb\projek-akhir\vendor\codeigniter4\framework\system\Commands\Server\rewrite.php(45): require_once('C:\\xampp\\htdocs...')
#10 {main}
CRITICAL - 2021-05-17 06:13:47 --> Undefined variable $data
#0 C:\xampp\htdocs\pemweb\projek-akhir\app\Views\buku\listBuku.php(5): CodeIgniter\Debug\Exceptions->errorHandler(2, 'Undefined varia...', 'C:\\xampp\\htdocs...', 5)
#1 C:\xampp\htdocs\pemweb\projek-akhir\vendor\codeigniter4\framework\system\View\View.php(220): include('C:\\xampp\\htdocs...')
#2 C:\xampp\htdocs\pemweb\projek-akhir\vendor\codeigniter4\framework\system\View\View.php(222): CodeIgniter\View\View->CodeIgniter\View\{closure}()
#3 C:\xampp\htdocs\pemweb\projek-akhir\vendor\codeigniter4\framework\system\Common.php(1217): CodeIgniter\View\View->render('buku/listBuku', Array, true)
#4 C:\xampp\htdocs\pemweb\projek-akhir\app\Controllers\Buku.php(26): view('buku/listBuku', Array)
#5 C:\xampp\htdocs\pemweb\projek-akhir\vendor\codeigniter4\framework\system\CodeIgniter.php(936): App\Controllers\Buku->showData()
#6 C:\xampp\htdocs\pemweb\projek-akhir\vendor\codeigniter4\framework\system\CodeIgniter.php(432): CodeIgniter\CodeIgniter->runController(Object(App\Controllers\Buku))
#7 C:\xampp\htdocs\pemweb\projek-akhir\vendor\codeigniter4\framework\system\CodeIgniter.php(333): CodeIgniter\CodeIgniter->handleRequest(NULL, Object(Config\Cache), false)
#8 C:\xampp\htdocs\pemweb\projek-akhir\public\index.php(44): CodeIgniter\CodeIgniter->run()
#9 C:\xampp\htdocs\pemweb\projek-akhir\vendor\codeigniter4\framework\system\Commands\Server\rewrite.php(45): require_once('C:\\xampp\\htdocs...')
#10 {main}
CRITICAL - 2021-05-17 06:14:49 --> Undefined variable $vars
#0 C:\xampp\htdocs\pemweb\projek-akhir\app\Views\buku\listBuku.php(5): CodeIgniter\Debug\Exceptions->errorHandler(2, 'Undefined varia...', 'C:\\xampp\\htdocs...', 5)
#1 C:\xampp\htdocs\pemweb\projek-akhir\vendor\codeigniter4\framework\system\View\View.php(220): include('C:\\xampp\\htdocs...')
#2 C:\xampp\htdocs\pemweb\projek-akhir\vendor\codeigniter4\framework\system\View\View.php(222): CodeIgniter\View\View->CodeIgniter\View\{closure}()
#3 C:\xampp\htdocs\pemweb\projek-akhir\vendor\codeigniter4\framework\system\Common.php(1217): CodeIgniter\View\View->render('buku/listBuku', Array, true)
#4 C:\xampp\htdocs\pemweb\projek-akhir\app\Controllers\Buku.php(26): view('buku/listBuku', Array)
#5 C:\xampp\htdocs\pemweb\projek-akhir\vendor\codeigniter4\framework\system\CodeIgniter.php(936): App\Controllers\Buku->showData()
#6 C:\xampp\htdocs\pemweb\projek-akhir\vendor\codeigniter4\framework\system\CodeIgniter.php(432): CodeIgniter\CodeIgniter->runController(Object(App\Controllers\Buku))
#7 C:\xampp\htdocs\pemweb\projek-akhir\vendor\codeigniter4\framework\system\CodeIgniter.php(333): CodeIgniter\CodeIgniter->handleRequest(NULL, Object(Config\Cache), false)
#8 C:\xampp\htdocs\pemweb\projek-akhir\public\index.php(44): CodeIgniter\CodeIgniter->run()
#9 C:\xampp\htdocs\pemweb\projek-akhir\vendor\codeigniter4\framework\system\Commands\Server\rewrite.php(45): require_once('C:\\xampp\\htdocs...')
#10 {main}
CRITICAL - 2021-05-17 06:16:09 --> Undefined variable $vars
#0 C:\xampp\htdocs\pemweb\projek-akhir\app\Views\buku\listBuku.php(5): CodeIgniter\Debug\Exceptions->errorHandler(2, 'Undefined varia...', 'C:\\xampp\\htdocs...', 5)
#1 C:\xampp\htdocs\pemweb\projek-akhir\vendor\codeigniter4\framework\system\View\View.php(220): include('C:\\xampp\\htdocs...')
#2 C:\xampp\htdocs\pemweb\projek-akhir\vendor\codeigniter4\framework\system\View\View.php(222): CodeIgniter\View\View->CodeIgniter\View\{closure}()
#3 C:\xampp\htdocs\pemweb\projek-akhir\vendor\codeigniter4\framework\system\Common.php(1217): CodeIgniter\View\View->render('buku/listBuku', Array, true)
#4 C:\xampp\htdocs\pemweb\projek-akhir\app\Controllers\Buku.php(26): view('buku/listBuku', Array)
#5 C:\xampp\htdocs\pemweb\projek-akhir\vendor\codeigniter4\framework\system\CodeIgniter.php(936): App\Controllers\Buku->showData()
#6 C:\xampp\htdocs\pemweb\projek-akhir\vendor\codeigniter4\framework\system\CodeIgniter.php(432): CodeIgniter\CodeIgniter->runController(Object(App\Controllers\Buku))
#7 C:\xampp\htdocs\pemweb\projek-akhir\vendor\codeigniter4\framework\system\CodeIgniter.php(333): CodeIgniter\CodeIgniter->handleRequest(NULL, Object(Config\Cache), false)
#8 C:\xampp\htdocs\pemweb\projek-akhir\public\index.php(44): CodeIgniter\CodeIgniter->run()
#9 C:\xampp\htdocs\pemweb\projek-akhir\vendor\codeigniter4\framework\system\Commands\Server\rewrite.php(45): require_once('C:\\xampp\\htdocs...')
#10 {main}
CRITICAL - 2021-05-17 06:16:40 --> Undefined variable $table
#0 C:\xampp\htdocs\pemweb\projek-akhir\app\Views\buku\listBuku.php(5): CodeIgniter\Debug\Exceptions->errorHandler(2, 'Undefined varia...', 'C:\\xampp\\htdocs...', 5)
#1 C:\xampp\htdocs\pemweb\projek-akhir\vendor\codeigniter4\framework\system\View\View.php(220): include('C:\\xampp\\htdocs...')
#2 C:\xampp\htdocs\pemweb\projek-akhir\vendor\codeigniter4\framework\system\View\View.php(222): CodeIgniter\View\View->CodeIgniter\View\{closure}()
#3 C:\xampp\htdocs\pemweb\projek-akhir\vendor\codeigniter4\framework\system\Common.php(1217): CodeIgniter\View\View->render('buku/listBuku', Array, true)
#4 C:\xampp\htdocs\pemweb\projek-akhir\app\Controllers\Buku.php(26): view('buku/listBuku', Array)
#5 C:\xampp\htdocs\pemweb\projek-akhir\vendor\codeigniter4\framework\system\CodeIgniter.php(936): App\Controllers\Buku->showData()
#6 C:\xampp\htdocs\pemweb\projek-akhir\vendor\codeigniter4\framework\system\CodeIgniter.php(432): CodeIgniter\CodeIgniter->runController(Object(App\Controllers\Buku))
#7 C:\xampp\htdocs\pemweb\projek-akhir\vendor\codeigniter4\framework\system\CodeIgniter.php(333): CodeIgniter\CodeIgniter->handleRequest(NULL, Object(Config\Cache), false)
#8 C:\xampp\htdocs\pemweb\projek-akhir\public\index.php(44): CodeIgniter\CodeIgniter->run()
#9 C:\xampp\htdocs\pemweb\projek-akhir\vendor\codeigniter4\framework\system\Commands\Server\rewrite.php(45): require_once('C:\\xampp\\htdocs...')
#10 {main}
CRITICAL - 2021-05-17 06:16:41 --> Undefined variable $table
#0 C:\xampp\htdocs\pemweb\projek-akhir\app\Views\buku\listBuku.php(5): CodeIgniter\Debug\Exceptions->errorHandler(2, 'Undefined varia...', 'C:\\xampp\\htdocs...', 5)
#1 C:\xampp\htdocs\pemweb\projek-akhir\vendor\codeigniter4\framework\system\View\View.php(220): include('C:\\xampp\\htdocs...')
#2 C:\xampp\htdocs\pemweb\projek-akhir\vendor\codeigniter4\framework\system\View\View.php(222): CodeIgniter\View\View->CodeIgniter\View\{closure}()
#3 C:\xampp\htdocs\pemweb\projek-akhir\vendor\codeigniter4\framework\system\Common.php(1217): CodeIgniter\View\View->render('buku/listBuku', Array, true)
#4 C:\xampp\htdocs\pemweb\projek-akhir\app\Controllers\Buku.php(26): view('buku/listBuku', Array)
#5 C:\xampp\htdocs\pemweb\projek-akhir\vendor\codeigniter4\framework\system\CodeIgniter.php(936): App\Controllers\Buku->showData()
#6 C:\xampp\htdocs\pemweb\projek-akhir\vendor\codeigniter4\framework\system\CodeIgniter.php(432): CodeIgniter\CodeIgniter->runController(Object(App\Controllers\Buku))
#7 C:\xampp\htdocs\pemweb\projek-akhir\vendor\codeigniter4\framework\system\CodeIgniter.php(333): CodeIgniter\CodeIgniter->handleRequest(NULL, Object(Config\Cache), false)
#8 C:\xampp\htdocs\pemweb\projek-akhir\public\index.php(44): CodeIgniter\CodeIgniter->run()
#9 C:\xampp\htdocs\pemweb\projek-akhir\vendor\codeigniter4\framework\system\Commands\Server\rewrite.php(45): require_once('C:\\xampp\\htdocs...')
#10 {main}
CRITICAL - 2021-05-17 06:16:46 --> Undefined variable $buku
#0 C:\xampp\htdocs\pemweb\projek-akhir\app\Views\buku\listBuku.php(5): CodeIgniter\Debug\Exceptions->errorHandler(2, 'Undefined varia...', 'C:\\xampp\\htdocs...', 5)
#1 C:\xampp\htdocs\pemweb\projek-akhir\vendor\codeigniter4\framework\system\View\View.php(220): include('C:\\xampp\\htdocs...')
#2 C:\xampp\htdocs\pemweb\projek-akhir\vendor\codeigniter4\framework\system\View\View.php(222): CodeIgniter\View\View->CodeIgniter\View\{closure}()
#3 C:\xampp\htdocs\pemweb\projek-akhir\vendor\codeigniter4\framework\system\Common.php(1217): CodeIgniter\View\View->render('buku/listBuku', Array, true)
#4 C:\xampp\htdocs\pemweb\projek-akhir\app\Controllers\Buku.php(26): view('buku/listBuku', Array)
#5 C:\xampp\htdocs\pemweb\projek-akhir\vendor\codeigniter4\framework\system\CodeIgniter.php(936): App\Controllers\Buku->showData()
#6 C:\xampp\htdocs\pemweb\projek-akhir\vendor\codeigniter4\framework\system\CodeIgniter.php(432): CodeIgniter\CodeIgniter->runController(Object(App\Controllers\Buku))
#7 C:\xampp\htdocs\pemweb\projek-akhir\vendor\codeigniter4\framework\system\CodeIgniter.php(333): CodeIgniter\CodeIgniter->handleRequest(NULL, Object(Config\Cache), false)
#8 C:\xampp\htdocs\pemweb\projek-akhir\public\index.php(44): CodeIgniter\CodeIgniter->run()
#9 C:\xampp\htdocs\pemweb\projek-akhir\vendor\codeigniter4\framework\system\Commands\Server\rewrite.php(45): require_once('C:\\xampp\\htdocs...')
#10 {main}
CRITICAL - 2021-05-17 06:16:47 --> Undefined variable $buku
#0 C:\xampp\htdocs\pemweb\projek-akhir\app\Views\buku\listBuku.php(5): CodeIgniter\Debug\Exceptions->errorHandler(2, 'Undefined varia...', 'C:\\xampp\\htdocs...', 5)
#1 C:\xampp\htdocs\pemweb\projek-akhir\vendor\codeigniter4\framework\system\View\View.php(220): include('C:\\xampp\\htdocs...')
#2 C:\xampp\htdocs\pemweb\projek-akhir\vendor\codeigniter4\framework\system\View\View.php(222): CodeIgniter\View\View->CodeIgniter\View\{closure}()
#3 C:\xampp\htdocs\pemweb\projek-akhir\vendor\codeigniter4\framework\system\Common.php(1217): CodeIgniter\View\View->render('buku/listBuku', Array, true)
#4 C:\xampp\htdocs\pemweb\projek-akhir\app\Controllers\Buku.php(26): view('buku/listBuku', Array)
#5 C:\xampp\htdocs\pemweb\projek-akhir\vendor\codeigniter4\framework\system\CodeIgniter.php(936): App\Controllers\Buku->showData()
#6 C:\xampp\htdocs\pemweb\projek-akhir\vendor\codeigniter4\framework\system\CodeIgniter.php(432): CodeIgniter\CodeIgniter->runController(Object(App\Controllers\Buku))
#7 C:\xampp\htdocs\pemweb\projek-akhir\vendor\codeigniter4\framework\system\CodeIgniter.php(333): CodeIgniter\CodeIgniter->handleRequest(NULL, Object(Config\Cache), false)
#8 C:\xampp\htdocs\pemweb\projek-akhir\public\index.php(44): CodeIgniter\CodeIgniter->run()
#9 C:\xampp\htdocs\pemweb\projek-akhir\vendor\codeigniter4\framework\system\Commands\Server\rewrite.php(45): require_once('C:\\xampp\\htdocs...')
#10 {main}
CRITICAL - 2021-05-17 06:17:13 --> syntax error, unexpected integer "0", expecting variable or "{" or "$"
#0 C:\xampp\htdocs\pemweb\projek-akhir\vendor\codeigniter4\framework\system\View\View.php(222): CodeIgniter\View\View->CodeIgniter\View\{closure}()
#1 C:\xampp\htdocs\pemweb\projek-akhir\vendor\codeigniter4\framework\system\Common.php(1217): CodeIgniter\View\View->render('buku/listBuku', Array, true)
#2 C:\xampp\htdocs\pemweb\projek-akhir\app\Controllers\Buku.php(26): view('buku/listBuku', Array)
#3 C:\xampp\htdocs\pemweb\projek-akhir\vendor\codeigniter4\framework\system\CodeIgniter.php(936): App\Controllers\Buku->showData()
#4 C:\xampp\htdocs\pemweb\projek-akhir\vendor\codeigniter4\framework\system\CodeIgniter.php(432): CodeIgniter\CodeIgniter->runController(Object(App\Controllers\Buku))
#5 C:\xampp\htdocs\pemweb\projek-akhir\vendor\codeigniter4\framework\system\CodeIgniter.php(333): CodeIgniter\CodeIgniter->handleRequest(NULL, Object(Config\Cache), false)
#6 C:\xampp\htdocs\pemweb\projek-akhir\public\index.php(44): CodeIgniter\CodeIgniter->run()
#7 C:\xampp\htdocs\pemweb\projek-akhir\vendor\codeigniter4\framework\system\Commands\Server\rewrite.php(45): require_once('C:\\xampp\\htdocs...')
#8 {main}
CRITICAL - 2021-05-17 06:17:21 --> Undefined variable $data
#0 C:\xampp\htdocs\pemweb\projek-akhir\app\Views\buku\listBuku.php(5): CodeIgniter\Debug\Exceptions->errorHandler(2, 'Undefined varia...', 'C:\\xampp\\htdocs...', 5)
#1 C:\xampp\htdocs\pemweb\projek-akhir\vendor\codeigniter4\framework\system\View\View.php(220): include('C:\\xampp\\htdocs...')
#2 C:\xampp\htdocs\pemweb\projek-akhir\vendor\codeigniter4\framework\system\View\View.php(222): CodeIgniter\View\View->CodeIgniter\View\{closure}()
#3 C:\xampp\htdocs\pemweb\projek-akhir\vendor\codeigniter4\framework\system\Common.php(1217): CodeIgniter\View\View->render('buku/listBuku', Array, true)
#4 C:\xampp\htdocs\pemweb\projek-akhir\app\Controllers\Buku.php(26): view('buku/listBuku', Array)
#5 C:\xampp\htdocs\pemweb\projek-akhir\vendor\codeigniter4\framework\system\CodeIgniter.php(936): App\Controllers\Buku->showData()
#6 C:\xampp\htdocs\pemweb\projek-akhir\vendor\codeigniter4\framework\system\CodeIgniter.php(432): CodeIgniter\CodeIgniter->runController(Object(App\Controllers\Buku))
#7 C:\xampp\htdocs\pemweb\projek-akhir\vendor\codeigniter4\framework\system\CodeIgniter.php(333): CodeIgniter\CodeIgniter->handleRequest(NULL, Object(Config\Cache), false)
#8 C:\xampp\htdocs\pemweb\projek-akhir\public\index.php(44): CodeIgniter\CodeIgniter->run()
#9 C:\xampp\htdocs\pemweb\projek-akhir\vendor\codeigniter4\framework\system\Commands\Server\rewrite.php(45): require_once('C:\\xampp\\htdocs...')
#10 {main}
CRITICAL - 2021-05-17 06:17:22 --> Undefined variable $data
#0 C:\xampp\htdocs\pemweb\projek-akhir\app\Views\buku\listBuku.php(5): CodeIgniter\Debug\Exceptions->errorHandler(2, 'Undefined varia...', 'C:\\xampp\\htdocs...', 5)
#1 C:\xampp\htdocs\pemweb\projek-akhir\vendor\codeigniter4\framework\system\View\View.php(220): include('C:\\xampp\\htdocs...')
#2 C:\xampp\htdocs\pemweb\projek-akhir\vendor\codeigniter4\framework\system\View\View.php(222): CodeIgniter\View\View->CodeIgniter\View\{closure}()
#3 C:\xampp\htdocs\pemweb\projek-akhir\vendor\codeigniter4\framework\system\Common.php(1217): CodeIgniter\View\View->render('buku/listBuku', Array, true)
#4 C:\xampp\htdocs\pemweb\projek-akhir\app\Controllers\Buku.php(26): view('buku/listBuku', Array)
#5 C:\xampp\htdocs\pemweb\projek-akhir\vendor\codeigniter4\framework\system\CodeIgniter.php(936): App\Controllers\Buku->showData()
#6 C:\xampp\htdocs\pemweb\projek-akhir\vendor\codeigniter4\framework\system\CodeIgniter.php(432): CodeIgniter\CodeIgniter->runController(Object(App\Controllers\Buku))
#7 C:\xampp\htdocs\pemweb\projek-akhir\vendor\codeigniter4\framework\system\CodeIgniter.php(333): CodeIgniter\CodeIgniter->handleRequest(NULL, Object(Config\Cache), false)
#8 C:\xampp\htdocs\pemweb\projek-akhir\public\index.php(44): CodeIgniter\CodeIgniter->run()
#9 C:\xampp\htdocs\pemweb\projek-akhir\vendor\codeigniter4\framework\system\Commands\Server\rewrite.php(45): require_once('C:\\xampp\\htdocs...')
#10 {main}
CRITICAL - 2021-05-17 06:17:23 --> Undefined variable $data
#0 C:\xampp\htdocs\pemweb\projek-akhir\app\Views\buku\listBuku.php(5): CodeIgniter\Debug\Exceptions->errorHandler(2, 'Undefined varia...', 'C:\\xampp\\htdocs...', 5)
#1 C:\xampp\htdocs\pemweb\projek-akhir\vendor\codeigniter4\framework\system\View\View.php(220): include('C:\\xampp\\htdocs...')
#2 C:\xampp\htdocs\pemweb\projek-akhir\vendor\codeigniter4\framework\system\View\View.php(222): CodeIgniter\View\View->CodeIgniter\View\{closure}()
#3 C:\xampp\htdocs\pemweb\projek-akhir\vendor\codeigniter4\framework\system\Common.php(1217): CodeIgniter\View\View->render('buku/listBuku', Array, true)
#4 C:\xampp\htdocs\pemweb\projek-akhir\app\Controllers\Buku.php(26): view('buku/listBuku', Array)
#5 C:\xampp\htdocs\pemweb\projek-akhir\vendor\codeigniter4\framework\system\CodeIgniter.php(936): App\Controllers\Buku->showData()
#6 C:\xampp\htdocs\pemweb\projek-akhir\vendor\codeigniter4\framework\system\CodeIgniter.php(432): CodeIgniter\CodeIgniter->runController(Object(App\Controllers\Buku))
#7 C:\xampp\htdocs\pemweb\projek-akhir\vendor\codeigniter4\framework\system\CodeIgniter.php(333): CodeIgniter\CodeIgniter->handleRequest(NULL, Object(Config\Cache), false)
#8 C:\xampp\htdocs\pemweb\projek-akhir\public\index.php(44): CodeIgniter\CodeIgniter->run()
#9 C:\xampp\htdocs\pemweb\projek-akhir\vendor\codeigniter4\framework\system\Commands\Server\rewrite.php(45): require_once('C:\\xampp\\htdocs...')
#10 {main}
CRITICAL - 2021-05-17 06:17:23 --> Undefined variable $data
#0 C:\xampp\htdocs\pemweb\projek-akhir\app\Views\buku\listBuku.php(5): CodeIgniter\Debug\Exceptions->errorHandler(2, 'Undefined varia...', 'C:\\xampp\\htdocs...', 5)
#1 C:\xampp\htdocs\pemweb\projek-akhir\vendor\codeigniter4\framework\system\View\View.php(220): include('C:\\xampp\\htdocs...')
#2 C:\xampp\htdocs\pemweb\projek-akhir\vendor\codeigniter4\framework\system\View\View.php(222): CodeIgniter\View\View->CodeIgniter\View\{closure}()
#3 C:\xampp\htdocs\pemweb\projek-akhir\vendor\codeigniter4\framework\system\Common.php(1217): CodeIgniter\View\View->render('buku/listBuku', Array, true)
#4 C:\xampp\htdocs\pemweb\projek-akhir\app\Controllers\Buku.php(26): view('buku/listBuku', Array)
#5 C:\xampp\htdocs\pemweb\projek-akhir\vendor\codeigniter4\framework\system\CodeIgniter.php(936): App\Controllers\Buku->showData()
#6 C:\xampp\htdocs\pemweb\projek-akhir\vendor\codeigniter4\framework\system\CodeIgniter.php(432): CodeIgniter\CodeIgniter->runController(Object(App\Controllers\Buku))
#7 C:\xampp\htdocs\pemweb\projek-akhir\vendor\codeigniter4\framework\system\CodeIgniter.php(333): CodeIgniter\CodeIgniter->handleRequest(NULL, Object(Config\Cache), false)
#8 C:\xampp\htdocs\pemweb\projek-akhir\public\index.php(44): CodeIgniter\CodeIgniter->run()
#9 C:\xampp\htdocs\pemweb\projek-akhir\vendor\codeigniter4\framework\system\Commands\Server\rewrite.php(45): require_once('C:\\xampp\\htdocs...')
#10 {main}
CRITICAL - 2021-05-17 06:19:42 --> Undefined variable $row
#0 C:\xampp\htdocs\pemweb\projek-akhir\app\Views\buku\listBuku.php(21): CodeIgniter\Debug\Exceptions->errorHandler(2, 'Undefined varia...', 'C:\\xampp\\htdocs...', 21)
#1 C:\xampp\htdocs\pemweb\projek-akhir\vendor\codeigniter4\framework\system\View\View.php(220): include('C:\\xampp\\htdocs...')
#2 C:\xampp\htdocs\pemweb\projek-akhir\vendor\codeigniter4\framework\system\View\View.php(222): CodeIgniter\View\View->CodeIgniter\View\{closure}()
#3 C:\xampp\htdocs\pemweb\projek-akhir\vendor\codeigniter4\framework\system\Common.php(1217): CodeIgniter\View\View->render('buku/listBuku', Array, true)
#4 C:\xampp\htdocs\pemweb\projek-akhir\app\Controllers\Buku.php(26): view('buku/listBuku', Array)
#5 C:\xampp\htdocs\pemweb\projek-akhir\vendor\codeigniter4\framework\system\CodeIgniter.php(936): App\Controllers\Buku->showData()
#6 C:\xampp\htdocs\pemweb\projek-akhir\vendor\codeigniter4\framework\system\CodeIgniter.php(432): CodeIgniter\CodeIgniter->runController(Object(App\Controllers\Buku))
#7 C:\xampp\htdocs\pemweb\projek-akhir\vendor\codeigniter4\framework\system\CodeIgniter.php(333): CodeIgniter\CodeIgniter->handleRequest(NULL, Object(Config\Cache), false)
#8 C:\xampp\htdocs\pemweb\projek-akhir\public\index.php(44): CodeIgniter\CodeIgniter->run()
#9 C:\xampp\htdocs\pemweb\projek-akhir\vendor\codeigniter4\framework\system\Commands\Server\rewrite.php(45): require_once('C:\\xampp\\htdocs...')
#10 {main}
CRITICAL - 2021-05-17 06:21:21 --> Undefined array key "status"
#0 C:\xampp\htdocs\pemweb\projek-akhir\app\Views\buku\listBuku.php(24): CodeIgniter\Debug\Exceptions->errorHandler(2, 'Undefined array...', 'C:\\xampp\\htdocs...', 24)
#1 C:\xampp\htdocs\pemweb\projek-akhir\vendor\codeigniter4\framework\system\View\View.php(220): include('C:\\xampp\\htdocs...')
#2 C:\xampp\htdocs\pemweb\projek-akhir\vendor\codeigniter4\framework\system\View\View.php(222): CodeIgniter\View\View->CodeIgniter\View\{closure}()
#3 C:\xampp\htdocs\pemweb\projek-akhir\vendor\codeigniter4\framework\system\Common.php(1217): CodeIgniter\View\View->render('buku/listBuku', Array, true)
#4 C:\xampp\htdocs\pemweb\projek-akhir\app\Controllers\Buku.php(26): view('buku/listBuku', Array)
#5 C:\xampp\htdocs\pemweb\projek-akhir\vendor\codeigniter4\framework\system\CodeIgniter.php(936): App\Controllers\Buku->showData()
#6 C:\xampp\htdocs\pemweb\projek-akhir\vendor\codeigniter4\framework\system\CodeIgniter.php(432): CodeIgniter\CodeIgniter->runController(Object(App\Controllers\Buku))
#7 C:\xampp\htdocs\pemweb\projek-akhir\vendor\codeigniter4\framework\system\CodeIgniter.php(333): CodeIgniter\CodeIgniter->handleRequest(NULL, Object(Config\Cache), false)
#8 C:\xampp\htdocs\pemweb\projek-akhir\public\index.php(44): CodeIgniter\CodeIgniter->run()
#9 C:\xampp\htdocs\pemweb\projek-akhir\vendor\codeigniter4\framework\system\Commands\Server\rewrite.php(45): require_once('C:\\xampp\\htdocs...')
#10 {main}
CRITICAL - 2021-05-17 06:21:23 --> Undefined array key "status"
#0 C:\xampp\htdocs\pemweb\projek-akhir\app\Views\buku\listBuku.php(24): CodeIgniter\Debug\Exceptions->errorHandler(2, 'Undefined array...', 'C:\\xampp\\htdocs...', 24)
#1 C:\xampp\htdocs\pemweb\projek-akhir\vendor\codeigniter4\framework\system\View\View.php(220): include('C:\\xampp\\htdocs...')
#2 C:\xampp\htdocs\pemweb\projek-akhir\vendor\codeigniter4\framework\system\View\View.php(222): CodeIgniter\View\View->CodeIgniter\View\{closure}()
#3 C:\xampp\htdocs\pemweb\projek-akhir\vendor\codeigniter4\framework\system\Common.php(1217): CodeIgniter\View\View->render('buku/listBuku', Array, true)
#4 C:\xampp\htdocs\pemweb\projek-akhir\app\Controllers\Buku.php(26): view('buku/listBuku', Array)
#5 C:\xampp\htdocs\pemweb\projek-akhir\vendor\codeigniter4\framework\system\CodeIgniter.php(936): App\Controllers\Buku->showData()
#6 C:\xampp\htdocs\pemweb\projek-akhir\vendor\codeigniter4\framework\system\CodeIgniter.php(432): CodeIgniter\CodeIgniter->runController(Object(App\Controllers\Buku))
#7 C:\xampp\htdocs\pemweb\projek-akhir\vendor\codeigniter4\framework\system\CodeIgniter.php(333): CodeIgniter\CodeIgniter->handleRequest(NULL, Object(Config\Cache), false)
#8 C:\xampp\htdocs\pemweb\projek-akhir\public\index.php(44): CodeIgniter\CodeIgniter->run()
#9 C:\xampp\htdocs\pemweb\projek-akhir\vendor\codeigniter4\framework\system\Commands\Server\rewrite.php(45): require_once('C:\\xampp\\htdocs...')
#10 {main}
