CRITICAL - 2021-05-20 00:12:09 --> Invalid file: buku/insertForm.php
#0 C:\xampp\htdocs\pemweb\projek-akhir\vendor\codeigniter4\framework\system\View\View.php(203): CodeIgniter\Exceptions\FrameworkException::forInvalidFile('buku/insertForm...')
#1 C:\xampp\htdocs\pemweb\projek-akhir\vendor\codeigniter4\framework\system\Common.php(1217): CodeIgniter\View\View->render('buku/insertForm', Array, true)
#2 C:\xampp\htdocs\pemweb\projek-akhir\app\Controllers\Admin.php(16): view('buku/insertForm', Array)
#3 C:\xampp\htdocs\pemweb\projek-akhir\vendor\codeigniter4\framework\system\CodeIgniter.php(936): App\Controllers\Admin->addData()
#4 C:\xampp\htdocs\pemweb\projek-akhir\vendor\codeigniter4\framework\system\CodeIgniter.php(432): CodeIgniter\CodeIgniter->runController(Object(App\Controllers\Admin))
#5 C:\xampp\htdocs\pemweb\projek-akhir\vendor\codeigniter4\framework\system\CodeIgniter.php(333): CodeIgniter\CodeIgniter->handleRequest(NULL, Object(Config\Cache), false)
#6 C:\xampp\htdocs\pemweb\projek-akhir\public\index.php(44): CodeIgniter\CodeIgniter->run()
#7 C:\xampp\htdocs\pemweb\projek-akhir\vendor\codeigniter4\framework\system\Commands\Server\rewrite.php(45): require_once('C:\\xampp\\htdocs...')
#8 {main}
CRITICAL - 2021-05-20 00:13:47 --> Undefined variable $data
#0 C:\xampp\htdocs\pemweb\projek-akhir\app\Views\buku\form.php(10): CodeIgniter\Debug\Exceptions->errorHandler(2, 'Undefined varia...', 'C:\\xampp\\htdocs...', 10)
#1 C:\xampp\htdocs\pemweb\projek-akhir\vendor\codeigniter4\framework\system\View\View.php(220): include('C:\\xampp\\htdocs...')
#2 C:\xampp\htdocs\pemweb\projek-akhir\vendor\codeigniter4\framework\system\View\View.php(222): CodeIgniter\View\View->CodeIgniter\View\{closure}()
#3 C:\xampp\htdocs\pemweb\projek-akhir\vendor\codeigniter4\framework\system\Common.php(1217): CodeIgniter\View\View->render('buku/form', Array, true)
#4 C:\xampp\htdocs\pemweb\projek-akhir\app\Views\buku\edit.php(2): view('buku/form')
#5 C:\xampp\htdocs\pemweb\projek-akhir\vendor\codeigniter4\framework\system\View\View.php(220): include('C:\\xampp\\htdocs...')
#6 C:\xampp\htdocs\pemweb\projek-akhir\vendor\codeigniter4\framework\system\View\View.php(222): CodeIgniter\View\View->CodeIgniter\View\{closure}()
#7 C:\xampp\htdocs\pemweb\projek-akhir\vendor\codeigniter4\framework\system\Common.php(1217): CodeIgniter\View\View->render('buku/edit', Array, true)
#8 C:\xampp\htdocs\pemweb\projek-akhir\app\Controllers\Admin.php(24): view('buku/edit', Array)
#9 C:\xampp\htdocs\pemweb\projek-akhir\vendor\codeigniter4\framework\system\CodeIgniter.php(936): App\Controllers\Admin->editData()
#10 C:\xampp\htdocs\pemweb\projek-akhir\vendor\codeigniter4\framework\system\CodeIgniter.php(432): CodeIgniter\CodeIgniter->runController(Object(App\Controllers\Admin))
#11 C:\xampp\htdocs\pemweb\projek-akhir\vendor\codeigniter4\framework\system\CodeIgniter.php(333): CodeIgniter\CodeIgniter->handleRequest(NULL, Object(Config\Cache), false)
#12 C:\xampp\htdocs\pemweb\projek-akhir\public\index.php(44): CodeIgniter\CodeIgniter->run()
#13 C:\xampp\htdocs\pemweb\projek-akhir\vendor\codeigniter4\framework\system\Commands\Server\rewrite.php(45): require_once('C:\\xampp\\htdocs...')
#14 {main}
CRITICAL - 2021-05-20 00:13:55 --> Undefined variable $data
#0 C:\xampp\htdocs\pemweb\projek-akhir\app\Views\buku\form.php(10): CodeIgniter\Debug\Exceptions->errorHandler(2, 'Undefined varia...', 'C:\\xampp\\htdocs...', 10)
#1 C:\xampp\htdocs\pemweb\projek-akhir\vendor\codeigniter4\framework\system\View\View.php(220): include('C:\\xampp\\htdocs...')
#2 C:\xampp\htdocs\pemweb\projek-akhir\vendor\codeigniter4\framework\system\View\View.php(222): CodeIgniter\View\View->CodeIgniter\View\{closure}()
#3 C:\xampp\htdocs\pemweb\projek-akhir\vendor\codeigniter4\framework\system\Common.php(1217): CodeIgniter\View\View->render('buku/form', Array, true)
#4 C:\xampp\htdocs\pemweb\projek-akhir\app\Views\buku\insert.php(2): view('buku/form')
#5 C:\xampp\htdocs\pemweb\projek-akhir\vendor\codeigniter4\framework\system\View\View.php(220): include('C:\\xampp\\htdocs...')
#6 C:\xampp\htdocs\pemweb\projek-akhir\vendor\codeigniter4\framework\system\View\View.php(222): CodeIgniter\View\View->CodeIgniter\View\{closure}()
#7 C:\xampp\htdocs\pemweb\projek-akhir\vendor\codeigniter4\framework\system\Common.php(1217): CodeIgniter\View\View->render('buku/insert', Array, true)
#8 C:\xampp\htdocs\pemweb\projek-akhir\app\Controllers\Admin.php(16): view('buku/insert', Array)
#9 C:\xampp\htdocs\pemweb\projek-akhir\vendor\codeigniter4\framework\system\CodeIgniter.php(936): App\Controllers\Admin->addData()
#10 C:\xampp\htdocs\pemweb\projek-akhir\vendor\codeigniter4\framework\system\CodeIgniter.php(432): CodeIgniter\CodeIgniter->runController(Object(App\Controllers\Admin))
#11 C:\xampp\htdocs\pemweb\projek-akhir\vendor\codeigniter4\framework\system\CodeIgniter.php(333): CodeIgniter\CodeIgniter->handleRequest(NULL, Object(Config\Cache), false)
#12 C:\xampp\htdocs\pemweb\projek-akhir\public\index.php(44): CodeIgniter\CodeIgniter->run()
#13 C:\xampp\htdocs\pemweb\projek-akhir\vendor\codeigniter4\framework\system\Commands\Server\rewrite.php(45): require_once('C:\\xampp\\htdocs...')
#14 {main}
CRITICAL - 2021-05-20 00:14:00 --> Undefined variable $data
#0 C:\xampp\htdocs\pemweb\projek-akhir\app\Views\buku\form.php(10): CodeIgniter\Debug\Exceptions->errorHandler(2, 'Undefined varia...', 'C:\\xampp\\htdocs...', 10)
#1 C:\xampp\htdocs\pemweb\projek-akhir\vendor\codeigniter4\framework\system\View\View.php(220): include('C:\\xampp\\htdocs...')
#2 C:\xampp\htdocs\pemweb\projek-akhir\vendor\codeigniter4\framework\system\View\View.php(222): CodeIgniter\View\View->CodeIgniter\View\{closure}()
#3 C:\xampp\htdocs\pemweb\projek-akhir\vendor\codeigniter4\framework\system\Common.php(1217): CodeIgniter\View\View->render('buku/form', Array, true)
#4 C:\xampp\htdocs\pemweb\projek-akhir\app\Views\buku\insert.php(2): view('buku/form')
#5 C:\xampp\htdocs\pemweb\projek-akhir\vendor\codeigniter4\framework\system\View\View.php(220): include('C:\\xampp\\htdocs...')
#6 C:\xampp\htdocs\pemweb\projek-akhir\vendor\codeigniter4\framework\system\View\View.php(222): CodeIgniter\View\View->CodeIgniter\View\{closure}()
#7 C:\xampp\htdocs\pemweb\projek-akhir\vendor\codeigniter4\framework\system\Common.php(1217): CodeIgniter\View\View->render('buku/insert', Array, true)
#8 C:\xampp\htdocs\pemweb\projek-akhir\app\Controllers\Admin.php(16): view('buku/insert', Array)
#9 C:\xampp\htdocs\pemweb\projek-akhir\vendor\codeigniter4\framework\system\CodeIgniter.php(936): App\Controllers\Admin->addData()
#10 C:\xampp\htdocs\pemweb\projek-akhir\vendor\codeigniter4\framework\system\CodeIgniter.php(432): CodeIgniter\CodeIgniter->runController(Object(App\Controllers\Admin))
#11 C:\xampp\htdocs\pemweb\projek-akhir\vendor\codeigniter4\framework\system\CodeIgniter.php(333): CodeIgniter\CodeIgniter->handleRequest(NULL, Object(Config\Cache), false)
#12 C:\xampp\htdocs\pemweb\projek-akhir\public\index.php(44): CodeIgniter\CodeIgniter->run()
#13 C:\xampp\htdocs\pemweb\projek-akhir\vendor\codeigniter4\framework\system\Commands\Server\rewrite.php(45): require_once('C:\\xampp\\htdocs...')
#14 {main}
CRITICAL - 2021-05-20 00:17:29 --> Undefined array key "namaPenulis"
#0 C:\xampp\htdocs\pemweb\projek-akhir\app\Views\buku\form.php(30): CodeIgniter\Debug\Exceptions->errorHandler(2, 'Undefined array...', 'C:\\xampp\\htdocs...', 30)
#1 C:\xampp\htdocs\pemweb\projek-akhir\vendor\codeigniter4\framework\system\View\View.php(220): include('C:\\xampp\\htdocs...')
#2 C:\xampp\htdocs\pemweb\projek-akhir\vendor\codeigniter4\framework\system\View\View.php(222): CodeIgniter\View\View->CodeIgniter\View\{closure}()
#3 C:\xampp\htdocs\pemweb\projek-akhir\vendor\codeigniter4\framework\system\Common.php(1217): CodeIgniter\View\View->render('buku/form', Array, true)
#4 C:\xampp\htdocs\pemweb\projek-akhir\app\Views\buku\edit.php(2): view('buku/form')
#5 C:\xampp\htdocs\pemweb\projek-akhir\vendor\codeigniter4\framework\system\View\View.php(220): include('C:\\xampp\\htdocs...')
#6 C:\xampp\htdocs\pemweb\projek-akhir\vendor\codeigniter4\framework\system\View\View.php(222): CodeIgniter\View\View->CodeIgniter\View\{closure}()
#7 C:\xampp\htdocs\pemweb\projek-akhir\vendor\codeigniter4\framework\system\Common.php(1217): CodeIgniter\View\View->render('buku/edit', Array, true)
#8 C:\xampp\htdocs\pemweb\projek-akhir\app\Controllers\Admin.php(26): view('buku/edit', Array)
#9 C:\xampp\htdocs\pemweb\projek-akhir\vendor\codeigniter4\framework\system\CodeIgniter.php(936): App\Controllers\Admin->editData('9789791683319')
#10 C:\xampp\htdocs\pemweb\projek-akhir\vendor\codeigniter4\framework\system\CodeIgniter.php(432): CodeIgniter\CodeIgniter->runController(Object(App\Controllers\Admin))
#11 C:\xampp\htdocs\pemweb\projek-akhir\vendor\codeigniter4\framework\system\CodeIgniter.php(333): CodeIgniter\CodeIgniter->handleRequest(NULL, Object(Config\Cache), false)
#12 C:\xampp\htdocs\pemweb\projek-akhir\public\index.php(44): CodeIgniter\CodeIgniter->run()
#13 C:\xampp\htdocs\pemweb\projek-akhir\vendor\codeigniter4\framework\system\Commands\Server\rewrite.php(45): require_once('C:\\xampp\\htdocs...')
#14 {main}
CRITICAL - 2021-05-20 00:18:27 --> Undefined array key "namaPenulis"
#0 C:\xampp\htdocs\pemweb\projek-akhir\app\Views\buku\form.php(30): CodeIgniter\Debug\Exceptions->errorHandler(2, 'Undefined array...', 'C:\\xampp\\htdocs...', 30)
#1 C:\xampp\htdocs\pemweb\projek-akhir\vendor\codeigniter4\framework\system\View\View.php(220): include('C:\\xampp\\htdocs...')
#2 C:\xampp\htdocs\pemweb\projek-akhir\vendor\codeigniter4\framework\system\View\View.php(222): CodeIgniter\View\View->CodeIgniter\View\{closure}()
#3 C:\xampp\htdocs\pemweb\projek-akhir\vendor\codeigniter4\framework\system\Common.php(1217): CodeIgniter\View\View->render('buku/form', Array, true)
#4 C:\xampp\htdocs\pemweb\projek-akhir\app\Views\buku\edit.php(2): view('buku/form')
#5 C:\xampp\htdocs\pemweb\projek-akhir\vendor\codeigniter4\framework\system\View\View.php(220): include('C:\\xampp\\htdocs...')
#6 C:\xampp\htdocs\pemweb\projek-akhir\vendor\codeigniter4\framework\system\View\View.php(222): CodeIgniter\View\View->CodeIgniter\View\{closure}()
#7 C:\xampp\htdocs\pemweb\projek-akhir\vendor\codeigniter4\framework\system\Common.php(1217): CodeIgniter\View\View->render('buku/edit', Array, true)
#8 C:\xampp\htdocs\pemweb\projek-akhir\app\Controllers\Admin.php(26): view('buku/edit', Array)
#9 C:\xampp\htdocs\pemweb\projek-akhir\vendor\codeigniter4\framework\system\CodeIgniter.php(936): App\Controllers\Admin->editData('9789791683319')
#10 C:\xampp\htdocs\pemweb\projek-akhir\vendor\codeigniter4\framework\system\CodeIgniter.php(432): CodeIgniter\CodeIgniter->runController(Object(App\Controllers\Admin))
#11 C:\xampp\htdocs\pemweb\projek-akhir\vendor\codeigniter4\framework\system\CodeIgniter.php(333): CodeIgniter\CodeIgniter->handleRequest(NULL, Object(Config\Cache), false)
#12 C:\xampp\htdocs\pemweb\projek-akhir\public\index.php(44): CodeIgniter\CodeIgniter->run()
#13 C:\xampp\htdocs\pemweb\projek-akhir\vendor\codeigniter4\framework\system\Commands\Server\rewrite.php(45): require_once('C:\\xampp\\htdocs...')
#14 {main}
CRITICAL - 2021-05-20 00:18:29 --> Undefined array key "namaPenulis"
#0 C:\xampp\htdocs\pemweb\projek-akhir\app\Views\buku\form.php(30): CodeIgniter\Debug\Exceptions->errorHandler(2, 'Undefined array...', 'C:\\xampp\\htdocs...', 30)
#1 C:\xampp\htdocs\pemweb\projek-akhir\vendor\codeigniter4\framework\system\View\View.php(220): include('C:\\xampp\\htdocs...')
#2 C:\xampp\htdocs\pemweb\projek-akhir\vendor\codeigniter4\framework\system\View\View.php(222): CodeIgniter\View\View->CodeIgniter\View\{closure}()
#3 C:\xampp\htdocs\pemweb\projek-akhir\vendor\codeigniter4\framework\system\Common.php(1217): CodeIgniter\View\View->render('buku/form', Array, true)
#4 C:\xampp\htdocs\pemweb\projek-akhir\app\Views\buku\edit.php(2): view('buku/form')
#5 C:\xampp\htdocs\pemweb\projek-akhir\vendor\codeigniter4\framework\system\View\View.php(220): include('C:\\xampp\\htdocs...')
#6 C:\xampp\htdocs\pemweb\projek-akhir\vendor\codeigniter4\framework\system\View\View.php(222): CodeIgniter\View\View->CodeIgniter\View\{closure}()
#7 C:\xampp\htdocs\pemweb\projek-akhir\vendor\codeigniter4\framework\system\Common.php(1217): CodeIgniter\View\View->render('buku/edit', Array, true)
#8 C:\xampp\htdocs\pemweb\projek-akhir\app\Controllers\Admin.php(26): view('buku/edit', Array)
#9 C:\xampp\htdocs\pemweb\projek-akhir\vendor\codeigniter4\framework\system\CodeIgniter.php(936): App\Controllers\Admin->editData('9789791683319')
#10 C:\xampp\htdocs\pemweb\projek-akhir\vendor\codeigniter4\framework\system\CodeIgniter.php(432): CodeIgniter\CodeIgniter->runController(Object(App\Controllers\Admin))
#11 C:\xampp\htdocs\pemweb\projek-akhir\vendor\codeigniter4\framework\system\CodeIgniter.php(333): CodeIgniter\CodeIgniter->handleRequest(NULL, Object(Config\Cache), false)
#12 C:\xampp\htdocs\pemweb\projek-akhir\public\index.php(44): CodeIgniter\CodeIgniter->run()
#13 C:\xampp\htdocs\pemweb\projek-akhir\vendor\codeigniter4\framework\system\Commands\Server\rewrite.php(45): require_once('C:\\xampp\\htdocs...')
#14 {main}
CRITICAL - 2021-05-20 00:18:54 --> Undefined array key "namaPenulis"
#0 C:\xampp\htdocs\pemweb\projek-akhir\app\Views\buku\form.php(30): CodeIgniter\Debug\Exceptions->errorHandler(2, 'Undefined array...', 'C:\\xampp\\htdocs...', 30)
#1 C:\xampp\htdocs\pemweb\projek-akhir\vendor\codeigniter4\framework\system\View\View.php(220): include('C:\\xampp\\htdocs...')
#2 C:\xampp\htdocs\pemweb\projek-akhir\vendor\codeigniter4\framework\system\View\View.php(222): CodeIgniter\View\View->CodeIgniter\View\{closure}()
#3 C:\xampp\htdocs\pemweb\projek-akhir\vendor\codeigniter4\framework\system\Common.php(1217): CodeIgniter\View\View->render('buku/form', Array, true)
#4 C:\xampp\htdocs\pemweb\projek-akhir\app\Views\buku\edit.php(2): view('buku/form')
#5 C:\xampp\htdocs\pemweb\projek-akhir\vendor\codeigniter4\framework\system\View\View.php(220): include('C:\\xampp\\htdocs...')
#6 C:\xampp\htdocs\pemweb\projek-akhir\vendor\codeigniter4\framework\system\View\View.php(222): CodeIgniter\View\View->CodeIgniter\View\{closure}()
#7 C:\xampp\htdocs\pemweb\projek-akhir\vendor\codeigniter4\framework\system\Common.php(1217): CodeIgniter\View\View->render('buku/edit', Array, true)
#8 C:\xampp\htdocs\pemweb\projek-akhir\app\Controllers\Admin.php(26): view('buku/edit', Array)
#9 C:\xampp\htdocs\pemweb\projek-akhir\vendor\codeigniter4\framework\system\CodeIgniter.php(936): App\Controllers\Admin->editData('9789791683319')
#10 C:\xampp\htdocs\pemweb\projek-akhir\vendor\codeigniter4\framework\system\CodeIgniter.php(432): CodeIgniter\CodeIgniter->runController(Object(App\Controllers\Admin))
#11 C:\xampp\htdocs\pemweb\projek-akhir\vendor\codeigniter4\framework\system\CodeIgniter.php(333): CodeIgniter\CodeIgniter->handleRequest(NULL, Object(Config\Cache), false)
#12 C:\xampp\htdocs\pemweb\projek-akhir\public\index.php(44): CodeIgniter\CodeIgniter->run()
#13 C:\xampp\htdocs\pemweb\projek-akhir\vendor\codeigniter4\framework\system\Commands\Server\rewrite.php(45): require_once('C:\\xampp\\htdocs...')
#14 {main}
CRITICAL - 2021-05-20 00:18:55 --> Undefined array key "namaPenulis"
#0 C:\xampp\htdocs\pemweb\projek-akhir\app\Views\buku\form.php(30): CodeIgniter\Debug\Exceptions->errorHandler(2, 'Undefined array...', 'C:\\xampp\\htdocs...', 30)
#1 C:\xampp\htdocs\pemweb\projek-akhir\vendor\codeigniter4\framework\system\View\View.php(220): include('C:\\xampp\\htdocs...')
#2 C:\xampp\htdocs\pemweb\projek-akhir\vendor\codeigniter4\framework\system\View\View.php(222): CodeIgniter\View\View->CodeIgniter\View\{closure}()
#3 C:\xampp\htdocs\pemweb\projek-akhir\vendor\codeigniter4\framework\system\Common.php(1217): CodeIgniter\View\View->render('buku/form', Array, true)
#4 C:\xampp\htdocs\pemweb\projek-akhir\app\Views\buku\edit.php(2): view('buku/form')
#5 C:\xampp\htdocs\pemweb\projek-akhir\vendor\codeigniter4\framework\system\View\View.php(220): include('C:\\xampp\\htdocs...')
#6 C:\xampp\htdocs\pemweb\projek-akhir\vendor\codeigniter4\framework\system\View\View.php(222): CodeIgniter\View\View->CodeIgniter\View\{closure}()
#7 C:\xampp\htdocs\pemweb\projek-akhir\vendor\codeigniter4\framework\system\Common.php(1217): CodeIgniter\View\View->render('buku/edit', Array, true)
#8 C:\xampp\htdocs\pemweb\projek-akhir\app\Controllers\Admin.php(26): view('buku/edit', Array)
#9 C:\xampp\htdocs\pemweb\projek-akhir\vendor\codeigniter4\framework\system\CodeIgniter.php(936): App\Controllers\Admin->editData('9789791683319')
#10 C:\xampp\htdocs\pemweb\projek-akhir\vendor\codeigniter4\framework\system\CodeIgniter.php(432): CodeIgniter\CodeIgniter->runController(Object(App\Controllers\Admin))
#11 C:\xampp\htdocs\pemweb\projek-akhir\vendor\codeigniter4\framework\system\CodeIgniter.php(333): CodeIgniter\CodeIgniter->handleRequest(NULL, Object(Config\Cache), false)
#12 C:\xampp\htdocs\pemweb\projek-akhir\public\index.php(44): CodeIgniter\CodeIgniter->run()
#13 C:\xampp\htdocs\pemweb\projek-akhir\vendor\codeigniter4\framework\system\Commands\Server\rewrite.php(45): require_once('C:\\xampp\\htdocs...')
#14 {main}
CRITICAL - 2021-05-20 00:18:58 --> Undefined array key "namaPenulis"
#0 C:\xampp\htdocs\pemweb\projek-akhir\app\Views\buku\form.php(30): CodeIgniter\Debug\Exceptions->errorHandler(2, 'Undefined array...', 'C:\\xampp\\htdocs...', 30)
#1 C:\xampp\htdocs\pemweb\projek-akhir\vendor\codeigniter4\framework\system\View\View.php(220): include('C:\\xampp\\htdocs...')
#2 C:\xampp\htdocs\pemweb\projek-akhir\vendor\codeigniter4\framework\system\View\View.php(222): CodeIgniter\View\View->CodeIgniter\View\{closure}()
#3 C:\xampp\htdocs\pemweb\projek-akhir\vendor\codeigniter4\framework\system\Common.php(1217): CodeIgniter\View\View->render('buku/form', Array, true)
#4 C:\xampp\htdocs\pemweb\projek-akhir\app\Views\buku\edit.php(2): view('buku/form')
#5 C:\xampp\htdocs\pemweb\projek-akhir\vendor\codeigniter4\framework\system\View\View.php(220): include('C:\\xampp\\htdocs...')
#6 C:\xampp\htdocs\pemweb\projek-akhir\vendor\codeigniter4\framework\system\View\View.php(222): CodeIgniter\View\View->CodeIgniter\View\{closure}()
#7 C:\xampp\htdocs\pemweb\projek-akhir\vendor\codeigniter4\framework\system\Common.php(1217): CodeIgniter\View\View->render('buku/edit', Array, true)
#8 C:\xampp\htdocs\pemweb\projek-akhir\app\Controllers\Admin.php(26): view('buku/edit', Array)
#9 C:\xampp\htdocs\pemweb\projek-akhir\vendor\codeigniter4\framework\system\CodeIgniter.php(936): App\Controllers\Admin->editData('9786232421431')
#10 C:\xampp\htdocs\pemweb\projek-akhir\vendor\codeigniter4\framework\system\CodeIgniter.php(432): CodeIgniter\CodeIgniter->runController(Object(App\Controllers\Admin))
#11 C:\xampp\htdocs\pemweb\projek-akhir\vendor\codeigniter4\framework\system\CodeIgniter.php(333): CodeIgniter\CodeIgniter->handleRequest(NULL, Object(Config\Cache), false)
#12 C:\xampp\htdocs\pemweb\projek-akhir\public\index.php(44): CodeIgniter\CodeIgniter->run()
#13 C:\xampp\htdocs\pemweb\projek-akhir\vendor\codeigniter4\framework\system\Commands\Server\rewrite.php(45): require_once('C:\\xampp\\htdocs...')
#14 {main}
CRITICAL - 2021-05-20 00:21:20 --> Undefined array key "isbn"
#0 C:\xampp\htdocs\pemweb\projek-akhir\app\Views\buku\form.php(10): CodeIgniter\Debug\Exceptions->errorHandler(2, 'Undefined array...', 'C:\\xampp\\htdocs...', 10)
#1 C:\xampp\htdocs\pemweb\projek-akhir\vendor\codeigniter4\framework\system\View\View.php(220): include('C:\\xampp\\htdocs...')
#2 C:\xampp\htdocs\pemweb\projek-akhir\vendor\codeigniter4\framework\system\View\View.php(222): CodeIgniter\View\View->CodeIgniter\View\{closure}()
#3 C:\xampp\htdocs\pemweb\projek-akhir\vendor\codeigniter4\framework\system\Common.php(1217): CodeIgniter\View\View->render('buku/form', Array, true)
#4 C:\xampp\htdocs\pemweb\projek-akhir\app\Views\buku\edit.php(2): view('buku/form')
#5 C:\xampp\htdocs\pemweb\projek-akhir\vendor\codeigniter4\framework\system\View\View.php(220): include('C:\\xampp\\htdocs...')
#6 C:\xampp\htdocs\pemweb\projek-akhir\vendor\codeigniter4\framework\system\View\View.php(222): CodeIgniter\View\View->CodeIgniter\View\{closure}()
#7 C:\xampp\htdocs\pemweb\projek-akhir\vendor\codeigniter4\framework\system\Common.php(1217): CodeIgniter\View\View->render('buku/edit', Array, true)
#8 C:\xampp\htdocs\pemweb\projek-akhir\app\Controllers\Admin.php(27): view('buku/edit', Array)
#9 C:\xampp\htdocs\pemweb\projek-akhir\vendor\codeigniter4\framework\system\CodeIgniter.php(936): App\Controllers\Admin->editData('9786232421431')
#10 C:\xampp\htdocs\pemweb\projek-akhir\vendor\codeigniter4\framework\system\CodeIgniter.php(432): CodeIgniter\CodeIgniter->runController(Object(App\Controllers\Admin))
#11 C:\xampp\htdocs\pemweb\projek-akhir\vendor\codeigniter4\framework\system\CodeIgniter.php(333): CodeIgniter\CodeIgniter->handleRequest(NULL, Object(Config\Cache), false)
#12 C:\xampp\htdocs\pemweb\projek-akhir\public\index.php(44): CodeIgniter\CodeIgniter->run()
#13 C:\xampp\htdocs\pemweb\projek-akhir\vendor\codeigniter4\framework\system\Commands\Server\rewrite.php(45): require_once('C:\\xampp\\htdocs...')
#14 {main}
CRITICAL - 2021-05-20 00:21:44 --> Undefined array key "isbn"
#0 C:\xampp\htdocs\pemweb\projek-akhir\app\Views\buku\form.php(10): CodeIgniter\Debug\Exceptions->errorHandler(2, 'Undefined array...', 'C:\\xampp\\htdocs...', 10)
#1 C:\xampp\htdocs\pemweb\projek-akhir\vendor\codeigniter4\framework\system\View\View.php(220): include('C:\\xampp\\htdocs...')
#2 C:\xampp\htdocs\pemweb\projek-akhir\vendor\codeigniter4\framework\system\View\View.php(222): CodeIgniter\View\View->CodeIgniter\View\{closure}()
#3 C:\xampp\htdocs\pemweb\projek-akhir\vendor\codeigniter4\framework\system\Common.php(1217): CodeIgniter\View\View->render('buku/form', Array, true)
#4 C:\xampp\htdocs\pemweb\projek-akhir\app\Views\buku\edit.php(2): view('buku/form')
#5 C:\xampp\htdocs\pemweb\projek-akhir\vendor\codeigniter4\framework\system\View\View.php(220): include('C:\\xampp\\htdocs...')
#6 C:\xampp\htdocs\pemweb\projek-akhir\vendor\codeigniter4\framework\system\View\View.php(222): CodeIgniter\View\View->CodeIgniter\View\{closure}()
#7 C:\xampp\htdocs\pemweb\projek-akhir\vendor\codeigniter4\framework\system\Common.php(1217): CodeIgniter\View\View->render('buku/edit', Array, true)
#8 C:\xampp\htdocs\pemweb\projek-akhir\app\Controllers\Admin.php(26): view('buku/edit', Array)
#9 C:\xampp\htdocs\pemweb\projek-akhir\vendor\codeigniter4\framework\system\CodeIgniter.php(936): App\Controllers\Admin->editData('9786232421431')
#10 C:\xampp\htdocs\pemweb\projek-akhir\vendor\codeigniter4\framework\system\CodeIgniter.php(432): CodeIgniter\CodeIgniter->runController(Object(App\Controllers\Admin))
#11 C:\xampp\htdocs\pemweb\projek-akhir\vendor\codeigniter4\framework\system\CodeIgniter.php(333): CodeIgniter\CodeIgniter->handleRequest(NULL, Object(Config\Cache), false)
#12 C:\xampp\htdocs\pemweb\projek-akhir\public\index.php(44): CodeIgniter\CodeIgniter->run()
#13 C:\xampp\htdocs\pemweb\projek-akhir\vendor\codeigniter4\framework\system\Commands\Server\rewrite.php(45): require_once('C:\\xampp\\htdocs...')
#14 {main}
CRITICAL - 2021-05-20 00:23:56 --> Undefined variable $isbn
#0 C:\xampp\htdocs\pemweb\projek-akhir\app\Views\buku\form.php(10): CodeIgniter\Debug\Exceptions->errorHandler(2, 'Undefined varia...', 'C:\\xampp\\htdocs...', 10)
#1 C:\xampp\htdocs\pemweb\projek-akhir\vendor\codeigniter4\framework\system\View\View.php(220): include('C:\\xampp\\htdocs...')
#2 C:\xampp\htdocs\pemweb\projek-akhir\vendor\codeigniter4\framework\system\View\View.php(222): CodeIgniter\View\View->CodeIgniter\View\{closure}()
#3 C:\xampp\htdocs\pemweb\projek-akhir\vendor\codeigniter4\framework\system\Common.php(1217): CodeIgniter\View\View->render('buku/form', Array, true)
#4 C:\xampp\htdocs\pemweb\projek-akhir\app\Views\buku\edit.php(2): view('buku/form')
#5 C:\xampp\htdocs\pemweb\projek-akhir\vendor\codeigniter4\framework\system\View\View.php(220): include('C:\\xampp\\htdocs...')
#6 C:\xampp\htdocs\pemweb\projek-akhir\vendor\codeigniter4\framework\system\View\View.php(222): CodeIgniter\View\View->CodeIgniter\View\{closure}()
#7 C:\xampp\htdocs\pemweb\projek-akhir\vendor\codeigniter4\framework\system\Common.php(1217): CodeIgniter\View\View->render('buku/edit', Array, true)
#8 C:\xampp\htdocs\pemweb\projek-akhir\app\Controllers\Admin.php(26): view('buku/edit', Array)
#9 C:\xampp\htdocs\pemweb\projek-akhir\vendor\codeigniter4\framework\system\CodeIgniter.php(936): App\Controllers\Admin->editData('9786232421431')
#10 C:\xampp\htdocs\pemweb\projek-akhir\vendor\codeigniter4\framework\system\CodeIgniter.php(432): CodeIgniter\CodeIgniter->runController(Object(App\Controllers\Admin))
#11 C:\xampp\htdocs\pemweb\projek-akhir\vendor\codeigniter4\framework\system\CodeIgniter.php(333): CodeIgniter\CodeIgniter->handleRequest(NULL, Object(Config\Cache), false)
#12 C:\xampp\htdocs\pemweb\projek-akhir\public\index.php(44): CodeIgniter\CodeIgniter->run()
#13 C:\xampp\htdocs\pemweb\projek-akhir\vendor\codeigniter4\framework\system\Commands\Server\rewrite.php(45): require_once('C:\\xampp\\htdocs...')
#14 {main}
CRITICAL - 2021-05-20 00:24:18 --> Undefined variable $isbn
#0 C:\xampp\htdocs\pemweb\projek-akhir\app\Views\buku\form.php(5): CodeIgniter\Debug\Exceptions->errorHandler(2, 'Undefined varia...', 'C:\\xampp\\htdocs...', 5)
#1 C:\xampp\htdocs\pemweb\projek-akhir\vendor\codeigniter4\framework\system\View\View.php(220): include('C:\\xampp\\htdocs...')
#2 C:\xampp\htdocs\pemweb\projek-akhir\vendor\codeigniter4\framework\system\View\View.php(222): CodeIgniter\View\View->CodeIgniter\View\{closure}()
#3 C:\xampp\htdocs\pemweb\projek-akhir\vendor\codeigniter4\framework\system\Common.php(1217): CodeIgniter\View\View->render('buku/form', Array, true)
#4 C:\xampp\htdocs\pemweb\projek-akhir\app\Views\buku\edit.php(2): view('buku/form')
#5 C:\xampp\htdocs\pemweb\projek-akhir\vendor\codeigniter4\framework\system\View\View.php(220): include('C:\\xampp\\htdocs...')
#6 C:\xampp\htdocs\pemweb\projek-akhir\vendor\codeigniter4\framework\system\View\View.php(222): CodeIgniter\View\View->CodeIgniter\View\{closure}()
#7 C:\xampp\htdocs\pemweb\projek-akhir\vendor\codeigniter4\framework\system\Common.php(1217): CodeIgniter\View\View->render('buku/edit', Array, true)
#8 C:\xampp\htdocs\pemweb\projek-akhir\app\Controllers\Admin.php(26): view('buku/edit', Array)
#9 C:\xampp\htdocs\pemweb\projek-akhir\vendor\codeigniter4\framework\system\CodeIgniter.php(936): App\Controllers\Admin->editData('9786232421431')
#10 C:\xampp\htdocs\pemweb\projek-akhir\vendor\codeigniter4\framework\system\CodeIgniter.php(432): CodeIgniter\CodeIgniter->runController(Object(App\Controllers\Admin))
#11 C:\xampp\htdocs\pemweb\projek-akhir\vendor\codeigniter4\framework\system\CodeIgniter.php(333): CodeIgniter\CodeIgniter->handleRequest(NULL, Object(Config\Cache), false)
#12 C:\xampp\htdocs\pemweb\projek-akhir\public\index.php(44): CodeIgniter\CodeIgniter->run()
#13 C:\xampp\htdocs\pemweb\projek-akhir\vendor\codeigniter4\framework\system\Commands\Server\rewrite.php(45): require_once('C:\\xampp\\htdocs...')
#14 {main}
CRITICAL - 2021-05-20 00:24:27 --> Undefined array key "isbn"
#0 C:\xampp\htdocs\pemweb\projek-akhir\app\Views\buku\form.php(5): CodeIgniter\Debug\Exceptions->errorHandler(2, 'Undefined array...', 'C:\\xampp\\htdocs...', 5)
#1 C:\xampp\htdocs\pemweb\projek-akhir\vendor\codeigniter4\framework\system\View\View.php(220): include('C:\\xampp\\htdocs...')
#2 C:\xampp\htdocs\pemweb\projek-akhir\vendor\codeigniter4\framework\system\View\View.php(222): CodeIgniter\View\View->CodeIgniter\View\{closure}()
#3 C:\xampp\htdocs\pemweb\projek-akhir\vendor\codeigniter4\framework\system\Common.php(1217): CodeIgniter\View\View->render('buku/form', Array, true)
#4 C:\xampp\htdocs\pemweb\projek-akhir\app\Views\buku\edit.php(2): view('buku/form')
#5 C:\xampp\htdocs\pemweb\projek-akhir\vendor\codeigniter4\framework\system\View\View.php(220): include('C:\\xampp\\htdocs...')
#6 C:\xampp\htdocs\pemweb\projek-akhir\vendor\codeigniter4\framework\system\View\View.php(222): CodeIgniter\View\View->CodeIgniter\View\{closure}()
#7 C:\xampp\htdocs\pemweb\projek-akhir\vendor\codeigniter4\framework\system\Common.php(1217): CodeIgniter\View\View->render('buku/edit', Array, true)
#8 C:\xampp\htdocs\pemweb\projek-akhir\app\Controllers\Admin.php(26): view('buku/edit', Array)
#9 C:\xampp\htdocs\pemweb\projek-akhir\vendor\codeigniter4\framework\system\CodeIgniter.php(936): App\Controllers\Admin->editData('9786232421431')
#10 C:\xampp\htdocs\pemweb\projek-akhir\vendor\codeigniter4\framework\system\CodeIgniter.php(432): CodeIgniter\CodeIgniter->runController(Object(App\Controllers\Admin))
#11 C:\xampp\htdocs\pemweb\projek-akhir\vendor\codeigniter4\framework\system\CodeIgniter.php(333): CodeIgniter\CodeIgniter->handleRequest(NULL, Object(Config\Cache), false)
#12 C:\xampp\htdocs\pemweb\projek-akhir\public\index.php(44): CodeIgniter\CodeIgniter->run()
#13 C:\xampp\htdocs\pemweb\projek-akhir\vendor\codeigniter4\framework\system\Commands\Server\rewrite.php(45): require_once('C:\\xampp\\htdocs...')
#14 {main}
CRITICAL - 2021-05-20 00:26:01 --> Undefined variable $isbn
#0 C:\xampp\htdocs\pemweb\projek-akhir\app\Views\buku\form.php(10): CodeIgniter\Debug\Exceptions->errorHandler(2, 'Undefined varia...', 'C:\\xampp\\htdocs...', 10)
#1 C:\xampp\htdocs\pemweb\projek-akhir\vendor\codeigniter4\framework\system\View\View.php(220): include('C:\\xampp\\htdocs...')
#2 C:\xampp\htdocs\pemweb\projek-akhir\vendor\codeigniter4\framework\system\View\View.php(222): CodeIgniter\View\View->CodeIgniter\View\{closure}()
#3 C:\xampp\htdocs\pemweb\projek-akhir\vendor\codeigniter4\framework\system\Common.php(1217): CodeIgniter\View\View->render('buku/form', Array, true)
#4 C:\xampp\htdocs\pemweb\projek-akhir\app\Views\buku\edit.php(2): view('buku/form')
#5 C:\xampp\htdocs\pemweb\projek-akhir\vendor\codeigniter4\framework\system\View\View.php(220): include('C:\\xampp\\htdocs...')
#6 C:\xampp\htdocs\pemweb\projek-akhir\vendor\codeigniter4\framework\system\View\View.php(222): CodeIgniter\View\View->CodeIgniter\View\{closure}()
#7 C:\xampp\htdocs\pemweb\projek-akhir\vendor\codeigniter4\framework\system\Common.php(1217): CodeIgniter\View\View->render('buku/edit', Array, true)
#8 C:\xampp\htdocs\pemweb\projek-akhir\app\Controllers\Admin.php(26): view('buku/edit', Array)
#9 C:\xampp\htdocs\pemweb\projek-akhir\vendor\codeigniter4\framework\system\CodeIgniter.php(936): App\Controllers\Admin->editData('9786232421431')
#10 C:\xampp\htdocs\pemweb\projek-akhir\vendor\codeigniter4\framework\system\CodeIgniter.php(432): CodeIgniter\CodeIgniter->runController(Object(App\Controllers\Admin))
#11 C:\xampp\htdocs\pemweb\projek-akhir\vendor\codeigniter4\framework\system\CodeIgniter.php(333): CodeIgniter\CodeIgniter->handleRequest(NULL, Object(Config\Cache), false)
#12 C:\xampp\htdocs\pemweb\projek-akhir\public\index.php(44): CodeIgniter\CodeIgniter->run()
#13 C:\xampp\htdocs\pemweb\projek-akhir\vendor\codeigniter4\framework\system\Commands\Server\rewrite.php(45): require_once('C:\\xampp\\htdocs...')
#14 {main}
CRITICAL - 2021-05-20 00:29:30 --> Undefined variable $data
#0 C:\xampp\htdocs\pemweb\projek-akhir\app\Views\buku\form.php(11): CodeIgniter\Debug\Exceptions->errorHandler(2, 'Undefined varia...', 'C:\\xampp\\htdocs...', 11)
#1 C:\xampp\htdocs\pemweb\projek-akhir\vendor\codeigniter4\framework\system\View\View.php(220): include('C:\\xampp\\htdocs...')
#2 C:\xampp\htdocs\pemweb\projek-akhir\vendor\codeigniter4\framework\system\View\View.php(222): CodeIgniter\View\View->CodeIgniter\View\{closure}()
#3 C:\xampp\htdocs\pemweb\projek-akhir\vendor\codeigniter4\framework\system\Common.php(1217): CodeIgniter\View\View->render('buku/form', Array, true)
#4 C:\xampp\htdocs\pemweb\projek-akhir\app\Views\buku\insert.php(2): view('buku/form')
#5 C:\xampp\htdocs\pemweb\projek-akhir\vendor\codeigniter4\framework\system\View\View.php(220): include('C:\\xampp\\htdocs...')
#6 C:\xampp\htdocs\pemweb\projek-akhir\vendor\codeigniter4\framework\system\View\View.php(222): CodeIgniter\View\View->CodeIgniter\View\{closure}()
#7 C:\xampp\htdocs\pemweb\projek-akhir\vendor\codeigniter4\framework\system\Common.php(1217): CodeIgniter\View\View->render('buku/insert', Array, true)
#8 C:\xampp\htdocs\pemweb\projek-akhir\app\Controllers\Admin.php(17): view('buku/insert', Array)
#9 C:\xampp\htdocs\pemweb\projek-akhir\vendor\codeigniter4\framework\system\CodeIgniter.php(936): App\Controllers\Admin->addData()
#10 C:\xampp\htdocs\pemweb\projek-akhir\vendor\codeigniter4\framework\system\CodeIgniter.php(432): CodeIgniter\CodeIgniter->runController(Object(App\Controllers\Admin))
#11 C:\xampp\htdocs\pemweb\projek-akhir\vendor\codeigniter4\framework\system\CodeIgniter.php(333): CodeIgniter\CodeIgniter->handleRequest(NULL, Object(Config\Cache), false)
#12 C:\xampp\htdocs\pemweb\projek-akhir\public\index.php(44): CodeIgniter\CodeIgniter->run()
#13 C:\xampp\htdocs\pemweb\projek-akhir\vendor\codeigniter4\framework\system\Commands\Server\rewrite.php(45): require_once('C:\\xampp\\htdocs...')
#14 {main}
CRITICAL - 2021-05-20 00:31:13 --> Invalid file: form.php
#0 C:\xampp\htdocs\pemweb\projek-akhir\vendor\codeigniter4\framework\system\View\View.php(203): CodeIgniter\Exceptions\FrameworkException::forInvalidFile('form.php')
#1 C:\xampp\htdocs\pemweb\projek-akhir\vendor\codeigniter4\framework\system\Common.php(1217): CodeIgniter\View\View->render('form', Array, true)
#2 C:\xampp\htdocs\pemweb\projek-akhir\app\Views\buku\edit.php(2): view('form')
#3 C:\xampp\htdocs\pemweb\projek-akhir\vendor\codeigniter4\framework\system\View\View.php(220): include('C:\\xampp\\htdocs...')
#4 C:\xampp\htdocs\pemweb\projek-akhir\vendor\codeigniter4\framework\system\View\View.php(222): CodeIgniter\View\View->CodeIgniter\View\{closure}()
#5 C:\xampp\htdocs\pemweb\projek-akhir\vendor\codeigniter4\framework\system\Common.php(1217): CodeIgniter\View\View->render('buku/edit', Array, true)
#6 C:\xampp\htdocs\pemweb\projek-akhir\app\Controllers\Admin.php(26): view('buku/edit', Array)
#7 C:\xampp\htdocs\pemweb\projek-akhir\vendor\codeigniter4\framework\system\CodeIgniter.php(936): App\Controllers\Admin->editData('9786026232137')
#8 C:\xampp\htdocs\pemweb\projek-akhir\vendor\codeigniter4\framework\system\CodeIgniter.php(432): CodeIgniter\CodeIgniter->runController(Object(App\Controllers\Admin))
#9 C:\xampp\htdocs\pemweb\projek-akhir\vendor\codeigniter4\framework\system\CodeIgniter.php(333): CodeIgniter\CodeIgniter->handleRequest(NULL, Object(Config\Cache), false)
#10 C:\xampp\htdocs\pemweb\projek-akhir\public\index.php(44): CodeIgniter\CodeIgniter->run()
#11 C:\xampp\htdocs\pemweb\projek-akhir\vendor\codeigniter4\framework\system\Commands\Server\rewrite.php(45): require_once('C:\\xampp\\htdocs...')
#12 {main}
CRITICAL - 2021-05-20 00:45:21 --> There is no data to update.
#0 C:\xampp\htdocs\pemweb\projek-akhir\vendor\codeigniter4\framework\system\BaseModel.php(1682): CodeIgniter\Database\Exceptions\DataException::forEmptyDataset('update')
#1 C:\xampp\htdocs\pemweb\projek-akhir\vendor\codeigniter4\framework\system\BaseModel.php(864): CodeIgniter\BaseModel->transformDataToArray(NULL, 'update')
#2 C:\xampp\htdocs\pemweb\projek-akhir\vendor\codeigniter4\framework\system\Model.php(737): CodeIgniter\BaseModel->update(Array, NULL)
#3 C:\xampp\htdocs\pemweb\projek-akhir\app\Controllers\Admin.php(45): CodeIgniter\Model->update(Array)
#4 C:\xampp\htdocs\pemweb\projek-akhir\vendor\codeigniter4\framework\system\CodeIgniter.php(936): App\Controllers\Admin->editDataProcess()
#5 C:\xampp\htdocs\pemweb\projek-akhir\vendor\codeigniter4\framework\system\CodeIgniter.php(432): CodeIgniter\CodeIgniter->runController(Object(App\Controllers\Admin))
#6 C:\xampp\htdocs\pemweb\projek-akhir\vendor\codeigniter4\framework\system\CodeIgniter.php(333): CodeIgniter\CodeIgniter->handleRequest(NULL, Object(Config\Cache), false)
#7 C:\xampp\htdocs\pemweb\projek-akhir\public\index.php(44): CodeIgniter\CodeIgniter->run()
#8 C:\xampp\htdocs\pemweb\projek-akhir\vendor\codeigniter4\framework\system\Commands\Server\rewrite.php(45): require_once('C:\\xampp\\htdocs...')
#9 {main}
CRITICAL - 2021-05-20 00:47:45 --> Call to undefined method App\Models\BukuModel::updateBuku
#0 C:\xampp\htdocs\pemweb\projek-akhir\app\Controllers\Admin.php(45): CodeIgniter\Model->__call('updateBuku', Array)
#1 C:\xampp\htdocs\pemweb\projek-akhir\vendor\codeigniter4\framework\system\CodeIgniter.php(936): App\Controllers\Admin->editDataProcess()
#2 C:\xampp\htdocs\pemweb\projek-akhir\vendor\codeigniter4\framework\system\CodeIgniter.php(432): CodeIgniter\CodeIgniter->runController(Object(App\Controllers\Admin))
#3 C:\xampp\htdocs\pemweb\projek-akhir\vendor\codeigniter4\framework\system\CodeIgniter.php(333): CodeIgniter\CodeIgniter->handleRequest(NULL, Object(Config\Cache), false)
#4 C:\xampp\htdocs\pemweb\projek-akhir\public\index.php(44): CodeIgniter\CodeIgniter->run()
#5 C:\xampp\htdocs\pemweb\projek-akhir\vendor\codeigniter4\framework\system\Commands\Server\rewrite.php(45): require_once('C:\\xampp\\htdocs...')
#6 {main}
CRITICAL - 2021-05-20 00:48:36 --> Call to undefined method App\Models\BukuModel::updateBuku
#0 C:\xampp\htdocs\pemweb\projek-akhir\app\Controllers\Admin.php(45): CodeIgniter\Model->__call('updateBuku', Array)
#1 C:\xampp\htdocs\pemweb\projek-akhir\vendor\codeigniter4\framework\system\CodeIgniter.php(936): App\Controllers\Admin->editDataProcess()
#2 C:\xampp\htdocs\pemweb\projek-akhir\vendor\codeigniter4\framework\system\CodeIgniter.php(432): CodeIgniter\CodeIgniter->runController(Object(App\Controllers\Admin))
#3 C:\xampp\htdocs\pemweb\projek-akhir\vendor\codeigniter4\framework\system\CodeIgniter.php(333): CodeIgniter\CodeIgniter->handleRequest(NULL, Object(Config\Cache), false)
#4 C:\xampp\htdocs\pemweb\projek-akhir\public\index.php(44): CodeIgniter\CodeIgniter->run()
#5 C:\xampp\htdocs\pemweb\projek-akhir\vendor\codeigniter4\framework\system\Commands\Server\rewrite.php(45): require_once('C:\\xampp\\htdocs...')
#6 {main}
ERROR - 2021-05-20 00:48:56 --> mysqli_sql_exception: Unknown column 'namaPenulis' in 'field list' in C:\xampp\htdocs\pemweb\projek-akhir\vendor\codeigniter4\framework\system\Database\MySQLi\Connection.php:314
Stack trace:
#0 C:\xampp\htdocs\pemweb\projek-akhir\vendor\codeigniter4\framework\system\Database\MySQLi\Connection.php(314): mysqli->query('INSERT INTO `bu...')
#1 C:\xampp\htdocs\pemweb\projek-akhir\vendor\codeigniter4\framework\system\Database\BaseConnection.php(713): CodeIgniter\Database\MySQLi\Connection->execute('INSERT INTO `bu...')
#2 C:\xampp\htdocs\pemweb\projek-akhir\vendor\codeigniter4\framework\system\Database\BaseConnection.php(641): CodeIgniter\Database\BaseConnection->simpleQuery('INSERT INTO `bu...')
#3 C:\xampp\htdocs\pemweb\projek-akhir\vendor\codeigniter4\framework\system\Database\BaseBuilder.php(2263): CodeIgniter\Database\BaseConnection->query('INSERT INTO `bu...', Array, false)
#4 C:\xampp\htdocs\pemweb\projek-akhir\app\Models\BukuModel.php(31): CodeIgniter\Database\BaseBuilder->insert(Array)
#5 C:\xampp\htdocs\pemweb\projek-akhir\app\Controllers\Admin.php(30): App\Models\BukuModel->insertBuku(Array)
#6 C:\xampp\htdocs\pemweb\projek-akhir\vendor\codeigniter4\framework\system\CodeIgniter.php(936): App\Controllers\Admin->addDataProcess()
#7 C:\xampp\htdocs\pemweb\projek-akhir\vendor\codeigniter4\framework\system\CodeIgniter.php(432): CodeIgniter\CodeIgniter->runController(Object(App\Controllers\Admin))
#8 C:\xampp\htdocs\pemweb\projek-akhir\vendor\codeigniter4\framework\system\CodeIgniter.php(333): CodeIgniter\CodeIgniter->handleRequest(NULL, Object(Config\Cache), false)
#9 C:\xampp\htdocs\pemweb\projek-akhir\public\index.php(44): CodeIgniter\CodeIgniter->run()
#10 C:\xampp\htdocs\pemweb\projek-akhir\vendor\codeigniter4\framework\system\Commands\Server\rewrite.php(45): require_once('C:\\xampp\\htdocs...')
#11 {main}
CRITICAL - 2021-05-20 00:48:56 --> Unknown column 'namaPenulis' in 'field list'
#0 C:\xampp\htdocs\pemweb\projek-akhir\vendor\codeigniter4\framework\system\Database\MySQLi\Connection.php(314): mysqli->query('INSERT INTO `bu...')
#1 C:\xampp\htdocs\pemweb\projek-akhir\vendor\codeigniter4\framework\system\Database\BaseConnection.php(713): CodeIgniter\Database\MySQLi\Connection->execute('INSERT INTO `bu...')
#2 C:\xampp\htdocs\pemweb\projek-akhir\vendor\codeigniter4\framework\system\Database\BaseConnection.php(641): CodeIgniter\Database\BaseConnection->simpleQuery('INSERT INTO `bu...')
#3 C:\xampp\htdocs\pemweb\projek-akhir\vendor\codeigniter4\framework\system\Database\BaseBuilder.php(2263): CodeIgniter\Database\BaseConnection->query('INSERT INTO `bu...', Array, false)
#4 C:\xampp\htdocs\pemweb\projek-akhir\app\Models\BukuModel.php(31): CodeIgniter\Database\BaseBuilder->insert(Array)
#5 C:\xampp\htdocs\pemweb\projek-akhir\app\Controllers\Admin.php(30): App\Models\BukuModel->insertBuku(Array)
#6 C:\xampp\htdocs\pemweb\projek-akhir\vendor\codeigniter4\framework\system\CodeIgniter.php(936): App\Controllers\Admin->addDataProcess()
#7 C:\xampp\htdocs\pemweb\projek-akhir\vendor\codeigniter4\framework\system\CodeIgniter.php(432): CodeIgniter\CodeIgniter->runController(Object(App\Controllers\Admin))
#8 C:\xampp\htdocs\pemweb\projek-akhir\vendor\codeigniter4\framework\system\CodeIgniter.php(333): CodeIgniter\CodeIgniter->handleRequest(NULL, Object(Config\Cache), false)
#9 C:\xampp\htdocs\pemweb\projek-akhir\public\index.php(44): CodeIgniter\CodeIgniter->run()
#10 C:\xampp\htdocs\pemweb\projek-akhir\vendor\codeigniter4\framework\system\Commands\Server\rewrite.php(45): require_once('C:\\xampp\\htdocs...')
#11 {main}
ERROR - 2021-05-20 00:53:34 --> mysqli_sql_exception: Table 'sistemperpus.kategori' doesn't exist in C:\xampp\htdocs\pemweb\projek-akhir\vendor\codeigniter4\framework\system\Database\MySQLi\Connection.php:314
Stack trace:
#0 C:\xampp\htdocs\pemweb\projek-akhir\vendor\codeigniter4\framework\system\Database\MySQLi\Connection.php(314): mysqli->query('SELECT *\nFROM `...')
#1 C:\xampp\htdocs\pemweb\projek-akhir\vendor\codeigniter4\framework\system\Database\BaseConnection.php(713): CodeIgniter\Database\MySQLi\Connection->execute('SELECT *\nFROM `...')
#2 C:\xampp\htdocs\pemweb\projek-akhir\vendor\codeigniter4\framework\system\Database\BaseConnection.php(641): CodeIgniter\Database\BaseConnection->simpleQuery('SELECT *\nFROM `...')
#3 C:\xampp\htdocs\pemweb\projek-akhir\vendor\codeigniter4\framework\system\Database\BaseBuilder.php(1866): CodeIgniter\Database\BaseConnection->query('SELECT *\nFROM `...', Array, false)
#4 C:\xampp\htdocs\pemweb\projek-akhir\app\Models\BukuModel.php(38): CodeIgniter\Database\BaseBuilder->get()
#5 C:\xampp\htdocs\pemweb\projek-akhir\app\Controllers\Admin.php(30): App\Models\BukuModel->insertBuku(Array)
#6 C:\xampp\htdocs\pemweb\projek-akhir\vendor\codeigniter4\framework\system\CodeIgniter.php(936): App\Controllers\Admin->addDataProcess()
#7 C:\xampp\htdocs\pemweb\projek-akhir\vendor\codeigniter4\framework\system\CodeIgniter.php(432): CodeIgniter\CodeIgniter->runController(Object(App\Controllers\Admin))
#8 C:\xampp\htdocs\pemweb\projek-akhir\vendor\codeigniter4\framework\system\CodeIgniter.php(333): CodeIgniter\CodeIgniter->handleRequest(NULL, Object(Config\Cache), false)
#9 C:\xampp\htdocs\pemweb\projek-akhir\public\index.php(44): CodeIgniter\CodeIgniter->run()
#10 C:\xampp\htdocs\pemweb\projek-akhir\vendor\codeigniter4\framework\system\Commands\Server\rewrite.php(45): require_once('C:\\xampp\\htdocs...')
#11 {main}
CRITICAL - 2021-05-20 00:53:34 --> Table 'sistemperpus.kategori' doesn't exist
#0 C:\xampp\htdocs\pemweb\projek-akhir\vendor\codeigniter4\framework\system\Database\MySQLi\Connection.php(314): mysqli->query('SELECT *\nFROM `...')
#1 C:\xampp\htdocs\pemweb\projek-akhir\vendor\codeigniter4\framework\system\Database\BaseConnection.php(713): CodeIgniter\Database\MySQLi\Connection->execute('SELECT *\nFROM `...')
#2 C:\xampp\htdocs\pemweb\projek-akhir\vendor\codeigniter4\framework\system\Database\BaseConnection.php(641): CodeIgniter\Database\BaseConnection->simpleQuery('SELECT *\nFROM `...')
#3 C:\xampp\htdocs\pemweb\projek-akhir\vendor\codeigniter4\framework\system\Database\BaseBuilder.php(1866): CodeIgniter\Database\BaseConnection->query('SELECT *\nFROM `...', Array, false)
#4 C:\xampp\htdocs\pemweb\projek-akhir\app\Models\BukuModel.php(38): CodeIgniter\Database\BaseBuilder->get()
#5 C:\xampp\htdocs\pemweb\projek-akhir\app\Controllers\Admin.php(30): App\Models\BukuModel->insertBuku(Array)
#6 C:\xampp\htdocs\pemweb\projek-akhir\vendor\codeigniter4\framework\system\CodeIgniter.php(936): App\Controllers\Admin->addDataProcess()
#7 C:\xampp\htdocs\pemweb\projek-akhir\vendor\codeigniter4\framework\system\CodeIgniter.php(432): CodeIgniter\CodeIgniter->runController(Object(App\Controllers\Admin))
#8 C:\xampp\htdocs\pemweb\projek-akhir\vendor\codeigniter4\framework\system\CodeIgniter.php(333): CodeIgniter\CodeIgniter->handleRequest(NULL, Object(Config\Cache), false)
#9 C:\xampp\htdocs\pemweb\projek-akhir\public\index.php(44): CodeIgniter\CodeIgniter->run()
#10 C:\xampp\htdocs\pemweb\projek-akhir\vendor\codeigniter4\framework\system\Commands\Server\rewrite.php(45): require_once('C:\\xampp\\htdocs...')
#11 {main}
ERROR - 2021-05-20 00:56:36 --> mysqli_sql_exception: Unknown column 'status' in 'field list' in C:\xampp\htdocs\pemweb\projek-akhir\vendor\codeigniter4\framework\system\Database\MySQLi\Connection.php:314
Stack trace:
#0 C:\xampp\htdocs\pemweb\projek-akhir\vendor\codeigniter4\framework\system\Database\MySQLi\Connection.php(314): mysqli->query('INSERT INTO `bu...')
#1 C:\xampp\htdocs\pemweb\projek-akhir\vendor\codeigniter4\framework\system\Database\BaseConnection.php(713): CodeIgniter\Database\MySQLi\Connection->execute('INSERT INTO `bu...')
#2 C:\xampp\htdocs\pemweb\projek-akhir\vendor\codeigniter4\framework\system\Database\BaseConnection.php(641): CodeIgniter\Database\BaseConnection->simpleQuery('INSERT INTO `bu...')
#3 C:\xampp\htdocs\pemweb\projek-akhir\vendor\codeigniter4\framework\system\Database\BaseBuilder.php(2263): CodeIgniter\Database\BaseConnection->query('INSERT INTO `bu...', Array, false)
#4 C:\xampp\htdocs\pemweb\projek-akhir\app\Models\BukuModel.php(44): CodeIgniter\Database\BaseBuilder->insert(Array)
#5 C:\xampp\htdocs\pemweb\projek-akhir\app\Controllers\Admin.php(30): App\Models\BukuModel->insertBuku(Array)
#6 C:\xampp\htdocs\pemweb\projek-akhir\vendor\codeigniter4\framework\system\CodeIgniter.php(936): App\Controllers\Admin->addDataProcess()
#7 C:\xampp\htdocs\pemweb\projek-akhir\vendor\codeigniter4\framework\system\CodeIgniter.php(432): CodeIgniter\CodeIgniter->runController(Object(App\Controllers\Admin))
#8 C:\xampp\htdocs\pemweb\projek-akhir\vendor\codeigniter4\framework\system\CodeIgniter.php(333): CodeIgniter\CodeIgniter->handleRequest(NULL, Object(Config\Cache), false)
#9 C:\xampp\htdocs\pemweb\projek-akhir\public\index.php(44): CodeIgniter\CodeIgniter->run()
#10 C:\xampp\htdocs\pemweb\projek-akhir\vendor\codeigniter4\framework\system\Commands\Server\rewrite.php(45): require_once('C:\\xampp\\htdocs...')
#11 {main}
CRITICAL - 2021-05-20 00:56:36 --> Unknown column 'status' in 'field list'
#0 C:\xampp\htdocs\pemweb\projek-akhir\vendor\codeigniter4\framework\system\Database\MySQLi\Connection.php(314): mysqli->query('INSERT INTO `bu...')
#1 C:\xampp\htdocs\pemweb\projek-akhir\vendor\codeigniter4\framework\system\Database\BaseConnection.php(713): CodeIgniter\Database\MySQLi\Connection->execute('INSERT INTO `bu...')
#2 C:\xampp\htdocs\pemweb\projek-akhir\vendor\codeigniter4\framework\system\Database\BaseConnection.php(641): CodeIgniter\Database\BaseConnection->simpleQuery('INSERT INTO `bu...')
#3 C:\xampp\htdocs\pemweb\projek-akhir\vendor\codeigniter4\framework\system\Database\BaseBuilder.php(2263): CodeIgniter\Database\BaseConnection->query('INSERT INTO `bu...', Array, false)
#4 C:\xampp\htdocs\pemweb\projek-akhir\app\Models\BukuModel.php(44): CodeIgniter\Database\BaseBuilder->insert(Array)
#5 C:\xampp\htdocs\pemweb\projek-akhir\app\Controllers\Admin.php(30): App\Models\BukuModel->insertBuku(Array)
#6 C:\xampp\htdocs\pemweb\projek-akhir\vendor\codeigniter4\framework\system\CodeIgniter.php(936): App\Controllers\Admin->addDataProcess()
#7 C:\xampp\htdocs\pemweb\projek-akhir\vendor\codeigniter4\framework\system\CodeIgniter.php(432): CodeIgniter\CodeIgniter->runController(Object(App\Controllers\Admin))
#8 C:\xampp\htdocs\pemweb\projek-akhir\vendor\codeigniter4\framework\system\CodeIgniter.php(333): CodeIgniter\CodeIgniter->handleRequest(NULL, Object(Config\Cache), false)
#9 C:\xampp\htdocs\pemweb\projek-akhir\public\index.php(44): CodeIgniter\CodeIgniter->run()
#10 C:\xampp\htdocs\pemweb\projek-akhir\vendor\codeigniter4\framework\system\Commands\Server\rewrite.php(45): require_once('C:\\xampp\\htdocs...')
#11 {main}
ERROR - 2021-05-20 00:56:52 --> mysqli_sql_exception: Unknown column 'status' in 'field list' in C:\xampp\htdocs\pemweb\projek-akhir\vendor\codeigniter4\framework\system\Database\MySQLi\Connection.php:314
Stack trace:
#0 C:\xampp\htdocs\pemweb\projek-akhir\vendor\codeigniter4\framework\system\Database\MySQLi\Connection.php(314): mysqli->query('INSERT INTO `bu...')
#1 C:\xampp\htdocs\pemweb\projek-akhir\vendor\codeigniter4\framework\system\Database\BaseConnection.php(713): CodeIgniter\Database\MySQLi\Connection->execute('INSERT INTO `bu...')
#2 C:\xampp\htdocs\pemweb\projek-akhir\vendor\codeigniter4\framework\system\Database\BaseConnection.php(641): CodeIgniter\Database\BaseConnection->simpleQuery('INSERT INTO `bu...')
#3 C:\xampp\htdocs\pemweb\projek-akhir\vendor\codeigniter4\framework\system\Database\BaseBuilder.php(2263): CodeIgniter\Database\BaseConnection->query('INSERT INTO `bu...', Array, false)
#4 C:\xampp\htdocs\pemweb\projek-akhir\app\Models\BukuModel.php(44): CodeIgniter\Database\BaseBuilder->insert(Array)
#5 C:\xampp\htdocs\pemweb\projek-akhir\app\Controllers\Admin.php(30): App\Models\BukuModel->insertBuku(Array)
#6 C:\xampp\htdocs\pemweb\projek-akhir\vendor\codeigniter4\framework\system\CodeIgniter.php(936): App\Controllers\Admin->addDataProcess()
#7 C:\xampp\htdocs\pemweb\projek-akhir\vendor\codeigniter4\framework\system\CodeIgniter.php(432): CodeIgniter\CodeIgniter->runController(Object(App\Controllers\Admin))
#8 C:\xampp\htdocs\pemweb\projek-akhir\vendor\codeigniter4\framework\system\CodeIgniter.php(333): CodeIgniter\CodeIgniter->handleRequest(NULL, Object(Config\Cache), false)
#9 C:\xampp\htdocs\pemweb\projek-akhir\public\index.php(44): CodeIgniter\CodeIgniter->run()
#10 C:\xampp\htdocs\pemweb\projek-akhir\vendor\codeigniter4\framework\system\Commands\Server\rewrite.php(45): require_once('C:\\xampp\\htdocs...')
#11 {main}
CRITICAL - 2021-05-20 00:56:52 --> Unknown column 'status' in 'field list'
#0 C:\xampp\htdocs\pemweb\projek-akhir\vendor\codeigniter4\framework\system\Database\MySQLi\Connection.php(314): mysqli->query('INSERT INTO `bu...')
#1 C:\xampp\htdocs\pemweb\projek-akhir\vendor\codeigniter4\framework\system\Database\BaseConnection.php(713): CodeIgniter\Database\MySQLi\Connection->execute('INSERT INTO `bu...')
#2 C:\xampp\htdocs\pemweb\projek-akhir\vendor\codeigniter4\framework\system\Database\BaseConnection.php(641): CodeIgniter\Database\BaseConnection->simpleQuery('INSERT INTO `bu...')
#3 C:\xampp\htdocs\pemweb\projek-akhir\vendor\codeigniter4\framework\system\Database\BaseBuilder.php(2263): CodeIgniter\Database\BaseConnection->query('INSERT INTO `bu...', Array, false)
#4 C:\xampp\htdocs\pemweb\projek-akhir\app\Models\BukuModel.php(44): CodeIgniter\Database\BaseBuilder->insert(Array)
#5 C:\xampp\htdocs\pemweb\projek-akhir\app\Controllers\Admin.php(30): App\Models\BukuModel->insertBuku(Array)
#6 C:\xampp\htdocs\pemweb\projek-akhir\vendor\codeigniter4\framework\system\CodeIgniter.php(936): App\Controllers\Admin->addDataProcess()
#7 C:\xampp\htdocs\pemweb\projek-akhir\vendor\codeigniter4\framework\system\CodeIgniter.php(432): CodeIgniter\CodeIgniter->runController(Object(App\Controllers\Admin))
#8 C:\xampp\htdocs\pemweb\projek-akhir\vendor\codeigniter4\framework\system\CodeIgniter.php(333): CodeIgniter\CodeIgniter->handleRequest(NULL, Object(Config\Cache), false)
#9 C:\xampp\htdocs\pemweb\projek-akhir\public\index.php(44): CodeIgniter\CodeIgniter->run()
#10 C:\xampp\htdocs\pemweb\projek-akhir\vendor\codeigniter4\framework\system\Commands\Server\rewrite.php(45): require_once('C:\\xampp\\htdocs...')
#11 {main}
CRITICAL - 2021-05-20 00:57:14 --> Undefined array key "namaPenulis"
#0 C:\xampp\htdocs\pemweb\projek-akhir\app\Models\BukuModel.php(33): CodeIgniter\Debug\Exceptions->errorHandler(2, 'Undefined array...', 'C:\\xampp\\htdocs...', 33)
#1 C:\xampp\htdocs\pemweb\projek-akhir\app\Controllers\Admin.php(30): App\Models\BukuModel->insertBuku(Array)
#2 C:\xampp\htdocs\pemweb\projek-akhir\vendor\codeigniter4\framework\system\CodeIgniter.php(936): App\Controllers\Admin->addDataProcess()
#3 C:\xampp\htdocs\pemweb\projek-akhir\vendor\codeigniter4\framework\system\CodeIgniter.php(432): CodeIgniter\CodeIgniter->runController(Object(App\Controllers\Admin))
#4 C:\xampp\htdocs\pemweb\projek-akhir\vendor\codeigniter4\framework\system\CodeIgniter.php(333): CodeIgniter\CodeIgniter->handleRequest(NULL, Object(Config\Cache), false)
#5 C:\xampp\htdocs\pemweb\projek-akhir\public\index.php(44): CodeIgniter\CodeIgniter->run()
#6 C:\xampp\htdocs\pemweb\projek-akhir\vendor\codeigniter4\framework\system\Commands\Server\rewrite.php(45): require_once('C:\\xampp\\htdocs...')
#7 {main}
CRITICAL - 2021-05-20 00:58:28 --> Undefined array key "namaPenulis"
#0 C:\xampp\htdocs\pemweb\projek-akhir\app\Models\BukuModel.php(33): CodeIgniter\Debug\Exceptions->errorHandler(2, 'Undefined array...', 'C:\\xampp\\htdocs...', 33)
#1 C:\xampp\htdocs\pemweb\projek-akhir\app\Controllers\Admin.php(30): App\Models\BukuModel->insertBuku(Array)
#2 C:\xampp\htdocs\pemweb\projek-akhir\vendor\codeigniter4\framework\system\CodeIgniter.php(936): App\Controllers\Admin->addDataProcess()
#3 C:\xampp\htdocs\pemweb\projek-akhir\vendor\codeigniter4\framework\system\CodeIgniter.php(432): CodeIgniter\CodeIgniter->runController(Object(App\Controllers\Admin))
#4 C:\xampp\htdocs\pemweb\projek-akhir\vendor\codeigniter4\framework\system\CodeIgniter.php(333): CodeIgniter\CodeIgniter->handleRequest(NULL, Object(Config\Cache), false)
#5 C:\xampp\htdocs\pemweb\projek-akhir\public\index.php(44): CodeIgniter\CodeIgniter->run()
#6 C:\xampp\htdocs\pemweb\projek-akhir\vendor\codeigniter4\framework\system\Commands\Server\rewrite.php(45): require_once('C:\\xampp\\htdocs...')
#7 {main}
CRITICAL - 2021-05-20 00:59:20 --> Undefined array key "namaPenulis"
#0 C:\xampp\htdocs\pemweb\projek-akhir\app\Models\BukuModel.php(33): CodeIgniter\Debug\Exceptions->errorHandler(2, 'Undefined array...', 'C:\\xampp\\htdocs...', 33)
#1 C:\xampp\htdocs\pemweb\projek-akhir\app\Controllers\Admin.php(30): App\Models\BukuModel->insertBuku(Array)
#2 C:\xampp\htdocs\pemweb\projek-akhir\vendor\codeigniter4\framework\system\CodeIgniter.php(936): App\Controllers\Admin->addDataProcess()
#3 C:\xampp\htdocs\pemweb\projek-akhir\vendor\codeigniter4\framework\system\CodeIgniter.php(432): CodeIgniter\CodeIgniter->runController(Object(App\Controllers\Admin))
#4 C:\xampp\htdocs\pemweb\projek-akhir\vendor\codeigniter4\framework\system\CodeIgniter.php(333): CodeIgniter\CodeIgniter->handleRequest(NULL, Object(Config\Cache), false)
#5 C:\xampp\htdocs\pemweb\projek-akhir\public\index.php(44): CodeIgniter\CodeIgniter->run()
#6 C:\xampp\htdocs\pemweb\projek-akhir\vendor\codeigniter4\framework\system\Commands\Server\rewrite.php(45): require_once('C:\\xampp\\htdocs...')
#7 {main}
CRITICAL - 2021-05-20 00:59:21 --> Undefined array key "namaPenulis"
#0 C:\xampp\htdocs\pemweb\projek-akhir\app\Models\BukuModel.php(33): CodeIgniter\Debug\Exceptions->errorHandler(2, 'Undefined array...', 'C:\\xampp\\htdocs...', 33)
#1 C:\xampp\htdocs\pemweb\projek-akhir\app\Controllers\Admin.php(30): App\Models\BukuModel->insertBuku(Array)
#2 C:\xampp\htdocs\pemweb\projek-akhir\vendor\codeigniter4\framework\system\CodeIgniter.php(936): App\Controllers\Admin->addDataProcess()
#3 C:\xampp\htdocs\pemweb\projek-akhir\vendor\codeigniter4\framework\system\CodeIgniter.php(432): CodeIgniter\CodeIgniter->runController(Object(App\Controllers\Admin))
#4 C:\xampp\htdocs\pemweb\projek-akhir\vendor\codeigniter4\framework\system\CodeIgniter.php(333): CodeIgniter\CodeIgniter->handleRequest(NULL, Object(Config\Cache), false)
#5 C:\xampp\htdocs\pemweb\projek-akhir\public\index.php(44): CodeIgniter\CodeIgniter->run()
#6 C:\xampp\htdocs\pemweb\projek-akhir\vendor\codeigniter4\framework\system\Commands\Server\rewrite.php(45): require_once('C:\\xampp\\htdocs...')
#7 {main}
ERROR - 2021-05-20 01:00:24 --> mysqli_sql_exception: Duplicate entry '9789792257777' for key 'PRIMARY' in C:\xampp\htdocs\pemweb\projek-akhir\vendor\codeigniter4\framework\system\Database\MySQLi\Connection.php:314
Stack trace:
#0 C:\xampp\htdocs\pemweb\projek-akhir\vendor\codeigniter4\framework\system\Database\MySQLi\Connection.php(314): mysqli->query('INSERT INTO `bu...')
#1 C:\xampp\htdocs\pemweb\projek-akhir\vendor\codeigniter4\framework\system\Database\BaseConnection.php(713): CodeIgniter\Database\MySQLi\Connection->execute('INSERT INTO `bu...')
#2 C:\xampp\htdocs\pemweb\projek-akhir\vendor\codeigniter4\framework\system\Database\BaseConnection.php(641): CodeIgniter\Database\BaseConnection->simpleQuery('INSERT INTO `bu...')
#3 C:\xampp\htdocs\pemweb\projek-akhir\vendor\codeigniter4\framework\system\Database\BaseBuilder.php(2263): CodeIgniter\Database\BaseConnection->query('INSERT INTO `bu...', Array, false)
#4 C:\xampp\htdocs\pemweb\projek-akhir\app\Models\BukuModel.php(44): CodeIgniter\Database\BaseBuilder->insert(Array)
#5 C:\xampp\htdocs\pemweb\projek-akhir\app\Controllers\Admin.php(30): App\Models\BukuModel->insertBuku(Array)
#6 C:\xampp\htdocs\pemweb\projek-akhir\vendor\codeigniter4\framework\system\CodeIgniter.php(936): App\Controllers\Admin->addDataProcess()
#7 C:\xampp\htdocs\pemweb\projek-akhir\vendor\codeigniter4\framework\system\CodeIgniter.php(432): CodeIgniter\CodeIgniter->runController(Object(App\Controllers\Admin))
#8 C:\xampp\htdocs\pemweb\projek-akhir\vendor\codeigniter4\framework\system\CodeIgniter.php(333): CodeIgniter\CodeIgniter->handleRequest(NULL, Object(Config\Cache), false)
#9 C:\xampp\htdocs\pemweb\projek-akhir\public\index.php(44): CodeIgniter\CodeIgniter->run()
#10 C:\xampp\htdocs\pemweb\projek-akhir\vendor\codeigniter4\framework\system\Commands\Server\rewrite.php(45): require_once('C:\\xampp\\htdocs...')
#11 {main}
CRITICAL - 2021-05-20 01:00:24 --> Duplicate entry '9789792257777' for key 'PRIMARY'
#0 C:\xampp\htdocs\pemweb\projek-akhir\vendor\codeigniter4\framework\system\Database\MySQLi\Connection.php(314): mysqli->query('INSERT INTO `bu...')
#1 C:\xampp\htdocs\pemweb\projek-akhir\vendor\codeigniter4\framework\system\Database\BaseConnection.php(713): CodeIgniter\Database\MySQLi\Connection->execute('INSERT INTO `bu...')
#2 C:\xampp\htdocs\pemweb\projek-akhir\vendor\codeigniter4\framework\system\Database\BaseConnection.php(641): CodeIgniter\Database\BaseConnection->simpleQuery('INSERT INTO `bu...')
#3 C:\xampp\htdocs\pemweb\projek-akhir\vendor\codeigniter4\framework\system\Database\BaseBuilder.php(2263): CodeIgniter\Database\BaseConnection->query('INSERT INTO `bu...', Array, false)
#4 C:\xampp\htdocs\pemweb\projek-akhir\app\Models\BukuModel.php(44): CodeIgniter\Database\BaseBuilder->insert(Array)
#5 C:\xampp\htdocs\pemweb\projek-akhir\app\Controllers\Admin.php(30): App\Models\BukuModel->insertBuku(Array)
#6 C:\xampp\htdocs\pemweb\projek-akhir\vendor\codeigniter4\framework\system\CodeIgniter.php(936): App\Controllers\Admin->addDataProcess()
#7 C:\xampp\htdocs\pemweb\projek-akhir\vendor\codeigniter4\framework\system\CodeIgniter.php(432): CodeIgniter\CodeIgniter->runController(Object(App\Controllers\Admin))
#8 C:\xampp\htdocs\pemweb\projek-akhir\vendor\codeigniter4\framework\system\CodeIgniter.php(333): CodeIgniter\CodeIgniter->handleRequest(NULL, Object(Config\Cache), false)
#9 C:\xampp\htdocs\pemweb\projek-akhir\public\index.php(44): CodeIgniter\CodeIgniter->run()
#10 C:\xampp\htdocs\pemweb\projek-akhir\vendor\codeigniter4\framework\system\Commands\Server\rewrite.php(45): require_once('C:\\xampp\\htdocs...')
#11 {main}
CRITICAL - 2021-05-20 01:00:40 --> Undefined array key "namaPenulis"
#0 C:\xampp\htdocs\pemweb\projek-akhir\app\Models\BukuModel.php(33): CodeIgniter\Debug\Exceptions->errorHandler(2, 'Undefined array...', 'C:\\xampp\\htdocs...', 33)
#1 C:\xampp\htdocs\pemweb\projek-akhir\app\Controllers\Admin.php(30): App\Models\BukuModel->insertBuku(Array)
#2 C:\xampp\htdocs\pemweb\projek-akhir\vendor\codeigniter4\framework\system\CodeIgniter.php(936): App\Controllers\Admin->addDataProcess()
#3 C:\xampp\htdocs\pemweb\projek-akhir\vendor\codeigniter4\framework\system\CodeIgniter.php(432): CodeIgniter\CodeIgniter->runController(Object(App\Controllers\Admin))
#4 C:\xampp\htdocs\pemweb\projek-akhir\vendor\codeigniter4\framework\system\CodeIgniter.php(333): CodeIgniter\CodeIgniter->handleRequest(NULL, Object(Config\Cache), false)
#5 C:\xampp\htdocs\pemweb\projek-akhir\public\index.php(44): CodeIgniter\CodeIgniter->run()
#6 C:\xampp\htdocs\pemweb\projek-akhir\vendor\codeigniter4\framework\system\Commands\Server\rewrite.php(45): require_once('C:\\xampp\\htdocs...')
#7 {main}
CRITICAL - 2021-05-20 02:16:05 --> Undefined array key "namaPenulis"
#0 C:\xampp\htdocs\pemweb\projek-akhir\app\Models\BukuModel.php(33): CodeIgniter\Debug\Exceptions->errorHandler(2, 'Undefined array...', 'C:\\xampp\\htdocs...', 33)
#1 C:\xampp\htdocs\pemweb\projek-akhir\app\Controllers\Admin.php(30): App\Models\BukuModel->insertBuku(Array)
#2 C:\xampp\htdocs\pemweb\projek-akhir\vendor\codeigniter4\framework\system\CodeIgniter.php(936): App\Controllers\Admin->addDataProcess()
#3 C:\xampp\htdocs\pemweb\projek-akhir\vendor\codeigniter4\framework\system\CodeIgniter.php(432): CodeIgniter\CodeIgniter->runController(Object(App\Controllers\Admin))
#4 C:\xampp\htdocs\pemweb\projek-akhir\vendor\codeigniter4\framework\system\CodeIgniter.php(333): CodeIgniter\CodeIgniter->handleRequest(NULL, Object(Config\Cache), false)
#5 C:\xampp\htdocs\pemweb\projek-akhir\public\index.php(44): CodeIgniter\CodeIgniter->run()
#6 C:\xampp\htdocs\pemweb\projek-akhir\vendor\codeigniter4\framework\system\Commands\Server\rewrite.php(45): require_once('C:\\xampp\\htdocs...')
#7 {main}
CRITICAL - 2021-05-20 02:22:11 --> Undefined variable $data
#0 C:\xampp\htdocs\pemweb\projek-akhir\app\Views\buku\form.php(9): CodeIgniter\Debug\Exceptions->errorHandler(2, 'Undefined varia...', 'C:\\xampp\\htdocs...', 9)
#1 C:\xampp\htdocs\pemweb\projek-akhir\vendor\codeigniter4\framework\system\View\View.php(220): include('C:\\xampp\\htdocs...')
#2 C:\xampp\htdocs\pemweb\projek-akhir\vendor\codeigniter4\framework\system\View\View.php(222): CodeIgniter\View\View->CodeIgniter\View\{closure}()
#3 C:\xampp\htdocs\pemweb\projek-akhir\vendor\codeigniter4\framework\system\Common.php(1217): CodeIgniter\View\View->render('buku/form', Array, true)
#4 C:\xampp\htdocs\pemweb\projek-akhir\app\Controllers\Admin.php(17): view('buku/form', Array)
#5 C:\xampp\htdocs\pemweb\projek-akhir\vendor\codeigniter4\framework\system\CodeIgniter.php(936): App\Controllers\Admin->addData()
#6 C:\xampp\htdocs\pemweb\projek-akhir\vendor\codeigniter4\framework\system\CodeIgniter.php(432): CodeIgniter\CodeIgniter->runController(Object(App\Controllers\Admin))
#7 C:\xampp\htdocs\pemweb\projek-akhir\vendor\codeigniter4\framework\system\CodeIgniter.php(333): CodeIgniter\CodeIgniter->handleRequest(NULL, Object(Config\Cache), false)
#8 C:\xampp\htdocs\pemweb\projek-akhir\public\index.php(44): CodeIgniter\CodeIgniter->run()
#9 C:\xampp\htdocs\pemweb\projek-akhir\vendor\codeigniter4\framework\system\Commands\Server\rewrite.php(45): require_once('C:\\xampp\\htdocs...')
#10 {main}
