ERROR - 2021-05-23 04:45:14 --> mysqli_sql_exception: Duplicate entry '9789792257777' for key 'PRIMARY' in C:\xampp\htdocs\pemweb\projek-akhir\vendor\codeigniter4\framework\system\Database\MySQLi\Connection.php:314
Stack trace:
#0 C:\xampp\htdocs\pemweb\projek-akhir\vendor\codeigniter4\framework\system\Database\MySQLi\Connection.php(314): mysqli->query('INSERT INTO `bu...')
#1 C:\xampp\htdocs\pemweb\projek-akhir\vendor\codeigniter4\framework\system\Database\BaseConnection.php(713): CodeIgniter\Database\MySQLi\Connection->execute('INSERT INTO `bu...')
#2 C:\xampp\htdocs\pemweb\projek-akhir\vendor\codeigniter4\framework\system\Database\BaseConnection.php(641): CodeIgniter\Database\BaseConnection->simpleQuery('INSERT INTO `bu...')
#3 C:\xampp\htdocs\pemweb\projek-akhir\vendor\codeigniter4\framework\system\Database\BaseBuilder.php(2263): CodeIgniter\Database\BaseConnection->query('INSERT INTO `bu...', Array, false)
#4 C:\xampp\htdocs\pemweb\projek-akhir\app\Models\BukuModel.php(44): CodeIgniter\Database\BaseBuilder->insert(Array)
#5 C:\xampp\htdocs\pemweb\projek-akhir\app\Controllers\Admin.php(36): App\Models\BukuModel->insertBuku(Array)
#6 C:\xampp\htdocs\pemweb\projek-akhir\vendor\codeigniter4\framework\system\CodeIgniter.php(936): App\Controllers\Admin->addDataProcess()
#7 C:\xampp\htdocs\pemweb\projek-akhir\vendor\codeigniter4\framework\system\CodeIgniter.php(432): CodeIgniter\CodeIgniter->runController(Object(App\Controllers\Admin))
#8 C:\xampp\htdocs\pemweb\projek-akhir\vendor\codeigniter4\framework\system\CodeIgniter.php(333): CodeIgniter\CodeIgniter->handleRequest(NULL, Object(Config\Cache), false)
#9 C:\xampp\htdocs\pemweb\projek-akhir\public\index.php(44): CodeIgniter\CodeIgniter->run()
#10 C:\xampp\htdocs\pemweb\projek-akhir\vendor\codeigniter4\framework\system\Commands\Server\rewrite.php(45): require_once('C:\\xampp\\htdocs...')
#11 {main}
CRITICAL - 2021-05-23 04:45:14 --> Duplicate entry '9789792257777' for key 'PRIMARY'
#0 C:\xampp\htdocs\pemweb\projek-akhir\vendor\codeigniter4\framework\system\Database\MySQLi\Connection.php(314): mysqli->query('INSERT INTO `bu...')
#1 C:\xampp\htdocs\pemweb\projek-akhir\vendor\codeigniter4\framework\system\Database\BaseConnection.php(713): CodeIgniter\Database\MySQLi\Connection->execute('INSERT INTO `bu...')
#2 C:\xampp\htdocs\pemweb\projek-akhir\vendor\codeigniter4\framework\system\Database\BaseConnection.php(641): CodeIgniter\Database\BaseConnection->simpleQuery('INSERT INTO `bu...')
#3 C:\xampp\htdocs\pemweb\projek-akhir\vendor\codeigniter4\framework\system\Database\BaseBuilder.php(2263): CodeIgniter\Database\BaseConnection->query('INSERT INTO `bu...', Array, false)
#4 C:\xampp\htdocs\pemweb\projek-akhir\app\Models\BukuModel.php(44): CodeIgniter\Database\BaseBuilder->insert(Array)
#5 C:\xampp\htdocs\pemweb\projek-akhir\app\Controllers\Admin.php(36): App\Models\BukuModel->insertBuku(Array)
#6 C:\xampp\htdocs\pemweb\projek-akhir\vendor\codeigniter4\framework\system\CodeIgniter.php(936): App\Controllers\Admin->addDataProcess()
#7 C:\xampp\htdocs\pemweb\projek-akhir\vendor\codeigniter4\framework\system\CodeIgniter.php(432): CodeIgniter\CodeIgniter->runController(Object(App\Controllers\Admin))
#8 C:\xampp\htdocs\pemweb\projek-akhir\vendor\codeigniter4\framework\system\CodeIgniter.php(333): CodeIgniter\CodeIgniter->handleRequest(NULL, Object(Config\Cache), false)
#9 C:\xampp\htdocs\pemweb\projek-akhir\public\index.php(44): CodeIgniter\CodeIgniter->run()
#10 C:\xampp\htdocs\pemweb\projek-akhir\vendor\codeigniter4\framework\system\Commands\Server\rewrite.php(45): require_once('C:\\xampp\\htdocs...')
#11 {main}
